{"/Users/air/Projects/ora-system/src/ui/react-app/app/layout.tsx": {"path":"/Users/air/Projects/ora-system/src/ui/react-app/app/layout.tsx","statementMap":{"0":{"start":{"line":17,"column":24},"end":{"line":17,"column":35}},"1":{"start":{"line":12,"column":13},"end":{"line":12,"column":21}},"2":{"start":{"line":2,"column":22},"end":{"line":2,"column":null}},"3":{"start":{"line":3,"column":7},"end":{"line":3,"column":null}},"4":{"start":{"line":4,"column":17},"end":{"line":4,"column":null}},"5":{"start":{"line":5,"column":23},"end":{"line":5,"column":null}},"6":{"start":{"line":6,"column":53},"end":{"line":6,"column":null}},"7":{"start":{"line":7,"column":21},"end":{"line":7,"column":null}},"8":{"start":{"line":8,"column":30},"end":{"line":8,"column":null}},"9":{"start":{"line":10,"column":14},"end":{"line":10,"column":null}},"10":{"start":{"line":12,"column":34},"end":{"line":15,"column":null}}},"fnMap":{"0":{"name":"RootLayout","decl":{"start":{"line":17,"column":24},"end":{"line":17,"column":35}},"loc":{"start":{"line":21,"column":2},"end":{"line":55,"column":1}}}},"branchMap":{},"s":{"0":0,"1":0,"2":0,"3":0,"4":0,"5":0,"6":0,"7":0,"8":0,"9":0,"10":0},"f":{"0":0},"b":{}}
,"/Users/air/Projects/ora-system/src/ui/react-app/app/page.tsx": {"path":"/Users/air/Projects/ora-system/src/ui/react-app/app/page.tsx","statementMap":{"0":{"start":{"line":3,"column":24},"end":{"line":3,"column":null}},"1":{"start":{"line":1,"column":17},"end":{"line":1,"column":null}}},"fnMap":{"0":{"name":"HomePage","decl":{"start":{"line":3,"column":24},"end":{"line":3,"column":null}},"loc":{"start":{"line":3,"column":24},"end":{"line":12,"column":null}}}},"branchMap":{},"s":{"0":0,"1":0},"f":{"0":0},"b":{}}
,"/Users/air/Projects/ora-system/src/ui/react-app/app/api/chat/route.ts": {"path":"/Users/air/Projects/ora-system/src/ui/react-app/app/api/chat/route.ts","statementMap":{"0":{"start":{"line":73,"column":22},"end":{"line":73,"column":25}},"1":{"start":{"line":97,"column":22},"end":{"line":97,"column":26}},"2":{"start":{"line":1,"column":29},"end":{"line":1,"column":null}},"3":{"start":{"line":2,"column":15},"end":{"line":2,"column":null}},"4":{"start":{"line":3,"column":17},"end":{"line":3,"column":null}},"5":{"start":{"line":5,"column":31},"end":{"line":5,"column":null}},"6":{"start":{"line":15,"column":17},"end":{"line":15,"column":null}},"7":{"start":{"line":16,"column":20},"end":{"line":16,"column":null}},"8":{"start":{"line":19,"column":4},"end":{"line":33,"column":null}},"9":{"start":{"line":21,"column":12},"end":{"line":21,"column":null}},"10":{"start":{"line":23,"column":12},"end":{"line":23,"column":null}},"11":{"start":{"line":25,"column":12},"end":{"line":25,"column":null}},"12":{"start":{"line":30,"column":12},"end":{"line":30,"column":71}},"13":{"start":{"line":32,"column":12},"end":{"line":32,"column":null}},"14":{"start":{"line":38,"column":4},"end":{"line":41,"column":null}},"15":{"start":{"line":39,"column":26},"end":{"line":39,"column":null}},"16":{"start":{"line":40,"column":8},"end":{"line":40,"column":null}},"17":{"start":{"line":43,"column":36},"end":{"line":43,"column":38}},"18":{"start":{"line":44,"column":26},"end":{"line":44,"column":null}},"19":{"start":{"line":46,"column":4},"end":{"line":58,"column":null}},"20":{"start":{"line":47,"column":31},"end":{"line":47,"column":null}},"21":{"start":{"line":48,"column":29},"end":{"line":48,"column":null}},"22":{"start":{"line":49,"column":29},"end":{"line":49,"column":null}},"23":{"start":{"line":51,"column":8},"end":{"line":57,"column":null}},"24":{"start":{"line":52,"column":12},"end":{"line":56,"column":null}},"25":{"start":{"line":59,"column":4},"end":{"line":59,"column":null}},"26":{"start":{"line":63,"column":4},"end":{"line":67,"column":null}},"27":{"start":{"line":74,"column":29},"end":{"line":74,"column":null}},"28":{"start":{"line":75,"column":18},"end":{"line":75,"column":null}},"29":{"start":{"line":76,"column":19},"end":{"line":76,"column":null}},"30":{"start":{"line":78,"column":4},"end":{"line":80,"column":null}},"31":{"start":{"line":79,"column":8},"end":{"line":79,"column":null}},"32":{"start":{"line":82,"column":4},"end":{"line":93,"column":null}},"33":{"start":{"line":83,"column":25},"end":{"line":83,"column":null}},"34":{"start":{"line":84,"column":24},"end":{"line":84,"column":null}},"35":{"start":{"line":85,"column":25},"end":{"line":85,"column":null}},"36":{"start":{"line":86,"column":8},"end":{"line":86,"column":null}},"37":{"start":{"line":88,"column":8},"end":{"line":90,"column":null}},"38":{"start":{"line":89,"column":12},"end":{"line":89,"column":42}},"39":{"start":{"line":91,"column":8},"end":{"line":91,"column":null}},"40":{"start":{"line":92,"column":8},"end":{"line":92,"column":null}},"41":{"start":{"line":98,"column":39},"end":{"line":98,"column":null}},"42":{"start":{"line":100,"column":4},"end":{"line":102,"column":null}},"43":{"start":{"line":101,"column":8},"end":{"line":101,"column":null}},"44":{"start":{"line":104,"column":36},"end":{"line":107,"column":null}},"45":{"start":{"line":109,"column":4},"end":{"line":127,"column":null}},"46":{"start":{"line":110,"column":25},"end":{"line":110,"column":null}},"47":{"start":{"line":111,"column":30},"end":{"line":111,"column":null}},"48":{"start":{"line":113,"column":8},"end":{"line":121,"column":null}},"49":{"start":{"line":114,"column":12},"end":{"line":114,"column":null}},"50":{"start":{"line":118,"column":12},"end":{"line":118,"column":null}},"51":{"start":{"line":119,"column":12},"end":{"line":119,"column":null}},"52":{"start":{"line":123,"column":8},"end":{"line":123,"column":null}},"53":{"start":{"line":125,"column":8},"end":{"line":125,"column":null}},"54":{"start":{"line":126,"column":8},"end":{"line":126,"column":null}}},"fnMap":{"0":{"name":"getChatFilePath","decl":{"start":{"line":18,"column":9},"end":{"line":18,"column":25}},"loc":{"start":{"line":18,"column":70},"end":{"line":34,"column":null}}},"1":{"name":"parseChat","decl":{"start":{"line":37,"column":9},"end":{"line":37,"column":19}},"loc":{"start":{"line":37,"column":49},"end":{"line":60,"column":null}}},"2":{"name":"stringifyMessage","decl":{"start":{"line":62,"column":9},"end":{"line":62,"column":26}},"loc":{"start":{"line":62,"column":46},"end":{"line":68,"column":null}}},"3":{"name":"GET","decl":{"start":{"line":73,"column":22},"end":{"line":73,"column":25}},"loc":{"start":{"line":73,"column":42},"end":{"line":94,"column":null}}},"4":{"name":"POST","decl":{"start":{"line":97,"column":22},"end":{"line":97,"column":26}},"loc":{"start":{"line":97,"column":43},"end":{"line":128,"column":null}}}},"branchMap":{"0":{"loc":{"start":{"line":19,"column":4},"end":{"line":33,"column":null}},"type":"switch","locations":[{"start":{"line":20,"column":8},"end":{"line":21,"column":null}},{"start":{"line":22,"column":8},"end":{"line":23,"column":null}},{"start":{"line":24,"column":8},"end":{"line":25,"column":null}},{"start":{"line":26,"column":8},"end":{"line":30,"column":71}},{"start":{"line":31,"column":8},"end":{"line":32,"column":null}}]},"1":{"loc":{"start":{"line":38,"column":4},"end":{"line":41,"column":null}},"type":"if","locations":[{"start":{"line":38,"column":4},"end":{"line":41,"column":null}}]},"2":{"loc":{"start":{"line":40,"column":18},"end":{"line":40,"column":null}},"type":"cond-expr","locations":[{"start":{"line":40,"column":30},"end":{"line":40,"column":42}},{"start":{"line":40,"column":45},"end":{"line":40,"column":null}}]},"3":{"loc":{"start":{"line":51,"column":8},"end":{"line":57,"column":null}},"type":"if","locations":[{"start":{"line":51,"column":8},"end":{"line":57,"column":null}}]},"4":{"loc":{"start":{"line":51,"column":12},"end":{"line":51,"column":60}},"type":"binary-expr","locations":[{"start":{"line":51,"column":12},"end":{"line":51,"column":30}},{"start":{"line":51,"column":30},"end":{"line":51,"column":46}},{"start":{"line":51,"column":46},"end":{"line":51,"column":60}}]},"5":{"loc":{"start":{"line":78,"column":4},"end":{"line":80,"column":null}},"type":"if","locations":[{"start":{"line":78,"column":4},"end":{"line":80,"column":null}}]},"6":{"loc":{"start":{"line":88,"column":8},"end":{"line":90,"column":null}},"type":"if","locations":[{"start":{"line":88,"column":8},"end":{"line":90,"column":null}}]},"7":{"loc":{"start":{"line":88,"column":12},"end":{"line":88,"column":90}},"type":"binary-expr","locations":[{"start":{"line":88,"column":12},"end":{"line":88,"column":38}},{"start":{"line":88,"column":38},"end":{"line":88,"column":90}}]},"8":{"loc":{"start":{"line":100,"column":4},"end":{"line":102,"column":null}},"type":"if","locations":[{"start":{"line":100,"column":4},"end":{"line":102,"column":null}}]},"9":{"loc":{"start":{"line":100,"column":8},"end":{"line":100,"column":39}},"type":"binary-expr","locations":[{"start":{"line":100,"column":8},"end":{"line":100,"column":18}},{"start":{"line":100,"column":18},"end":{"line":100,"column":29}},{"start":{"line":100,"column":29},"end":{"line":100,"column":39}}]},"10":{"loc":{"start":{"line":113,"column":8},"end":{"line":121,"column":null}},"type":"if","locations":[{"start":{"line":113,"column":8},"end":{"line":121,"column":null}},{"start":{"line":115,"column":15},"end":{"line":121,"column":null}}]}},"s":{"0":0,"1":0,"2":0,"3":0,"4":0,"5":0,"6":0,"7":0,"8":0,"9":0,"10":0,"11":0,"12":0,"13":0,"14":0,"15":0,"16":0,"17":0,"18":0,"19":0,"20":0,"21":0,"22":0,"23":0,"24":0,"25":0,"26":0,"27":0,"28":0,"29":0,"30":0,"31":0,"32":0,"33":0,"34":0,"35":0,"36":0,"37":0,"38":0,"39":0,"40":0,"41":0,"42":0,"43":0,"44":0,"45":0,"46":0,"47":0,"48":0,"49":0,"50":0,"51":0,"52":0,"53":0,"54":0},"f":{"0":0,"1":0,"2":0,"3":0,"4":0},"b":{"0":[0,0,0,0,0],"1":[0],"2":[0,0],"3":[0],"4":[0,0,0],"5":[0],"6":[0],"7":[0,0],"8":[0],"9":[0,0,0],"10":[0,0]}}
,"/Users/air/Projects/ora-system/src/ui/react-app/app/api/complete-task/route.ts": {"path":"/Users/air/Projects/ora-system/src/ui/react-app/app/api/complete-task/route.ts","statementMap":{"0":{"start":{"line":35,"column":22},"end":{"line":35,"column":27}},"1":{"start":{"line":1,"column":29},"end":{"line":1,"column":null}},"2":{"start":{"line":2,"column":15},"end":{"line":2,"column":null}},"3":{"start":{"line":3,"column":17},"end":{"line":3,"column":null}},"4":{"start":{"line":4,"column":21},"end":{"line":4,"column":null}},"5":{"start":{"line":7,"column":4},"end":{"line":19,"column":null}},"6":{"start":{"line":8,"column":27},"end":{"line":8,"column":null}},"7":{"start":{"line":9,"column":24},"end":{"line":9,"column":46}},"8":{"start":{"line":11,"column":8},"end":{"line":18,"column":null}},"9":{"start":{"line":12,"column":12},"end":{"line":15,"column":null}},"10":{"start":{"line":13,"column":16},"end":{"line":13,"column":null}},"11":{"start":{"line":14,"column":16},"end":{"line":14,"column":null}},"12":{"start":{"line":16,"column":12},"end":{"line":16,"column":null}},"13":{"start":{"line":17,"column":12},"end":{"line":17,"column":null}},"14":{"start":{"line":23,"column":22},"end":{"line":23,"column":null}},"15":{"start":{"line":24,"column":30},"end":{"line":24,"column":null}},"16":{"start":{"line":26,"column":4},"end":{"line":30,"column":null}},"17":{"start":{"line":27,"column":8},"end":{"line":27,"column":null}},"18":{"start":{"line":29,"column":8},"end":{"line":29,"column":null}},"19":{"start":{"line":32,"column":4},"end":{"line":32,"column":null}},"20":{"start":{"line":36,"column":2},"end":{"line":95,"column":null}},"21":{"start":{"line":37,"column":40},"end":{"line":37,"column":null}},"22":{"start":{"line":39,"column":4},"end":{"line":41,"column":null}},"23":{"start":{"line":40,"column":6},"end":{"line":40,"column":null}},"24":{"start":{"line":43,"column":25},"end":{"line":43,"column":null}},"25":{"start":{"line":45,"column":22},"end":{"line":45,"column":null}},"26":{"start":{"line":47,"column":27},"end":{"line":47,"column":null}},"27":{"start":{"line":48,"column":4},"end":{"line":50,"column":null}},"28":{"start":{"line":49,"column":8},"end":{"line":49,"column":null}},"29":{"start":{"line":52,"column":4},"end":{"line":52,"column":null}},"30":{"start":{"line":54,"column":22},"end":{"line":54,"column":null}},"31":{"start":{"line":55,"column":21},"end":{"line":55,"column":87}},"32":{"start":{"line":57,"column":31},"end":{"line":57,"column":null}},"33":{"start":{"line":58,"column":27},"end":{"line":58,"column":null}},"34":{"start":{"line":60,"column":4},"end":{"line":70,"column":null}},"35":{"start":{"line":61,"column":30},"end":{"line":61,"column":null}},"36":{"start":{"line":62,"column":29},"end":{"line":62,"column":90}},"37":{"start":{"line":64,"column":21},"end":{"line":64,"column":null}},"38":{"start":{"line":65,"column":20},"end":{"line":65,"column":null}},"39":{"start":{"line":67,"column":6},"end":{"line":67,"column":null}},"40":{"start":{"line":69,"column":6},"end":{"line":69,"column":null}},"41":{"start":{"line":72,"column":4},"end":{"line":72,"column":null}},"42":{"start":{"line":74,"column":24},"end":{"line":81,"column":7}},"43":{"start":{"line":82,"column":4},"end":{"line":82,"column":null}},"44":{"start":{"line":85,"column":4},"end":{"line":88,"column":null}},"45":{"start":{"line":86,"column":8},"end":{"line":86,"column":null}},"46":{"start":{"line":90,"column":4},"end":{"line":90,"column":null}},"47":{"start":{"line":92,"column":4},"end":{"line":92,"column":null}},"48":{"start":{"line":93,"column":25},"end":{"line":93,"column":null}},"49":{"start":{"line":94,"column":4},"end":{"line":94,"column":null}},"50":{"start":{"line":99,"column":2},"end":{"line":99,"column":null}}},"fnMap":{"0":{"name":"runEmbeddingScript","decl":{"start":{"line":6,"column":9},"end":{"line":6,"column":null}},"loc":{"start":{"line":6,"column":9},"end":{"line":20,"column":null}}},"1":{"name":"(anonymous_3)","decl":{"start":{"line":7,"column":23},"end":{"line":7,"column":24}},"loc":{"start":{"line":7,"column":33},"end":{"line":19,"column":null}}},"2":{"name":"(anonymous_4)","decl":{"start":{"line":11,"column":22},"end":{"line":11,"column":23}},"loc":{"start":{"line":11,"column":38},"end":{"line":18,"column":null}}},"3":{"name":"appendToMemoryTrace","decl":{"start":{"line":22,"column":15},"end":{"line":22,"column":35}},"loc":{"start":{"line":22,"column":70},"end":{"line":33,"column":null}}},"4":{"name":"POST","decl":{"start":{"line":35,"column":22},"end":{"line":35,"column":27}},"loc":{"start":{"line":35,"column":43},"end":{"line":96,"column":null}}},"5":{"name":"(anonymous_7)","decl":{"start":{"line":85,"column":31},"end":{"line":85,"column":null}},"loc":{"start":{"line":85,"column":31},"end":{"line":88,"column":null}}},"6":{"name":"escapeRegExp","decl":{"start":{"line":98,"column":9},"end":{"line":98,"column":22}},"loc":{"start":{"line":98,"column":36},"end":{"line":100,"column":null}}}},"branchMap":{"0":{"loc":{"start":{"line":12,"column":12},"end":{"line":15,"column":null}},"type":"if","locations":[{"start":{"line":12,"column":12},"end":{"line":15,"column":null}}]},"1":{"loc":{"start":{"line":26,"column":4},"end":{"line":30,"column":null}},"type":"if","locations":[{"start":{"line":26,"column":4},"end":{"line":30,"column":null}},{"start":{"line":28,"column":11},"end":{"line":30,"column":null}}]},"2":{"loc":{"start":{"line":39,"column":4},"end":{"line":41,"column":null}},"type":"if","locations":[{"start":{"line":39,"column":4},"end":{"line":41,"column":null}}]},"3":{"loc":{"start":{"line":39,"column":8},"end":{"line":39,"column":37}},"type":"binary-expr","locations":[{"start":{"line":39,"column":8},"end":{"line":39,"column":19}},{"start":{"line":39,"column":19},"end":{"line":39,"column":37}}]},"4":{"loc":{"start":{"line":48,"column":4},"end":{"line":50,"column":null}},"type":"if","locations":[{"start":{"line":48,"column":4},"end":{"line":50,"column":null}}]},"5":{"loc":{"start":{"line":60,"column":4},"end":{"line":70,"column":null}},"type":"if","locations":[{"start":{"line":60,"column":4},"end":{"line":70,"column":null}},{"start":{"line":68,"column":11},"end":{"line":70,"column":null}}]},"6":{"loc":{"start":{"line":62,"column":29},"end":{"line":62,"column":90}},"type":"cond-expr","locations":[{"start":{"line":62,"column":54},"end":{"line":62,"column":72}},{"start":{"line":62,"column":72},"end":{"line":62,"column":90}}]},"7":{"loc":{"start":{"line":93,"column":25},"end":{"line":93,"column":null}},"type":"cond-expr","locations":[{"start":{"line":93,"column":50},"end":{"line":93,"column":63}},{"start":{"line":93,"column":66},"end":{"line":93,"column":null}}]}},"s":{"0":0,"1":0,"2":0,"3":0,"4":0,"5":0,"6":0,"7":0,"8":0,"9":0,"10":0,"11":0,"12":0,"13":0,"14":0,"15":0,"16":0,"17":0,"18":0,"19":0,"20":0,"21":0,"22":0,"23":0,"24":0,"25":0,"26":0,"27":0,"28":0,"29":0,"30":0,"31":0,"32":0,"33":0,"34":0,"35":0,"36":0,"37":0,"38":0,"39":0,"40":0,"41":0,"42":0,"43":0,"44":0,"45":0,"46":0,"47":0,"48":0,"49":0,"50":0},"f":{"0":0,"1":0,"2":0,"3":0,"4":0,"5":0,"6":0},"b":{"0":[0],"1":[0,0],"2":[0],"3":[0,0],"4":[0],"5":[0,0],"6":[0,0],"7":[0,0]}}
,"/Users/air/Projects/ora-system/src/ui/react-app/app/api/contextual-chat/route.ts": {"path":"/Users/air/Projects/ora-system/src/ui/react-app/app/api/contextual-chat/route.ts","statementMap":{"0":{"start":{"line":97,"column":22},"end":{"line":97,"column":25}},"1":{"start":{"line":136,"column":22},"end":{"line":136,"column":26}},"2":{"start":{"line":1,"column":29},"end":{"line":1,"column":null}},"3":{"start":{"line":2,"column":15},"end":{"line":2,"column":null}},"4":{"start":{"line":3,"column":17},"end":{"line":3,"column":null}},"5":{"start":{"line":5,"column":31},"end":{"line":5,"column":null}},"6":{"start":{"line":7,"column":35},"end":{"line":7,"column":null}},"7":{"start":{"line":17,"column":17},"end":{"line":17,"column":null}},"8":{"start":{"line":18,"column":20},"end":{"line":18,"column":null}},"9":{"start":{"line":21,"column":4},"end":{"line":24,"column":null}},"10":{"start":{"line":23,"column":8},"end":{"line":23,"column":null}},"11":{"start":{"line":27,"column":4},"end":{"line":27,"column":null}},"12":{"start":{"line":31,"column":4},"end":{"line":40,"column":null}},"13":{"start":{"line":33,"column":12},"end":{"line":33,"column":null}},"14":{"start":{"line":35,"column":12},"end":{"line":35,"column":null}},"15":{"start":{"line":37,"column":12},"end":{"line":37,"column":null}},"16":{"start":{"line":39,"column":12},"end":{"line":39,"column":null}},"17":{"start":{"line":45,"column":22},"end":{"line":45,"column":null}},"18":{"start":{"line":47,"column":4},"end":{"line":50,"column":null}},"19":{"start":{"line":48,"column":26},"end":{"line":48,"column":null}},"20":{"start":{"line":49,"column":8},"end":{"line":49,"column":null}},"21":{"start":{"line":52,"column":36},"end":{"line":52,"column":38}},"22":{"start":{"line":53,"column":26},"end":{"line":53,"column":null}},"23":{"start":{"line":55,"column":4},"end":{"line":83,"column":null}},"24":{"start":{"line":56,"column":22},"end":{"line":56,"column":null}},"25":{"start":{"line":57,"column":24},"end":{"line":57,"column":null}},"26":{"start":{"line":58,"column":22},"end":{"line":58,"column":null}},"27":{"start":{"line":59,"column":22},"end":{"line":59,"column":null}},"28":{"start":{"line":60,"column":29},"end":{"line":60,"column":null}},"29":{"start":{"line":62,"column":8},"end":{"line":74,"column":null}},"30":{"start":{"line":63,"column":32},"end":{"line":63,"column":null}},"31":{"start":{"line":64,"column":12},"end":{"line":73,"column":null}},"32":{"start":{"line":65,"column":16},"end":{"line":65,"column":null}},"33":{"start":{"line":66,"column":19},"end":{"line":73,"column":null}},"34":{"start":{"line":67,"column":16},"end":{"line":67,"column":null}},"35":{"start":{"line":68,"column":19},"end":{"line":73,"column":null}},"36":{"start":{"line":69,"column":16},"end":{"line":69,"column":null}},"37":{"start":{"line":70,"column":16},"end":{"line":70,"column":null}},"38":{"start":{"line":71,"column":19},"end":{"line":73,"column":null}},"39":{"start":{"line":72,"column":16},"end":{"line":72,"column":40}},"40":{"start":{"line":76,"column":8},"end":{"line":82,"column":null}},"41":{"start":{"line":77,"column":12},"end":{"line":81,"column":null}},"42":{"start":{"line":84,"column":4},"end":{"line":84,"column":null}},"43":{"start":{"line":88,"column":4},"end":{"line":92,"column":null}},"44":{"start":{"line":98,"column":29},"end":{"line":98,"column":null}},"45":{"start":{"line":99,"column":24},"end":{"line":99,"column":null}},"46":{"start":{"line":100,"column":22},"end":{"line":100,"column":null}},"47":{"start":{"line":101,"column":21},"end":{"line":101,"column":null}},"48":{"start":{"line":103,"column":4},"end":{"line":105,"column":null}},"49":{"start":{"line":104,"column":8},"end":{"line":104,"column":null}},"50":{"start":{"line":107,"column":4},"end":{"line":133,"column":null}},"51":{"start":{"line":109,"column":30},"end":{"line":109,"column":null}},"52":{"start":{"line":111,"column":8},"end":{"line":118,"column":null}},"53":{"start":{"line":113,"column":12},"end":{"line":113,"column":null}},"54":{"start":{"line":114,"column":12},"end":{"line":114,"column":null}},"55":{"start":{"line":117,"column":12},"end":{"line":117,"column":null}},"56":{"start":{"line":120,"column":8},"end":{"line":129,"column":null}},"57":{"start":{"line":121,"column":28},"end":{"line":121,"column":null}},"58":{"start":{"line":122,"column":29},"end":{"line":122,"column":null}},"59":{"start":{"line":123,"column":12},"end":{"line":123,"column":null}},"60":{"start":{"line":125,"column":12},"end":{"line":127,"column":null}},"61":{"start":{"line":126,"column":16},"end":{"line":126,"column":46}},"62":{"start":{"line":128,"column":12},"end":{"line":128,"column":null}},"63":{"start":{"line":131,"column":8},"end":{"line":131,"column":null}},"64":{"start":{"line":132,"column":8},"end":{"line":132,"column":null}},"65":{"start":{"line":137,"column":58},"end":{"line":137,"column":null}},"66":{"start":{"line":139,"column":4},"end":{"line":141,"column":null}},"67":{"start":{"line":140,"column":8},"end":{"line":140,"column":null}},"68":{"start":{"line":143,"column":36},"end":{"line":146,"column":null}},"69":{"start":{"line":148,"column":4},"end":{"line":195,"column":null}},"70":{"start":{"line":149,"column":30},"end":{"line":149,"column":null}},"71":{"start":{"line":151,"column":8},"end":{"line":173,"column":null}},"72":{"start":{"line":153,"column":33},"end":{"line":153,"column":null}},"73":{"start":{"line":154,"column":12},"end":{"line":165,"column":null}},"74":{"start":{"line":155,"column":16},"end":{"line":155,"column":null}},"75":{"start":{"line":157,"column":16},"end":{"line":164,"column":null}},"76":{"start":{"line":159,"column":36},"end":{"line":159,"column":null}},"77":{"start":{"line":160,"column":43},"end":{"line":160,"column":null}},"78":{"start":{"line":161,"column":20},"end":{"line":161,"column":null}},"79":{"start":{"line":163,"column":20},"end":{"line":163,"column":null}},"80":{"start":{"line":168,"column":33},"end":{"line":168,"column":null}},"81":{"start":{"line":169,"column":12},"end":{"line":169,"column":null}},"82":{"start":{"line":172,"column":12},"end":{"line":172,"column":null}},"83":{"start":{"line":176,"column":8},"end":{"line":187,"column":null}},"84":{"start":{"line":177,"column":12},"end":{"line":182,"column":null}},"85":{"start":{"line":185,"column":12},"end":{"line":185,"column":null}},"86":{"start":{"line":189,"column":8},"end":{"line":189,"column":null}},"87":{"start":{"line":191,"column":8},"end":{"line":191,"column":null}},"88":{"start":{"line":192,"column":8},"end":{"line":194,"column":null}}},"fnMap":{"0":{"name":"getChatFilePath","decl":{"start":{"line":20,"column":9},"end":{"line":20,"column":25}},"loc":{"start":{"line":20,"column":82},"end":{"line":28,"column":null}}},"1":{"name":"getContextFilePath","decl":{"start":{"line":30,"column":9},"end":{"line":30,"column":28}},"loc":{"start":{"line":30,"column":66},"end":{"line":41,"column":null}}},"2":{"name":"parseChat","decl":{"start":{"line":44,"column":9},"end":{"line":44,"column":19}},"loc":{"start":{"line":44,"column":68},"end":{"line":85,"column":null}}},"3":{"name":"stringifyMessage","decl":{"start":{"line":87,"column":9},"end":{"line":87,"column":26}},"loc":{"start":{"line":87,"column":46},"end":{"line":93,"column":null}}},"4":{"name":"GET","decl":{"start":{"line":97,"column":22},"end":{"line":97,"column":25}},"loc":{"start":{"line":97,"column":42},"end":{"line":134,"column":null}}},"5":{"name":"POST","decl":{"start":{"line":136,"column":22},"end":{"line":136,"column":26}},"loc":{"start":{"line":136,"column":43},"end":{"line":196,"column":null}}}},"branchMap":{"0":{"loc":{"start":{"line":21,"column":4},"end":{"line":24,"column":null}},"type":"if","locations":[{"start":{"line":21,"column":4},"end":{"line":24,"column":null}}]},"1":{"loc":{"start":{"line":31,"column":4},"end":{"line":40,"column":null}},"type":"switch","locations":[{"start":{"line":32,"column":8},"end":{"line":33,"column":null}},{"start":{"line":34,"column":8},"end":{"line":35,"column":null}},{"start":{"line":36,"column":8},"end":{"line":37,"column":null}},{"start":{"line":38,"column":8},"end":{"line":39,"column":null}}]},"2":{"loc":{"start":{"line":44,"column":36},"end":{"line":44,"column":68}},"type":"default-arg","locations":[{"start":{"line":44,"column":63},"end":{"line":44,"column":68}}]},"3":{"loc":{"start":{"line":47,"column":4},"end":{"line":50,"column":null}},"type":"if","locations":[{"start":{"line":47,"column":4},"end":{"line":50,"column":null}}]},"4":{"loc":{"start":{"line":49,"column":22},"end":{"line":49,"column":null}},"type":"cond-expr","locations":[{"start":{"line":49,"column":34},"end":{"line":49,"column":46}},{"start":{"line":49,"column":49},"end":{"line":49,"column":null}}]},"5":{"loc":{"start":{"line":64,"column":12},"end":{"line":73,"column":null}},"type":"if","locations":[{"start":{"line":64,"column":12},"end":{"line":73,"column":null}},{"start":{"line":66,"column":19},"end":{"line":73,"column":null}}]},"6":{"loc":{"start":{"line":64,"column":16},"end":{"line":64,"column":106}},"type":"binary-expr","locations":[{"start":{"line":64,"column":16},"end":{"line":64,"column":30}},{"start":{"line":64,"column":30},"end":{"line":64,"column":69}},{"start":{"line":64,"column":69},"end":{"line":64,"column":106}}]},"7":{"loc":{"start":{"line":66,"column":19},"end":{"line":73,"column":null}},"type":"if","locations":[{"start":{"line":66,"column":19},"end":{"line":73,"column":null}},{"start":{"line":68,"column":19},"end":{"line":73,"column":null}}]},"8":{"loc":{"start":{"line":68,"column":19},"end":{"line":73,"column":null}},"type":"if","locations":[{"start":{"line":68,"column":19},"end":{"line":73,"column":null}},{"start":{"line":71,"column":19},"end":{"line":73,"column":null}}]},"9":{"loc":{"start":{"line":71,"column":19},"end":{"line":73,"column":null}},"type":"if","locations":[{"start":{"line":71,"column":19},"end":{"line":73,"column":null}}]},"10":{"loc":{"start":{"line":71,"column":23},"end":{"line":71,"column":54}},"type":"binary-expr","locations":[{"start":{"line":71,"column":23},"end":{"line":71,"column":41}},{"start":{"line":71,"column":41},"end":{"line":71,"column":54}}]},"11":{"loc":{"start":{"line":76,"column":8},"end":{"line":82,"column":null}},"type":"if","locations":[{"start":{"line":76,"column":8},"end":{"line":82,"column":null}}]},"12":{"loc":{"start":{"line":76,"column":12},"end":{"line":76,"column":79}},"type":"binary-expr","locations":[{"start":{"line":76,"column":12},"end":{"line":76,"column":25}},{"start":{"line":76,"column":25},"end":{"line":76,"column":37}},{"start":{"line":76,"column":37},"end":{"line":76,"column":59}},{"start":{"line":76,"column":59},"end":{"line":76,"column":75}}]},"13":{"loc":{"start":{"line":101,"column":21},"end":{"line":101,"column":null}},"type":"binary-expr","locations":[{"start":{"line":101,"column":21},"end":{"line":101,"column":53}},{"start":{"line":101,"column":53},"end":{"line":101,"column":null}}]},"14":{"loc":{"start":{"line":103,"column":4},"end":{"line":105,"column":null}},"type":"if","locations":[{"start":{"line":103,"column":4},"end":{"line":105,"column":null}}]},"15":{"loc":{"start":{"line":103,"column":8},"end":{"line":103,"column":36}},"type":"binary-expr","locations":[{"start":{"line":103,"column":8},"end":{"line":103,"column":24}},{"start":{"line":103,"column":24},"end":{"line":103,"column":36}}]},"16":{"loc":{"start":{"line":111,"column":8},"end":{"line":118,"column":null}},"type":"if","locations":[{"start":{"line":111,"column":8},"end":{"line":118,"column":null}},{"start":{"line":115,"column":15},"end":{"line":118,"column":null}}]},"17":{"loc":{"start":{"line":125,"column":12},"end":{"line":127,"column":null}},"type":"if","locations":[{"start":{"line":125,"column":12},"end":{"line":127,"column":null}}]},"18":{"loc":{"start":{"line":125,"column":16},"end":{"line":125,"column":94}},"type":"binary-expr","locations":[{"start":{"line":125,"column":16},"end":{"line":125,"column":42}},{"start":{"line":125,"column":42},"end":{"line":125,"column":94}}]},"19":{"loc":{"start":{"line":139,"column":4},"end":{"line":141,"column":null}},"type":"if","locations":[{"start":{"line":139,"column":4},"end":{"line":141,"column":null}}]},"20":{"loc":{"start":{"line":139,"column":8},"end":{"line":139,"column":48}},"type":"binary-expr","locations":[{"start":{"line":139,"column":8},"end":{"line":139,"column":24}},{"start":{"line":139,"column":24},"end":{"line":139,"column":38}},{"start":{"line":139,"column":38},"end":{"line":139,"column":48}}]},"21":{"loc":{"start":{"line":151,"column":8},"end":{"line":173,"column":null}},"type":"if","locations":[{"start":{"line":151,"column":8},"end":{"line":173,"column":null}},{"start":{"line":166,"column":15},"end":{"line":173,"column":null}}]},"22":{"loc":{"start":{"line":157,"column":16},"end":{"line":164,"column":null}},"type":"if","locations":[{"start":{"line":157,"column":16},"end":{"line":164,"column":null}},{"start":{"line":162,"column":23},"end":{"line":164,"column":null}}]},"23":{"loc":{"start":{"line":157,"column":20},"end":{"line":157,"column":104}},"type":"binary-expr","locations":[{"start":{"line":157,"column":20},"end":{"line":157,"column":46}},{"start":{"line":157,"column":46},"end":{"line":157,"column":104}}]},"24":{"loc":{"start":{"line":193,"column":77},"end":{"line":193,"column":134}},"type":"cond-expr","locations":[{"start":{"line":193,"column":102},"end":{"line":193,"column":115}},{"start":{"line":193,"column":118},"end":{"line":193,"column":134}}]}},"s":{"0":0,"1":0,"2":0,"3":0,"4":0,"5":0,"6":0,"7":0,"8":0,"9":0,"10":0,"11":0,"12":0,"13":0,"14":0,"15":0,"16":0,"17":0,"18":0,"19":0,"20":0,"21":0,"22":0,"23":0,"24":0,"25":0,"26":0,"27":0,"28":0,"29":0,"30":0,"31":0,"32":0,"33":0,"34":0,"35":0,"36":0,"37":0,"38":0,"39":0,"40":0,"41":0,"42":0,"43":0,"44":0,"45":0,"46":0,"47":0,"48":0,"49":0,"50":0,"51":0,"52":0,"53":0,"54":0,"55":0,"56":0,"57":0,"58":0,"59":0,"60":0,"61":0,"62":0,"63":0,"64":0,"65":0,"66":0,"67":0,"68":0,"69":0,"70":0,"71":0,"72":0,"73":0,"74":0,"75":0,"76":0,"77":0,"78":0,"79":0,"80":0,"81":0,"82":0,"83":0,"84":0,"85":0,"86":0,"87":0,"88":0},"f":{"0":0,"1":0,"2":0,"3":0,"4":0,"5":0},"b":{"0":[0],"1":[0,0,0,0],"2":[0],"3":[0],"4":[0,0],"5":[0,0],"6":[0,0,0],"7":[0,0],"8":[0,0],"9":[0],"10":[0,0],"11":[0],"12":[0,0,0,0],"13":[0,0],"14":[0],"15":[0,0],"16":[0,0],"17":[0],"18":[0,0],"19":[0],"20":[0,0,0],"21":[0,0],"22":[0,0],"23":[0,0],"24":[0,0]}}
,"/Users/air/Projects/ora-system/src/ui/react-app/app/api/contextual-chat/add-section/route.ts": {"path":"/Users/air/Projects/ora-system/src/ui/react-app/app/api/contextual-chat/add-section/route.ts","statementMap":{"0":{"start":{"line":10,"column":22},"end":{"line":10,"column":27}},"1":{"start":{"line":1,"column":29},"end":{"line":1,"column":null}},"2":{"start":{"line":2,"column":15},"end":{"line":2,"column":null}},"3":{"start":{"line":3,"column":17},"end":{"line":3,"column":null}},"4":{"start":{"line":4,"column":31},"end":{"line":4,"column":null}},"5":{"start":{"line":7,"column":17},"end":{"line":7,"column":null}},"6":{"start":{"line":11,"column":49},"end":{"line":11,"column":null}},"7":{"start":{"line":13,"column":4},"end":{"line":15,"column":null}},"8":{"start":{"line":14,"column":8},"end":{"line":14,"column":null}},"9":{"start":{"line":17,"column":4},"end":{"line":67,"column":null}},"10":{"start":{"line":18,"column":8},"end":{"line":20,"column":null}},"11":{"start":{"line":19,"column":12},"end":{"line":19,"column":null}},"12":{"start":{"line":22,"column":29},"end":{"line":22,"column":null}},"13":{"start":{"line":25,"column":8},"end":{"line":29,"column":null}},"14":{"start":{"line":26,"column":12},"end":{"line":26,"column":null}},"15":{"start":{"line":28,"column":12},"end":{"line":28,"column":null}},"16":{"start":{"line":32,"column":24},"end":{"line":32,"column":null}},"17":{"start":{"line":35,"column":8},"end":{"line":37,"column":null}},"18":{"start":{"line":36,"column":12},"end":{"line":36,"column":null}},"19":{"start":{"line":40,"column":31},"end":{"line":40,"column":null}},"20":{"start":{"line":41,"column":8},"end":{"line":41,"column":null}},"21":{"start":{"line":44,"column":8},"end":{"line":55,"column":null}},"22":{"start":{"line":45,"column":12},"end":{"line":51,"column":null}},"23":{"start":{"line":54,"column":12},"end":{"line":54,"column":null}},"24":{"start":{"line":57,"column":8},"end":{"line":60,"column":null}},"25":{"start":{"line":63,"column":8},"end":{"line":63,"column":null}},"26":{"start":{"line":64,"column":8},"end":{"line":66,"column":null}}},"fnMap":{"0":{"name":"POST","decl":{"start":{"line":10,"column":22},"end":{"line":10,"column":27}},"loc":{"start":{"line":10,"column":43},"end":{"line":68,"column":null}}}},"branchMap":{"0":{"loc":{"start":{"line":13,"column":4},"end":{"line":15,"column":null}},"type":"if","locations":[{"start":{"line":13,"column":4},"end":{"line":15,"column":null}}]},"1":{"loc":{"start":{"line":13,"column":8},"end":{"line":13,"column":36}},"type":"binary-expr","locations":[{"start":{"line":13,"column":8},"end":{"line":13,"column":24}},{"start":{"line":13,"column":24},"end":{"line":13,"column":36}}]},"2":{"loc":{"start":{"line":18,"column":8},"end":{"line":20,"column":null}},"type":"if","locations":[{"start":{"line":18,"column":8},"end":{"line":20,"column":null}}]},"3":{"loc":{"start":{"line":35,"column":8},"end":{"line":37,"column":null}},"type":"if","locations":[{"start":{"line":35,"column":8},"end":{"line":37,"column":null}}]},"4":{"loc":{"start":{"line":65,"column":52},"end":{"line":65,"column":109}},"type":"cond-expr","locations":[{"start":{"line":65,"column":77},"end":{"line":65,"column":90}},{"start":{"line":65,"column":93},"end":{"line":65,"column":109}}]}},"s":{"0":0,"1":0,"2":0,"3":0,"4":0,"5":0,"6":0,"7":0,"8":0,"9":0,"10":0,"11":0,"12":0,"13":0,"14":0,"15":0,"16":0,"17":0,"18":0,"19":0,"20":0,"21":0,"22":0,"23":0,"24":0,"25":0,"26":0},"f":{"0":0},"b":{"0":[0],"1":[0,0],"2":[0],"3":[0],"4":[0,0]}}
,"/Users/air/Projects/ora-system/src/ui/react-app/app/api/contextual-chat/log/route.ts": {"path":"/Users/air/Projects/ora-system/src/ui/react-app/app/api/contextual-chat/log/route.ts","statementMap":{"0":{"start":{"line":44,"column":22},"end":{"line":44,"column":27}},"1":{"start":{"line":1,"column":29},"end":{"line":1,"column":null}},"2":{"start":{"line":2,"column":15},"end":{"line":2,"column":null}},"3":{"start":{"line":3,"column":17},"end":{"line":3,"column":null}},"4":{"start":{"line":4,"column":31},"end":{"line":4,"column":null}},"5":{"start":{"line":5,"column":46},"end":{"line":5,"column":null}},"6":{"start":{"line":8,"column":17},"end":{"line":8,"column":null}},"7":{"start":{"line":9,"column":20},"end":{"line":9,"column":null}},"8":{"start":{"line":12,"column":4},"end":{"line":14,"column":null}},"9":{"start":{"line":13,"column":8},"end":{"line":13,"column":null}},"10":{"start":{"line":16,"column":4},"end":{"line":25,"column":null}},"11":{"start":{"line":18,"column":12},"end":{"line":18,"column":null}},"12":{"start":{"line":20,"column":12},"end":{"line":20,"column":null}},"13":{"start":{"line":22,"column":12},"end":{"line":22,"column":null}},"14":{"start":{"line":24,"column":12},"end":{"line":24,"column":null}},"15":{"start":{"line":29,"column":22},"end":{"line":29,"column":null}},"16":{"start":{"line":30,"column":17},"end":{"line":30,"column":40}},"17":{"start":{"line":32,"column":4},"end":{"line":40,"column":null}},"18":{"start":{"line":33,"column":8},"end":{"line":35,"column":null}},"19":{"start":{"line":37,"column":8},"end":{"line":39,"column":null}},"20":{"start":{"line":45,"column":67},"end":{"line":45,"column":null}},"21":{"start":{"line":47,"column":4},"end":{"line":49,"column":null}},"22":{"start":{"line":48,"column":8},"end":{"line":48,"column":null}},"23":{"start":{"line":51,"column":4},"end":{"line":53,"column":null}},"24":{"start":{"line":52,"column":8},"end":{"line":52,"column":null}},"25":{"start":{"line":55,"column":4},"end":{"line":96,"column":null}},"26":{"start":{"line":56,"column":31},"end":{"line":56,"column":null}},"27":{"start":{"line":57,"column":30},"end":{"line":57,"column":null}},"28":{"start":{"line":58,"column":25},"end":{"line":58,"column":null}},"29":{"start":{"line":60,"column":8},"end":{"line":71,"column":null}},"30":{"start":{"line":61,"column":12},"end":{"line":61,"column":null}},"31":{"start":{"line":63,"column":12},"end":{"line":70,"column":null}},"32":{"start":{"line":65,"column":32},"end":{"line":65,"column":null}},"33":{"start":{"line":66,"column":39},"end":{"line":66,"column":null}},"34":{"start":{"line":67,"column":16},"end":{"line":67,"column":null}},"35":{"start":{"line":69,"column":16},"end":{"line":69,"column":null}},"36":{"start":{"line":74,"column":8},"end":{"line":85,"column":null}},"37":{"start":{"line":75,"column":12},"end":{"line":80,"column":null}},"38":{"start":{"line":83,"column":12},"end":{"line":83,"column":null}},"39":{"start":{"line":87,"column":8},"end":{"line":90,"column":null}},"40":{"start":{"line":92,"column":8},"end":{"line":92,"column":null}},"41":{"start":{"line":93,"column":8},"end":{"line":95,"column":null}}},"fnMap":{"0":{"name":"getContextFilePath","decl":{"start":{"line":11,"column":9},"end":{"line":11,"column":28}},"loc":{"start":{"line":11,"column":85},"end":{"line":26,"column":null}}},"1":{"name":"formatLogEntry","decl":{"start":{"line":28,"column":9},"end":{"line":28,"column":24}},"loc":{"start":{"line":28,"column":72},"end":{"line":41,"column":null}}},"2":{"name":"POST","decl":{"start":{"line":44,"column":22},"end":{"line":44,"column":27}},"loc":{"start":{"line":44,"column":43},"end":{"line":97,"column":null}}}},"branchMap":{"0":{"loc":{"start":{"line":12,"column":4},"end":{"line":14,"column":null}},"type":"if","locations":[{"start":{"line":12,"column":4},"end":{"line":14,"column":null}}]},"1":{"loc":{"start":{"line":16,"column":4},"end":{"line":25,"column":null}},"type":"switch","locations":[{"start":{"line":17,"column":8},"end":{"line":18,"column":null}},{"start":{"line":19,"column":8},"end":{"line":20,"column":null}},{"start":{"line":21,"column":8},"end":{"line":22,"column":null}},{"start":{"line":23,"column":8},"end":{"line":24,"column":null}}]},"2":{"loc":{"start":{"line":32,"column":4},"end":{"line":40,"column":null}},"type":"if","locations":[{"start":{"line":32,"column":4},"end":{"line":40,"column":null}},{"start":{"line":36,"column":11},"end":{"line":40,"column":null}}]},"3":{"loc":{"start":{"line":34,"column":65},"end":{"line":34,"column":99}},"type":"cond-expr","locations":[{"start":{"line":34,"column":88},"end":{"line":34,"column":96}},{"start":{"line":34,"column":96},"end":{"line":34,"column":99}}]},"4":{"loc":{"start":{"line":47,"column":4},"end":{"line":49,"column":null}},"type":"if","locations":[{"start":{"line":47,"column":4},"end":{"line":49,"column":null}}]},"5":{"loc":{"start":{"line":47,"column":8},"end":{"line":47,"column":60}},"type":"binary-expr","locations":[{"start":{"line":47,"column":8},"end":{"line":47,"column":24}},{"start":{"line":47,"column":24},"end":{"line":47,"column":38}},{"start":{"line":47,"column":38},"end":{"line":47,"column":50}},{"start":{"line":47,"column":50},"end":{"line":47,"column":60}}]},"6":{"loc":{"start":{"line":51,"column":4},"end":{"line":53,"column":null}},"type":"if","locations":[{"start":{"line":51,"column":4},"end":{"line":53,"column":null}}]},"7":{"loc":{"start":{"line":51,"column":8},"end":{"line":51,"column":57}},"type":"binary-expr","locations":[{"start":{"line":51,"column":8},"end":{"line":51,"column":32}},{"start":{"line":51,"column":32},"end":{"line":51,"column":57}}]},"8":{"loc":{"start":{"line":57,"column":30},"end":{"line":57,"column":null}},"type":"cond-expr","locations":[{"start":{"line":57,"column":53},"end":{"line":57,"column":76}},{"start":{"line":57,"column":76},"end":{"line":57,"column":null}}]},"9":{"loc":{"start":{"line":63,"column":12},"end":{"line":70,"column":null}},"type":"if","locations":[{"start":{"line":63,"column":12},"end":{"line":70,"column":null}},{"start":{"line":68,"column":19},"end":{"line":70,"column":null}}]},"10":{"loc":{"start":{"line":63,"column":16},"end":{"line":63,"column":106}},"type":"binary-expr","locations":[{"start":{"line":63,"column":16},"end":{"line":63,"column":42}},{"start":{"line":63,"column":42},"end":{"line":63,"column":106}}]},"11":{"loc":{"start":{"line":94,"column":61},"end":{"line":94,"column":118}},"type":"cond-expr","locations":[{"start":{"line":94,"column":86},"end":{"line":94,"column":99}},{"start":{"line":94,"column":102},"end":{"line":94,"column":118}}]}},"s":{"0":0,"1":0,"2":0,"3":0,"4":0,"5":0,"6":0,"7":0,"8":0,"9":0,"10":0,"11":0,"12":0,"13":0,"14":0,"15":0,"16":0,"17":0,"18":0,"19":0,"20":0,"21":0,"22":0,"23":0,"24":0,"25":0,"26":0,"27":0,"28":0,"29":0,"30":0,"31":0,"32":0,"33":0,"34":0,"35":0,"36":0,"37":0,"38":0,"39":0,"40":0,"41":0},"f":{"0":0,"1":0,"2":0},"b":{"0":[0],"1":[0,0,0,0],"2":[0,0],"3":[0,0],"4":[0],"5":[0,0,0,0],"6":[0],"7":[0,0],"8":[0,0],"9":[0,0],"10":[0,0],"11":[0,0]}}
,"/Users/air/Projects/ora-system/src/ui/react-app/app/api/demo-loops/route.ts": {"path":"/Users/air/Projects/ora-system/src/ui/react-app/app/api/demo-loops/route.ts","statementMap":{"0":{"start":{"line":81,"column":22},"end":{"line":81,"column":26}},"1":{"start":{"line":1,"column":29},"end":{"line":1,"column":null}},"2":{"start":{"line":2,"column":15},"end":{"line":2,"column":null}},"3":{"start":{"line":3,"column":17},"end":{"line":3,"column":null}},"4":{"start":{"line":4,"column":19},"end":{"line":4,"column":null}},"5":{"start":{"line":7,"column":17},"end":{"line":7,"column":null}},"6":{"start":{"line":8,"column":18},"end":{"line":8,"column":null}},"7":{"start":{"line":27,"column":2},"end":{"line":59,"column":null}},"8":{"start":{"line":28,"column":21},"end":{"line":28,"column":null}},"9":{"start":{"line":29,"column":24},"end":{"line":29,"column":null}},"10":{"start":{"line":30,"column":43},"end":{"line":30,"column":null}},"11":{"start":{"line":33,"column":25},"end":{"line":33,"column":null}},"12":{"start":{"line":34,"column":20},"end":{"line":38,"column":null}},"13":{"start":{"line":40,"column":19},"end":{"line":40,"column":null}},"14":{"start":{"line":42,"column":4},"end":{"line":55,"column":null}},"15":{"start":{"line":57,"column":4},"end":{"line":57,"column":null}},"16":{"start":{"line":58,"column":4},"end":{"line":58,"column":null}},"17":{"start":{"line":63,"column":2},"end":{"line":77,"column":null}},"18":{"start":{"line":64,"column":18},"end":{"line":64,"column":null}},"19":{"start":{"line":65,"column":22},"end":{"line":66,"column":null}},"20":{"start":{"line":66,"column":6},"end":{"line":66,"column":null}},"21":{"start":{"line":69,"column":18},"end":{"line":70,"column":null}},"22":{"start":{"line":70,"column":32},"end":{"line":70,"column":null}},"23":{"start":{"line":73,"column":4},"end":{"line":73,"column":null}},"24":{"start":{"line":73,"column":56},"end":{"line":73,"column":null}},"25":{"start":{"line":75,"column":4},"end":{"line":75,"column":null}},"26":{"start":{"line":76,"column":4},"end":{"line":76,"column":null}},"27":{"start":{"line":82,"column":2},"end":{"line":110,"column":null}},"28":{"start":{"line":83,"column":29},"end":{"line":83,"column":null}},"29":{"start":{"line":84,"column":19},"end":{"line":84,"column":null}},"30":{"start":{"line":86,"column":4},"end":{"line":103,"column":null}},"31":{"start":{"line":88,"column":23},"end":{"line":88,"column":71}},"32":{"start":{"line":89,"column":19},"end":{"line":89,"column":null}},"33":{"start":{"line":91,"column":6},"end":{"line":96,"column":null}},"34":{"start":{"line":92,"column":8},"end":{"line":94,"column":null}},"35":{"start":{"line":98,"column":6},"end":{"line":98,"column":null}},"36":{"start":{"line":101,"column":20},"end":{"line":101,"column":null}},"37":{"start":{"line":102,"column":6},"end":{"line":102,"column":null}},"38":{"start":{"line":105,"column":4},"end":{"line":105,"column":null}},"39":{"start":{"line":106,"column":4},"end":{"line":108,"column":null}}},"fnMap":{"0":{"name":"loadLoopMetadata","decl":{"start":{"line":26,"column":15},"end":{"line":26,"column":32}},"loc":{"start":{"line":26,"column":48},"end":{"line":60,"column":null}}},"1":{"name":"loadAllLoops","decl":{"start":{"line":62,"column":15},"end":{"line":62,"column":null}},"loc":{"start":{"line":62,"column":15},"end":{"line":78,"column":null}}},"2":{"name":"(anonymous_4)","decl":{"start":{"line":65,"column":35},"end":{"line":65,"column":null}},"loc":{"start":{"line":66,"column":6},"end":{"line":66,"column":null}}},"3":{"name":"(anonymous_5)","decl":{"start":{"line":70,"column":20},"end":{"line":70,"column":32}},"loc":{"start":{"line":70,"column":32},"end":{"line":70,"column":null}}},"4":{"name":"(anonymous_6)","decl":{"start":{"line":73,"column":24},"end":{"line":73,"column":25}},"loc":{"start":{"line":73,"column":56},"end":{"line":73,"column":null}}},"5":{"name":"GET","decl":{"start":{"line":81,"column":22},"end":{"line":81,"column":26}},"loc":{"start":{"line":81,"column":42},"end":{"line":111,"column":null}}}},"branchMap":{"0":{"loc":{"start":{"line":45,"column":13},"end":{"line":45,"column":null}},"type":"binary-expr","locations":[{"start":{"line":45,"column":13},"end":{"line":45,"column":30}},{"start":{"line":45,"column":34},"end":{"line":45,"column":null}}]},"1":{"loc":{"start":{"line":46,"column":13},"end":{"line":46,"column":null}},"type":"binary-expr","locations":[{"start":{"line":46,"column":13},"end":{"line":46,"column":30}},{"start":{"line":46,"column":34},"end":{"line":46,"column":null}}]},"2":{"loc":{"start":{"line":47,"column":18},"end":{"line":47,"column":null}},"type":"binary-expr","locations":[{"start":{"line":47,"column":18},"end":{"line":47,"column":40}},{"start":{"line":47,"column":44},"end":{"line":47,"column":null}}]},"3":{"loc":{"start":{"line":48,"column":14},"end":{"line":48,"column":null}},"type":"binary-expr","locations":[{"start":{"line":48,"column":14},"end":{"line":48,"column":32}},{"start":{"line":48,"column":36},"end":{"line":48,"column":null}}]},"4":{"loc":{"start":{"line":49,"column":13},"end":{"line":49,"column":null}},"type":"binary-expr","locations":[{"start":{"line":49,"column":13},"end":{"line":49,"column":30}},{"start":{"line":49,"column":34},"end":{"line":49,"column":null}}]},"5":{"loc":{"start":{"line":50,"column":12},"end":{"line":50,"column":34}},"type":"binary-expr","locations":[{"start":{"line":50,"column":12},"end":{"line":50,"column":28}},{"start":{"line":50,"column":32},"end":{"line":50,"column":34}}]},"6":{"loc":{"start":{"line":51,"column":15},"end":{"line":51,"column":76}},"type":"binary-expr","locations":[{"start":{"line":51,"column":15},"end":{"line":51,"column":34}},{"start":{"line":51,"column":38},"end":{"line":51,"column":76}}]},"7":{"loc":{"start":{"line":52,"column":12},"end":{"line":52,"column":null}},"type":"binary-expr","locations":[{"start":{"line":52,"column":12},"end":{"line":52,"column":28}},{"start":{"line":52,"column":32},"end":{"line":52,"column":null}}]},"8":{"loc":{"start":{"line":53,"column":15},"end":{"line":53,"column":null}},"type":"binary-expr","locations":[{"start":{"line":53,"column":15},"end":{"line":53,"column":34}},{"start":{"line":53,"column":38},"end":{"line":53,"column":null}}]},"9":{"loc":{"start":{"line":66,"column":6},"end":{"line":66,"column":null}},"type":"binary-expr","locations":[{"start":{"line":66,"column":6},"end":{"line":66,"column":34}},{"start":{"line":66,"column":34},"end":{"line":66,"column":null}}]},"10":{"loc":{"start":{"line":86,"column":4},"end":{"line":103,"column":null}},"type":"if","locations":[{"start":{"line":86,"column":4},"end":{"line":103,"column":null}},{"start":{"line":99,"column":11},"end":{"line":103,"column":null}}]},"11":{"loc":{"start":{"line":88,"column":23},"end":{"line":88,"column":71}},"type":"cond-expr","locations":[{"start":{"line":88,"column":48},"end":{"line":88,"column":57}},{"start":{"line":88,"column":57},"end":{"line":88,"column":71}}]},"12":{"loc":{"start":{"line":91,"column":6},"end":{"line":96,"column":null}},"type":"if","locations":[{"start":{"line":91,"column":6},"end":{"line":96,"column":null}}]}},"s":{"0":0,"1":0,"2":0,"3":0,"4":0,"5":0,"6":0,"7":0,"8":0,"9":0,"10":0,"11":0,"12":0,"13":0,"14":0,"15":0,"16":0,"17":0,"18":0,"19":0,"20":0,"21":0,"22":0,"23":0,"24":0,"25":0,"26":0,"27":0,"28":0,"29":0,"30":0,"31":0,"32":0,"33":0,"34":0,"35":0,"36":0,"37":0,"38":0,"39":0},"f":{"0":0,"1":0,"2":0,"3":0,"4":0,"5":0},"b":{"0":[0,0],"1":[0,0],"2":[0,0],"3":[0,0],"4":[0,0],"5":[0,0],"6":[0,0],"7":[0,0],"8":[0,0],"9":[0,0],"10":[0,0],"11":[0,0],"12":[0]}}
,"/Users/air/Projects/ora-system/src/ui/react-app/app/api/get-plan/route.ts": {"path":"/Users/air/Projects/ora-system/src/ui/react-app/app/api/get-plan/route.ts","statementMap":{"0":{"start":{"line":6,"column":22},"end":{"line":6,"column":null}},"1":{"start":{"line":1,"column":29},"end":{"line":1,"column":null}},"2":{"start":{"line":2,"column":15},"end":{"line":2,"column":null}},"3":{"start":{"line":3,"column":17},"end":{"line":3,"column":null}},"4":{"start":{"line":4,"column":23},"end":{"line":4,"column":null}},"5":{"start":{"line":7,"column":4},"end":{"line":16,"column":null}},"6":{"start":{"line":8,"column":25},"end":{"line":8,"column":null}},"7":{"start":{"line":9,"column":28},"end":{"line":9,"column":null}},"8":{"start":{"line":10,"column":28},"end":{"line":10,"column":null}},"9":{"start":{"line":11,"column":8},"end":{"line":11,"column":null}},"10":{"start":{"line":13,"column":8},"end":{"line":13,"column":null}},"11":{"start":{"line":14,"column":29},"end":{"line":14,"column":null}},"12":{"start":{"line":15,"column":8},"end":{"line":15,"column":null}}},"fnMap":{"0":{"name":"GET","decl":{"start":{"line":6,"column":22},"end":{"line":6,"column":null}},"loc":{"start":{"line":6,"column":22},"end":{"line":17,"column":null}}}},"branchMap":{"0":{"loc":{"start":{"line":14,"column":29},"end":{"line":14,"column":null}},"type":"cond-expr","locations":[{"start":{"line":14,"column":54},"end":{"line":14,"column":67}},{"start":{"line":14,"column":70},"end":{"line":14,"column":null}}]}},"s":{"0":0,"1":0,"2":0,"3":0,"4":0,"5":0,"6":0,"7":0,"8":0,"9":0,"10":0,"11":0,"12":0},"f":{"0":0},"b":{"0":[0,0]}}
,"/Users/air/Projects/ora-system/src/ui/react-app/app/api/loops/route.ts": {"path":"/Users/air/Projects/ora-system/src/ui/react-app/app/api/loops/route.ts","statementMap":{"0":{"start":{"line":10,"column":22},"end":{"line":10,"column":null}},"1":{"start":{"line":1,"column":29},"end":{"line":1,"column":null}},"2":{"start":{"line":2,"column":15},"end":{"line":2,"column":null}},"3":{"start":{"line":3,"column":17},"end":{"line":3,"column":null}},"4":{"start":{"line":4,"column":19},"end":{"line":4,"column":null}},"5":{"start":{"line":5,"column":30},"end":{"line":5,"column":null}},"6":{"start":{"line":7,"column":17},"end":{"line":7,"column":null}},"7":{"start":{"line":8,"column":18},"end":{"line":8,"column":null}},"8":{"start":{"line":11,"column":4},"end":{"line":45,"column":null}},"9":{"start":{"line":12,"column":22},"end":{"line":12,"column":null}},"10":{"start":{"line":14,"column":34},"end":{"line":33,"column":null}},"11":{"start":{"line":15,"column":28},"end":{"line":15,"column":null}},"12":{"start":{"line":17,"column":16},"end":{"line":32,"column":null}},"13":{"start":{"line":18,"column":37},"end":{"line":18,"column":null}},"14":{"start":{"line":19,"column":36},"end":{"line":19,"column":null}},"15":{"start":{"line":20,"column":37},"end":{"line":20,"column":null}},"16":{"start":{"line":22,"column":20},"end":{"line":25,"column":null}},"17":{"start":{"line":28,"column":20},"end":{"line":31,"column":null}},"18":{"start":{"line":35,"column":26},"end":{"line":35,"column":null}},"19":{"start":{"line":37,"column":8},"end":{"line":37,"column":null}},"20":{"start":{"line":39,"column":8},"end":{"line":39,"column":null}},"21":{"start":{"line":40,"column":8},"end":{"line":42,"column":null}},"22":{"start":{"line":41,"column":12},"end":{"line":41,"column":42}},"23":{"start":{"line":43,"column":29},"end":{"line":43,"column":null}},"24":{"start":{"line":44,"column":8},"end":{"line":44,"column":null}}},"fnMap":{"0":{"name":"GET","decl":{"start":{"line":10,"column":22},"end":{"line":10,"column":null}},"loc":{"start":{"line":10,"column":22},"end":{"line":46,"column":null}}},"1":{"name":"(anonymous_3)","decl":{"start":{"line":15,"column":20},"end":{"line":15,"column":28}},"loc":{"start":{"line":15,"column":28},"end":{"line":15,"column":null}}},"2":{"name":"(anonymous_4)","decl":{"start":{"line":16,"column":17},"end":{"line":16,"column":24}},"loc":{"start":{"line":16,"column":24},"end":{"line":33,"column":null}}}},"branchMap":{"0":{"loc":{"start":{"line":23,"column":28},"end":{"line":23,"column":null}},"type":"binary-expr","locations":[{"start":{"line":23,"column":28},"end":{"line":23,"column":35}},{"start":{"line":23,"column":39},"end":{"line":23,"column":null}}]},"1":{"loc":{"start":{"line":24,"column":30},"end":{"line":24,"column":null}},"type":"binary-expr","locations":[{"start":{"line":24,"column":30},"end":{"line":24,"column":39}},{"start":{"line":24,"column":43},"end":{"line":24,"column":null}}]},"2":{"loc":{"start":{"line":40,"column":8},"end":{"line":42,"column":null}},"type":"if","locations":[{"start":{"line":40,"column":8},"end":{"line":42,"column":null}}]},"3":{"loc":{"start":{"line":40,"column":12},"end":{"line":40,"column":82}},"type":"binary-expr","locations":[{"start":{"line":40,"column":12},"end":{"line":40,"column":38}},{"start":{"line":40,"column":38},"end":{"line":40,"column":57}},{"start":{"line":40,"column":57},"end":{"line":40,"column":82}}]},"4":{"loc":{"start":{"line":43,"column":29},"end":{"line":43,"column":null}},"type":"cond-expr","locations":[{"start":{"line":43,"column":54},"end":{"line":43,"column":67}},{"start":{"line":43,"column":70},"end":{"line":43,"column":null}}]}},"s":{"0":0,"1":0,"2":0,"3":0,"4":0,"5":0,"6":0,"7":0,"8":0,"9":0,"10":0,"11":0,"12":0,"13":0,"14":0,"15":0,"16":0,"17":0,"18":0,"19":0,"20":0,"21":0,"22":0,"23":0,"24":0},"f":{"0":0,"1":0,"2":0},"b":{"0":[0,0],"1":[0,0],"2":[0],"3":[0,0,0],"4":[0,0]}}
,"/Users/air/Projects/ora-system/src/ui/react-app/app/api/memory/route.ts": {"path":"/Users/air/Projects/ora-system/src/ui/react-app/app/api/memory/route.ts","statementMap":{"0":{"start":{"line":14,"column":22},"end":{"line":14,"column":26}},"1":{"start":{"line":1,"column":29},"end":{"line":1,"column":null}},"2":{"start":{"line":2,"column":15},"end":{"line":2,"column":null}},"3":{"start":{"line":3,"column":17},"end":{"line":3,"column":null}},"4":{"start":{"line":4,"column":19},"end":{"line":4,"column":null}},"5":{"start":{"line":15,"column":29},"end":{"line":15,"column":null}},"6":{"start":{"line":16,"column":19},"end":{"line":16,"column":null}},"7":{"start":{"line":18,"column":4},"end":{"line":20,"column":null}},"8":{"start":{"line":19,"column":8},"end":{"line":19,"column":null}},"9":{"start":{"line":22,"column":4},"end":{"line":45,"column":null}},"10":{"start":{"line":23,"column":29},"end":{"line":23,"column":null}},"11":{"start":{"line":24,"column":28},"end":{"line":24,"column":null}},"12":{"start":{"line":25,"column":28},"end":{"line":25,"column":null}},"13":{"start":{"line":27,"column":33},"end":{"line":27,"column":null}},"14":{"start":{"line":29,"column":38},"end":{"line":29,"column":40}},"15":{"start":{"line":31,"column":8},"end":{"line":37,"column":null}},"16":{"start":{"line":32,"column":12},"end":{"line":36,"column":null}},"17":{"start":{"line":33,"column":16},"end":{"line":33,"column":null}},"18":{"start":{"line":35,"column":16},"end":{"line":35,"column":null}},"19":{"start":{"line":39,"column":8},"end":{"line":39,"column":null}},"20":{"start":{"line":42,"column":8},"end":{"line":42,"column":null}},"21":{"start":{"line":43,"column":29},"end":{"line":43,"column":null}},"22":{"start":{"line":44,"column":8},"end":{"line":44,"column":null}}},"fnMap":{"0":{"name":"GET","decl":{"start":{"line":14,"column":22},"end":{"line":14,"column":26}},"loc":{"start":{"line":14,"column":42},"end":{"line":46,"column":null}}}},"branchMap":{"0":{"loc":{"start":{"line":18,"column":4},"end":{"line":20,"column":null}},"type":"if","locations":[{"start":{"line":18,"column":4},"end":{"line":20,"column":null}}]},"1":{"loc":{"start":{"line":43,"column":29},"end":{"line":43,"column":null}},"type":"cond-expr","locations":[{"start":{"line":43,"column":54},"end":{"line":43,"column":67}},{"start":{"line":43,"column":70},"end":{"line":43,"column":null}}]}},"s":{"0":0,"1":0,"2":0,"3":0,"4":0,"5":0,"6":0,"7":0,"8":0,"9":0,"10":0,"11":0,"12":0,"13":0,"14":0,"15":0,"16":0,"17":0,"18":0,"19":0,"20":0,"21":0,"22":0},"f":{"0":0},"b":{"0":[0],"1":[0,0]}}
,"/Users/air/Projects/ora-system/src/ui/react-app/app/api/phase-doc/route.ts": {"path":"/Users/air/Projects/ora-system/src/ui/react-app/app/api/phase-doc/route.ts","statementMap":{"0":{"start":{"line":17,"column":22},"end":{"line":17,"column":25}},"1":{"start":{"line":8,"column":13},"end":{"line":8,"column":20}},"2":{"start":{"line":1,"column":29},"end":{"line":1,"column":null}},"3":{"start":{"line":2,"column":15},"end":{"line":2,"column":null}},"4":{"start":{"line":3,"column":17},"end":{"line":3,"column":null}},"5":{"start":{"line":4,"column":19},"end":{"line":4,"column":null}},"6":{"start":{"line":5,"column":23},"end":{"line":5,"column":null}},"7":{"start":{"line":8,"column":23},"end":{"line":8,"column":null}},"8":{"start":{"line":12,"column":24},"end":{"line":12,"column":null}},"9":{"start":{"line":13,"column":30},"end":{"line":13,"column":null}},"10":{"start":{"line":14,"column":4},"end":{"line":14,"column":null}},"11":{"start":{"line":18,"column":4},"end":{"line":99,"column":null}},"12":{"start":{"line":19,"column":33},"end":{"line":19,"column":null}},"13":{"start":{"line":20,"column":30},"end":{"line":20,"column":null}},"14":{"start":{"line":22,"column":26},"end":{"line":22,"column":null}},"15":{"start":{"line":23,"column":25},"end":{"line":23,"column":null}},"16":{"start":{"line":26,"column":27},"end":{"line":26,"column":null}},"17":{"start":{"line":27,"column":37},"end":{"line":27,"column":39}},"18":{"start":{"line":28,"column":8},"end":{"line":40,"column":null}},"19":{"start":{"line":29,"column":12},"end":{"line":39,"column":null}},"20":{"start":{"line":30,"column":16},"end":{"line":38,"column":null}},"21":{"start":{"line":31,"column":37},"end":{"line":31,"column":null}},"22":{"start":{"line":32,"column":41},"end":{"line":32,"column":null}},"23":{"start":{"line":33,"column":20},"end":{"line":35,"column":null}},"24":{"start":{"line":34,"column":24},"end":{"line":34,"column":null}},"25":{"start":{"line":37,"column":20},"end":{"line":37,"column":null}},"26":{"start":{"line":41,"column":8},"end":{"line":41,"column":null}},"27":{"start":{"line":41,"column":36},"end":{"line":41,"column":53}},"28":{"start":{"line":44,"column":31},"end":{"line":44,"column":null}},"29":{"start":{"line":45,"column":8},"end":{"line":49,"column":null}},"30":{"start":{"line":46,"column":12},"end":{"line":46,"column":null}},"31":{"start":{"line":46,"column":50},"end":{"line":46,"column":null}},"32":{"start":{"line":48,"column":12},"end":{"line":48,"column":null}},"33":{"start":{"line":48,"column":50},"end":{"line":48,"column":null}},"34":{"start":{"line":51,"column":8},"end":{"line":53,"column":null}},"35":{"start":{"line":52,"column":12},"end":{"line":52,"column":null}},"36":{"start":{"line":55,"column":8},"end":{"line":57,"column":null}},"37":{"start":{"line":56,"column":12},"end":{"line":56,"column":null}},"38":{"start":{"line":59,"column":36},"end":{"line":59,"column":null}},"39":{"start":{"line":60,"column":52},"end":{"line":60,"column":null}},"40":{"start":{"line":61,"column":35},"end":{"line":61,"column":null}},"41":{"start":{"line":64,"column":26},"end":{"line":64,"column":null}},"42":{"start":{"line":65,"column":34},"end":{"line":65,"column":36}},"43":{"start":{"line":66,"column":24},"end":{"line":66,"column":null}},"44":{"start":{"line":68,"column":8},"end":{"line":82,"column":null}},"45":{"start":{"line":69,"column":12},"end":{"line":81,"column":null}},"46":{"start":{"line":70,"column":33},"end":{"line":70,"column":null}},"47":{"start":{"line":71,"column":46},"end":{"line":71,"column":null}},"48":{"start":{"line":72,"column":16},"end":{"line":80,"column":null}},"49":{"start":{"line":73,"column":20},"end":{"line":76,"column":null}},"50":{"start":{"line":77,"column":20},"end":{"line":79,"column":null}},"51":{"start":{"line":78,"column":24},"end":{"line":78,"column":null}},"52":{"start":{"line":78,"column":63},"end":{"line":78,"column":null}},"53":{"start":{"line":84,"column":8},"end":{"line":84,"column":null}},"54":{"start":{"line":84,"column":34},"end":{"line":84,"column":null}},"55":{"start":{"line":87,"column":8},"end":{"line":93,"column":null}},"56":{"start":{"line":91,"column":46},"end":{"line":91,"column":53}},"57":{"start":{"line":96,"column":8},"end":{"line":96,"column":null}},"58":{"start":{"line":97,"column":29},"end":{"line":97,"column":null}},"59":{"start":{"line":98,"column":8},"end":{"line":98,"column":null}}},"fnMap":{"0":{"name":"parseMarkdownFile","decl":{"start":{"line":11,"column":15},"end":{"line":11,"column":33}},"loc":{"start":{"line":11,"column":49},"end":{"line":15,"column":null}}},"1":{"name":"GET","decl":{"start":{"line":17,"column":22},"end":{"line":17,"column":25}},"loc":{"start":{"line":17,"column":42},"end":{"line":100,"column":null}}},"2":{"name":"(anonymous_6)","decl":{"start":{"line":41,"column":27},"end":{"line":41,"column":28}},"loc":{"start":{"line":41,"column":36},"end":{"line":41,"column":53}}},"3":{"name":"(anonymous_7)","decl":{"start":{"line":46,"column":45},"end":{"line":46,"column":50}},"loc":{"start":{"line":46,"column":50},"end":{"line":46,"column":null}}},"4":{"name":"(anonymous_8)","decl":{"start":{"line":48,"column":45},"end":{"line":48,"column":50}},"loc":{"start":{"line":48,"column":50},"end":{"line":48,"column":null}}},"5":{"name":"(anonymous_9)","decl":{"start":{"line":78,"column":46},"end":{"line":78,"column":47}},"loc":{"start":{"line":78,"column":63},"end":{"line":78,"column":null}}},"6":{"name":"(anonymous_10)","decl":{"start":{"line":84,"column":24},"end":{"line":84,"column":25}},"loc":{"start":{"line":84,"column":34},"end":{"line":84,"column":null}}},"7":{"name":"(anonymous_11)","decl":{"start":{"line":91,"column":41},"end":{"line":91,"column":46}},"loc":{"start":{"line":91,"column":46},"end":{"line":91,"column":53}}}},"branchMap":{"0":{"loc":{"start":{"line":29,"column":12},"end":{"line":39,"column":null}},"type":"if","locations":[{"start":{"line":29,"column":12},"end":{"line":39,"column":null}}]},"1":{"loc":{"start":{"line":29,"column":16},"end":{"line":29,"column":67}},"type":"binary-expr","locations":[{"start":{"line":29,"column":16},"end":{"line":29,"column":40}},{"start":{"line":29,"column":40},"end":{"line":29,"column":67}}]},"2":{"loc":{"start":{"line":33,"column":20},"end":{"line":35,"column":null}},"type":"if","locations":[{"start":{"line":33,"column":20},"end":{"line":35,"column":null}}]},"3":{"loc":{"start":{"line":45,"column":8},"end":{"line":49,"column":null}},"type":"if","locations":[{"start":{"line":45,"column":8},"end":{"line":49,"column":null}},{"start":{"line":47,"column":15},"end":{"line":49,"column":null}}]},"4":{"loc":{"start":{"line":51,"column":8},"end":{"line":53,"column":null}},"type":"if","locations":[{"start":{"line":51,"column":8},"end":{"line":53,"column":null}}]},"5":{"loc":{"start":{"line":52,"column":26},"end":{"line":52,"column":null}},"type":"cond-expr","locations":[{"start":{"line":52,"column":53},"end":{"line":52,"column":69}},{"start":{"line":52,"column":72},"end":{"line":52,"column":null}}]},"6":{"loc":{"start":{"line":55,"column":8},"end":{"line":57,"column":null}},"type":"if","locations":[{"start":{"line":55,"column":8},"end":{"line":57,"column":null}}]},"7":{"loc":{"start":{"line":69,"column":12},"end":{"line":81,"column":null}},"type":"if","locations":[{"start":{"line":69,"column":12},"end":{"line":81,"column":null}}]},"8":{"loc":{"start":{"line":72,"column":16},"end":{"line":80,"column":null}},"type":"if","locations":[{"start":{"line":72,"column":16},"end":{"line":80,"column":null}}]},"9":{"loc":{"start":{"line":77,"column":20},"end":{"line":79,"column":null}},"type":"if","locations":[{"start":{"line":77,"column":20},"end":{"line":79,"column":null}}]},"10":{"loc":{"start":{"line":77,"column":24},"end":{"line":77,"column":71}},"type":"binary-expr","locations":[{"start":{"line":77,"column":24},"end":{"line":77,"column":37}},{"start":{"line":77,"column":41},"end":{"line":77,"column":71}}]},"11":{"loc":{"start":{"line":97,"column":29},"end":{"line":97,"column":null}},"type":"cond-expr","locations":[{"start":{"line":97,"column":54},"end":{"line":97,"column":67}},{"start":{"line":97,"column":70},"end":{"line":97,"column":null}}]}},"s":{"0":0,"1":0,"2":0,"3":0,"4":0,"5":0,"6":0,"7":0,"8":0,"9":0,"10":0,"11":0,"12":0,"13":0,"14":0,"15":0,"16":0,"17":0,"18":0,"19":0,"20":0,"21":0,"22":0,"23":0,"24":0,"25":0,"26":0,"27":0,"28":0,"29":0,"30":0,"31":0,"32":0,"33":0,"34":0,"35":0,"36":0,"37":0,"38":0,"39":0,"40":0,"41":0,"42":0,"43":0,"44":0,"45":0,"46":0,"47":0,"48":0,"49":0,"50":0,"51":0,"52":0,"53":0,"54":0,"55":0,"56":0,"57":0,"58":0,"59":0},"f":{"0":0,"1":0,"2":0,"3":0,"4":0,"5":0,"6":0,"7":0},"b":{"0":[0],"1":[0,0],"2":[0],"3":[0,0],"4":[0],"5":[0,0],"6":[0],"7":[0],"8":[0],"9":[0],"10":[0,0],"11":[0,0]}}
,"/Users/air/Projects/ora-system/src/ui/react-app/app/api/plan-tasks/route.ts": {"path":"/Users/air/Projects/ora-system/src/ui/react-app/app/api/plan-tasks/route.ts","statementMap":{"0":{"start":{"line":133,"column":22},"end":{"line":133,"column":28}},"1":{"start":{"line":32,"column":22},"end":{"line":32,"column":25}},"2":{"start":{"line":47,"column":22},"end":{"line":47,"column":26}},"3":{"start":{"line":92,"column":22},"end":{"line":92,"column":25}},"4":{"start":{"line":8,"column":13},"end":{"line":8,"column":20}},"5":{"start":{"line":1,"column":29},"end":{"line":1,"column":null}},"6":{"start":{"line":2,"column":15},"end":{"line":2,"column":null}},"7":{"start":{"line":3,"column":17},"end":{"line":3,"column":null}},"8":{"start":{"line":4,"column":47},"end":{"line":4,"column":null}},"9":{"start":{"line":5,"column":31},"end":{"line":5,"column":null}},"10":{"start":{"line":6,"column":35},"end":{"line":6,"column":null}},"11":{"start":{"line":8,"column":23},"end":{"line":8,"column":null}},"12":{"start":{"line":10,"column":17},"end":{"line":10,"column":null}},"13":{"start":{"line":11,"column":18},"end":{"line":11,"column":null}},"14":{"start":{"line":12,"column":19},"end":{"line":12,"column":null}},"15":{"start":{"line":16,"column":4},"end":{"line":16,"column":null}},"16":{"start":{"line":17,"column":22},"end":{"line":17,"column":null}},"17":{"start":{"line":18,"column":23},"end":{"line":18,"column":null}},"18":{"start":{"line":19,"column":4},"end":{"line":19,"column":null}},"19":{"start":{"line":22,"column":26},"end":{"line":22,"column":null}},"20":{"start":{"line":23,"column":4},"end":{"line":25,"column":null}},"21":{"start":{"line":24,"column":8},"end":{"line":24,"column":null}},"22":{"start":{"line":28,"column":23},"end":{"line":28,"column":null}},"23":{"start":{"line":29,"column":4},"end":{"line":29,"column":null}},"24":{"start":{"line":33,"column":4},"end":{"line":44,"column":null}},"25":{"start":{"line":34,"column":28},"end":{"line":34,"column":null}},"26":{"start":{"line":35,"column":22},"end":{"line":35,"column":null}},"27":{"start":{"line":36,"column":8},"end":{"line":36,"column":null}},"28":{"start":{"line":38,"column":8},"end":{"line":40,"column":null}},"29":{"start":{"line":39,"column":12},"end":{"line":39,"column":null}},"30":{"start":{"line":41,"column":8},"end":{"line":41,"column":null}},"31":{"start":{"line":42,"column":29},"end":{"line":42,"column":null}},"32":{"start":{"line":43,"column":8},"end":{"line":43,"column":null}},"33":{"start":{"line":48,"column":4},"end":{"line":89,"column":null}},"34":{"start":{"line":49,"column":21},"end":{"line":49,"column":null}},"35":{"start":{"line":50,"column":51},"end":{"line":50,"column":null}},"36":{"start":{"line":52,"column":8},"end":{"line":54,"column":null}},"37":{"start":{"line":53,"column":12},"end":{"line":53,"column":null}},"38":{"start":{"line":56,"column":30},"end":{"line":56,"column":null}},"39":{"start":{"line":58,"column":54},"end":{"line":64,"column":null}},"40":{"start":{"line":66,"column":27},"end":{"line":66,"column":102}},"41":{"start":{"line":68,"column":8},"end":{"line":68,"column":null}},"42":{"start":{"line":71,"column":8},"end":{"line":81,"column":null}},"43":{"start":{"line":72,"column":12},"end":{"line":77,"column":null}},"44":{"start":{"line":80,"column":12},"end":{"line":80,"column":null}},"45":{"start":{"line":83,"column":8},"end":{"line":83,"column":null}},"46":{"start":{"line":86,"column":8},"end":{"line":86,"column":null}},"47":{"start":{"line":87,"column":29},"end":{"line":87,"column":null}},"48":{"start":{"line":88,"column":8},"end":{"line":88,"column":null}},"49":{"start":{"line":93,"column":4},"end":{"line":130,"column":null}},"50":{"start":{"line":94,"column":35},"end":{"line":94,"column":null}},"51":{"start":{"line":96,"column":28},"end":{"line":96,"column":null}},"52":{"start":{"line":97,"column":22},"end":{"line":97,"column":null}},"53":{"start":{"line":99,"column":29},"end":{"line":99,"column":null}},"54":{"start":{"line":99,"column":45},"end":{"line":99,"column":69}},"55":{"start":{"line":100,"column":8},"end":{"line":102,"column":null}},"56":{"start":{"line":101,"column":12},"end":{"line":101,"column":null}},"57":{"start":{"line":104,"column":35},"end":{"line":104,"column":null}},"58":{"start":{"line":105,"column":34},"end":{"line":105,"column":null}},"59":{"start":{"line":107,"column":30},"end":{"line":107,"column":null}},"60":{"start":{"line":109,"column":8},"end":{"line":109,"column":null}},"61":{"start":{"line":112,"column":8},"end":{"line":122,"column":null}},"62":{"start":{"line":113,"column":12},"end":{"line":118,"column":null}},"63":{"start":{"line":121,"column":12},"end":{"line":121,"column":null}},"64":{"start":{"line":124,"column":8},"end":{"line":124,"column":null}},"65":{"start":{"line":127,"column":8},"end":{"line":127,"column":null}},"66":{"start":{"line":128,"column":29},"end":{"line":128,"column":null}},"67":{"start":{"line":129,"column":8},"end":{"line":129,"column":null}},"68":{"start":{"line":134,"column":4},"end":{"line":170,"column":null}},"69":{"start":{"line":135,"column":23},"end":{"line":135,"column":null}},"70":{"start":{"line":136,"column":8},"end":{"line":136,"column":null}},"71":{"start":{"line":136,"column":17},"end":{"line":136,"column":null}},"72":{"start":{"line":138,"column":28},"end":{"line":138,"column":null}},"73":{"start":{"line":139,"column":22},"end":{"line":139,"column":null}},"74":{"start":{"line":141,"column":29},"end":{"line":141,"column":null}},"75":{"start":{"line":141,"column":45},"end":{"line":141,"column":null}},"76":{"start":{"line":142,"column":8},"end":{"line":144,"column":null}},"77":{"start":{"line":143,"column":13},"end":{"line":143,"column":null}},"78":{"start":{"line":146,"column":27},"end":{"line":146,"column":null}},"79":{"start":{"line":147,"column":30},"end":{"line":147,"column":null}},"80":{"start":{"line":149,"column":8},"end":{"line":149,"column":null}},"81":{"start":{"line":152,"column":8},"end":{"line":162,"column":null}},"82":{"start":{"line":153,"column":12},"end":{"line":158,"column":null}},"83":{"start":{"line":161,"column":12},"end":{"line":161,"column":null}},"84":{"start":{"line":164,"column":8},"end":{"line":164,"column":null}},"85":{"start":{"line":167,"column":8},"end":{"line":167,"column":null}},"86":{"start":{"line":168,"column":29},"end":{"line":168,"column":null}},"87":{"start":{"line":169,"column":8},"end":{"line":169,"column":null}}},"fnMap":{"0":{"name":"safeWriteTasks","decl":{"start":{"line":14,"column":15},"end":{"line":14,"column":30}},"loc":{"start":{"line":14,"column":68},"end":{"line":30,"column":null}}},"1":{"name":"GET","decl":{"start":{"line":32,"column":22},"end":{"line":32,"column":25}},"loc":{"start":{"line":32,"column":22},"end":{"line":45,"column":null}}},"2":{"name":"POST","decl":{"start":{"line":47,"column":22},"end":{"line":47,"column":26}},"loc":{"start":{"line":47,"column":43},"end":{"line":90,"column":null}}},"3":{"name":"PUT","decl":{"start":{"line":92,"column":22},"end":{"line":92,"column":25}},"loc":{"start":{"line":92,"column":42},"end":{"line":131,"column":null}}},"4":{"name":"(anonymous_11)","decl":{"start":{"line":99,"column":40},"end":{"line":99,"column":45}},"loc":{"start":{"line":99,"column":45},"end":{"line":99,"column":69}}},"5":{"name":"DELETE","decl":{"start":{"line":133,"column":22},"end":{"line":133,"column":28}},"loc":{"start":{"line":133,"column":45},"end":{"line":171,"column":null}}},"6":{"name":"(anonymous_13)","decl":{"start":{"line":141,"column":40},"end":{"line":141,"column":45}},"loc":{"start":{"line":141,"column":45},"end":{"line":141,"column":null}}}},"branchMap":{"0":{"loc":{"start":{"line":23,"column":4},"end":{"line":25,"column":null}},"type":"if","locations":[{"start":{"line":23,"column":4},"end":{"line":25,"column":null}}]},"1":{"loc":{"start":{"line":23,"column":8},"end":{"line":23,"column":77}},"type":"binary-expr","locations":[{"start":{"line":23,"column":8},"end":{"line":23,"column":36}},{"start":{"line":23,"column":36},"end":{"line":23,"column":77}}]},"2":{"loc":{"start":{"line":38,"column":8},"end":{"line":40,"column":null}},"type":"if","locations":[{"start":{"line":38,"column":8},"end":{"line":40,"column":null}}]},"3":{"loc":{"start":{"line":38,"column":12},"end":{"line":38,"column":90}},"type":"binary-expr","locations":[{"start":{"line":38,"column":12},"end":{"line":38,"column":38}},{"start":{"line":38,"column":38},"end":{"line":38,"column":90}}]},"4":{"loc":{"start":{"line":42,"column":29},"end":{"line":42,"column":null}},"type":"cond-expr","locations":[{"start":{"line":42,"column":54},"end":{"line":42,"column":67}},{"start":{"line":42,"column":70},"end":{"line":42,"column":null}}]},"5":{"loc":{"start":{"line":52,"column":8},"end":{"line":54,"column":null}},"type":"if","locations":[{"start":{"line":52,"column":8},"end":{"line":54,"column":null}}]},"6":{"loc":{"start":{"line":52,"column":12},"end":{"line":52,"column":39}},"type":"binary-expr","locations":[{"start":{"line":52,"column":12},"end":{"line":52,"column":28}},{"start":{"line":52,"column":28},"end":{"line":52,"column":39}}]},"7":{"loc":{"start":{"line":56,"column":30},"end":{"line":56,"column":null}},"type":"cond-expr","locations":[{"start":{"line":56,"column":52},"end":{"line":56,"column":79}},{"start":{"line":56,"column":79},"end":{"line":56,"column":null}}]},"8":{"loc":{"start":{"line":87,"column":29},"end":{"line":87,"column":null}},"type":"cond-expr","locations":[{"start":{"line":87,"column":54},"end":{"line":87,"column":67}},{"start":{"line":87,"column":70},"end":{"line":87,"column":null}}]},"9":{"loc":{"start":{"line":100,"column":8},"end":{"line":102,"column":null}},"type":"if","locations":[{"start":{"line":100,"column":8},"end":{"line":102,"column":null}}]},"10":{"loc":{"start":{"line":107,"column":30},"end":{"line":107,"column":null}},"type":"cond-expr","locations":[{"start":{"line":107,"column":78},"end":{"line":107,"column":105}},{"start":{"line":107,"column":105},"end":{"line":107,"column":null}}]},"11":{"loc":{"start":{"line":128,"column":29},"end":{"line":128,"column":null}},"type":"cond-expr","locations":[{"start":{"line":128,"column":54},"end":{"line":128,"column":67}},{"start":{"line":128,"column":70},"end":{"line":128,"column":null}}]},"12":{"loc":{"start":{"line":136,"column":8},"end":{"line":136,"column":null}},"type":"if","locations":[{"start":{"line":136,"column":8},"end":{"line":136,"column":null}}]},"13":{"loc":{"start":{"line":142,"column":8},"end":{"line":144,"column":null}},"type":"if","locations":[{"start":{"line":142,"column":8},"end":{"line":144,"column":null}}]},"14":{"loc":{"start":{"line":147,"column":30},"end":{"line":147,"column":null}},"type":"cond-expr","locations":[{"start":{"line":147,"column":78},"end":{"line":147,"column":105}},{"start":{"line":147,"column":105},"end":{"line":147,"column":null}}]},"15":{"loc":{"start":{"line":168,"column":29},"end":{"line":168,"column":null}},"type":"cond-expr","locations":[{"start":{"line":168,"column":54},"end":{"line":168,"column":67}},{"start":{"line":168,"column":70},"end":{"line":168,"column":null}}]}},"s":{"0":0,"1":0,"2":0,"3":0,"4":0,"5":0,"6":0,"7":0,"8":0,"9":0,"10":0,"11":0,"12":0,"13":0,"14":0,"15":0,"16":0,"17":0,"18":0,"19":0,"20":0,"21":0,"22":0,"23":0,"24":0,"25":0,"26":0,"27":0,"28":0,"29":0,"30":0,"31":0,"32":0,"33":0,"34":0,"35":0,"36":0,"37":0,"38":0,"39":0,"40":0,"41":0,"42":0,"43":0,"44":0,"45":0,"46":0,"47":0,"48":0,"49":0,"50":0,"51":0,"52":0,"53":0,"54":0,"55":0,"56":0,"57":0,"58":0,"59":0,"60":0,"61":0,"62":0,"63":0,"64":0,"65":0,"66":0,"67":0,"68":0,"69":0,"70":0,"71":0,"72":0,"73":0,"74":0,"75":0,"76":0,"77":0,"78":0,"79":0,"80":0,"81":0,"82":0,"83":0,"84":0,"85":0,"86":0,"87":0},"f":{"0":0,"1":0,"2":0,"3":0,"4":0,"5":0,"6":0},"b":{"0":[0],"1":[0,0],"2":[0],"3":[0,0],"4":[0,0],"5":[0],"6":[0,0],"7":[0,0],"8":[0,0],"9":[0],"10":[0,0],"11":[0,0],"12":[0],"13":[0],"14":[0,0],"15":[0,0]}}
[...]
"start":{"line":21,"column":13},"end":{"line":21,"column":22}},"1":{"start":{"line":83,"column":13},"end":{"line":83,"column":26}},"2":{"start":{"line":1,"column":17},"end":{"line":1,"column":null}},"3":{"start":{"line":16,"column":18},"end":{"line":16,"column":null}},"4":{"start":{"line":21,"column":25},"end":{"line":81,"column":null}},"5":{"start":{"line":22,"column":26},"end":{"line":22,"column":28}},"6":{"start":{"line":23,"column":78},"end":{"line":23,"column":null}},"7":{"start":{"line":25,"column":18},"end":{"line":25,"column":null}},"8":{"start":{"line":27,"column":4},"end":{"line":79,"column":null}},"9":{"start":{"line":27,"column":17},"end":{"line":27,"column":20}},"10":{"start":{"line":28,"column":21},"end":{"line":28,"column":29}},"11":{"start":{"line":29,"column":28},"end":{"line":29,"column":null}},"12":{"start":{"line":31,"column":29},"end":{"line":31,"column":null}},"13":{"start":{"line":32,"column":8},"end":{"line":35,"column":null}},"14":{"start":{"line":33,"column":12},"end":{"line":33,"column":null}},"15":{"start":{"line":34,"column":12},"end":{"line":34,"column":null}},"16":{"start":{"line":37,"column":8},"end":{"line":37,"column":null}},"17":{"start":{"line":37,"column":29},"end":{"line":37,"column":null}},"18":{"start":{"line":39,"column":26},"end":{"line":39,"column":null}},"19":{"start":{"line":40,"column":8},"end":{"line":78,"column":null}},"20":{"start":{"line":41,"column":49},"end":{"line":41,"column":null}},"21":{"start":{"line":43,"column":31},"end":{"line":50,"column":null}},"22":{"start":{"line":53,"column":32},"end":{"line":53,"column":null}},"23":{"start":{"line":54,"column":12},"end":{"line":70,"column":null}},"24":{"start":{"line":55,"column":33},"end":{"line":55,"column":null}},"25":{"start":{"line":56,"column":16},"end":{"line":58,"column":null}},"26":{"start":{"line":57,"column":20},"end":{"line":57,"column":27}},"27":{"start":{"line":60,"column":38},"end":{"line":60,"column":null}},"28":{"start":{"line":61,"column":16},"end":{"line":68,"column":null}},"29":{"start":{"line":62,"column":45},"end":{"line":62,"column":null}},"30":{"start":{"line":63,"column":37},"end":{"line":63,"column":null}},"31":{"start":{"line":64,"column":21},"end":{"line":64,"column":null}},"32":{"start":{"line":65,"column":23},"end":{"line":68,"column":null}},"33":{"start":{"line":67,"column":20},"end":{"line":67,"column":null}},"34":{"start":{"line":69,"column":16},"end":{"line":69,"column":null}},"35":{"start":{"line":72,"column":12},"end":{"line":74,"column":null}},"36":{"start":{"line":73,"column":17},"end":{"line":73,"column":null}},"37":{"start":{"line":76,"column":12},"end":{"line":76,"column":null}},"38":{"start":{"line":77,"column":12},"end":{"line":77,"column":35}},"39":{"start":{"line":80,"column":4},"end":{"line":80,"column":null}},"40":{"start":{"line":83,"column":29},"end":{"line":118,"column":null}},"41":{"start":{"line":84,"column":22},"end":{"line":84,"column":null}},"42":{"start":{"line":84,"column":40},"end":{"line":84,"column":null}},"43":{"start":{"line":85,"column":21},"end":{"line":85,"column":null}},"44":{"start":{"line":85,"column":39},"end":{"line":85,"column":null}},"45":{"start":{"line":87,"column":23},"end":{"line":102,"column":null}},"46":{"start":{"line":88,"column":25},"end":{"line":88,"column":null}},"47":{"start":{"line":89,"column":25},"end":{"line":89,"column":62}},"48":{"start":{"line":90,"column":8},"end":{"line":90,"column":null}},"49":{"start":{"line":91,"column":8},"end":{"line":91,"column":null}},"50":{"start":{"line":92,"column":8},"end":{"line":94,"column":null}},"51":{"start":{"line":93,"column":12},"end":{"line":93,"column":null}},"52":{"start":{"line":95,"column":8},"end":{"line":97,"column":null}},"53":{"start":{"line":96,"column":12},"end":{"line":96,"column":null}},"54":{"start":{"line":98,"column":8},"end":{"line":100,"column":null}},"55":{"start":{"line":99,"column":12},"end":{"line":99,"column":null}},"56":{"start":{"line":101,"column":8},"end":{"line":101,"column":null}},"57":{"start":{"line":104,"column":29},"end":{"line":104,"column":null}},"58":{"start":{"line":105,"column":24},"end":{"line":105,"column":null}},"59":{"start":{"line":107,"column":21},"end":{"line":107,"column":null}},"60":{"start":{"line":109,"column":4},"end":{"line":109,"column":null}},"61":{"start":{"line":110,"column":4},"end":{"line":110,"column":null}},"62":{"start":{"line":112,"column":4},"end":{"line":112,"column":null}},"63":{"start":{"line":114,"column":4},"end":{"line":114,"column":null}},"64":{"start":{"line":115,"column":4},"end":{"line":115,"column":null}},"65":{"start":{"line":117,"column":4},"end":{"line":117,"column":null}}},"fnMap":{"0":{"name":"(anonymous_4)","decl":{"start":{"line":21,"column":25},"end":{"line":21,"column":26}},"loc":{"start":{"line":21,"column":26},"end":{"line":81,"column":null}}},"1":{"name":"(anonymous_5)","decl":{"start":{"line":83,"column":29},"end":{"line":83,"column":30}},"loc":{"start":{"line":83,"column":45},"end":{"line":118,"column":null}}},"2":{"name":"(anonymous_6)","decl":{"start":{"line":84,"column":35},"end":{"line":84,"column":40}},"loc":{"start":{"line":84,"column":40},"end":{"line":84,"column":null}}},"3":{"name":"(anonymous_7)","decl":{"start":{"line":85,"column":34},"end":{"line":85,"column":39}},"loc":{"start":{"line":85,"column":39},"end":{"line":85,"column":null}}},"4":{"name":"(anonymous_8)","decl":{"start":{"line":87,"column":23},"end":{"line":87,"column":24}},"loc":{"start":{"line":87,"column":24},"end":{"line":102,"column":null}}}},"branchMap":{"0":{"loc":{"start":{"line":32,"column":8},"end":{"line":35,"column":null}},"type":"if","locations":[{"start":{"line":32,"column":8},"end":{"line":35,"column":null}}]},"1":{"loc":{"start":{"line":37,"column":8},"end":{"line":37,"column":null}},"type":"if","locations":[{"start":{"line":37,"column":8},"end":{"line":37,"column":null}}]},"2":{"loc":{"start":{"line":40,"column":8},"end":{"line":78,"column":null}},"type":"if","locations":[{"start":{"line":40,"column":8},"end":{"line":78,"column":null}}]},"3":{"loc":{"start":{"line":45,"column":24},"end":{"line":45,"column":null}},"type":"cond-expr","locations":[{"start":{"line":45,"column":45},"end":{"line":45,"column":54}},{"start":{"line":45,"column":54},"end":{"line":45,"column":null}}]},"4":{"loc":{"start":{"line":56,"column":16},"end":{"line":58,"column":null}},"type":"if","locations":[{"start":{"line":56,"column":16},"end":{"line":58,"column":null}}]},"5":{"loc":{"start":{"line":56,"column":20},"end":{"line":56,"column":100}},"type":"binary-expr","locations":[{"start":{"line":56,"column":20},"end":{"line":56,"column":50}},{"start":{"line":56,"column":50},"end":{"line":56,"column":80}},{"start":{"line":56,"column":80},"end":{"line":56,"column":100}}]},"6":{"loc":{"start":{"line":61,"column":16},"end":{"line":68,"column":null}},"type":"if","locations":[{"start":{"line":61,"column":16},"end":{"line":68,"column":null}},{"start":{"line":65,"column":23},"end":{"line":68,"column":null}}]},"7":{"loc":{"start":{"line":65,"column":23},"end":{"line":68,"column":null}},"type":"if","locations":[{"start":{"line":65,"column":23},"end":{"line":68,"column":null}}]},"8":{"loc":{"start":{"line":72,"column":12},"end":{"line":74,"column":null}},"type":"if","locations":[{"start":{"line":72,"column":12},"end":{"line":74,"column":null}}]},"9":{"loc":{"start":{"line":84,"column":40},"end":{"line":84,"column":null}},"type":"binary-expr","locations":[{"start":{"line":84,"column":40},"end":{"line":84,"column":78}},{"start":{"line":84,"column":78},"end":{"line":84,"column":null}}]},"10":{"loc":{"start":{"line":85,"column":39},"end":{"line":85,"column":null}},"type":"binary-expr","locations":[{"start":{"line":85,"column":39},"end":{"line":85,"column":78}},{"start":{"line":85,"column":78},"end":{"line":85,"column":null}}]},"11":{"loc":{"start":{"line":88,"column":25},"end":{"line":88,"column":null}},"type":"cond-expr","locations":[{"start":{"line":88,"column":50},"end":{"line":88,"column":58}},{"start":{"line":88,"column":58},"end":{"line":88,"column":null}}]},"12":{"loc":{"start":{"line":92,"column":8},"end":{"line":94,"column":null}},"type":"if","locations":[{"start":{"line":92,"column":8},"end":{"line":94,"column":null}}]},"13":{"loc":{"start":{"line":95,"column":8},"end":{"line":97,"column":null}},"type":"if","locations":[{"start":{"line":95,"column":8},"end":{"line":97,"column":null}}]},"14":{"loc":{"start":{"line":98,"column":8},"end":{"line":100,"column":null}},"type":"if","locations":[{"start":{"line":98,"column":8},"end":{"line":100,"column":null}}]},"15":{"loc":{"start":{"line":105,"column":24},"end":{"line":105,"column":null}},"type":"cond-expr","locations":[{"start":{"line":105,"column":43},"end":{"line":105,"column":62}},{"start":{"line":105,"column":65},"end":{"line":105,"column":null}}]}},"s":{"0":6,"1":0,"2":1,"3":1,"4":1,"5":6,"6":6,"7":6,"8":6,"9":6,"10":96,"11":96,"12":96,"13":96,"14":18,"15":18,"16":78,"17":30,"18":48,"19":48,"20":30,"21":30,"22":30,"23":30,"24":120,"25":120,"26":24,"27":96,"28":96,"29":60,"30":60,"31":60,"32":36,"33":6,"34":96,"35":30,"36":6,"37":30,"38":30,"39":6,"40":1,"41":0,"42":0,"43":0,"44":0,"45":0,"46":0,"47":0,"48":0,"49":0,"50":0,"51":0,"52":0,"53":0,"54":0,"55":0,"56":0,"57":0,"58":0,"59":0,"60":0,"61":0,"62":0,"63":0,"64":0,"65":0},"f":{"0":6,"1":0,"2":0,"3":0,"4":0},"b":{"0":[18],"1":[30],"2":[30],"3":[6,24],"4":[24],"5":[120,108,96],"6":[60,36],"7":[6],"8":[6],"9":[0,0],"10":[0,0],"11":[0,0],"12":[0],"13":[0],"14":[0],"15":[0,0]}}
,"/Users/air/Projects/ora-system/src/ui/react-app/lib/schema-validation.ts": {"path":"/Users/air/Projects/ora-system/src/ui/react-app/lib/schema-validation.ts","statementMap":{"0":{"start":{"line":17,"column":13},"end":{"line":17,"column":34}},"1":{"start":{"line":26,"column":13},"end":{"line":26,"column":35}},"2":{"start":{"line":130,"column":16},"end":{"line":130,"column":37}},"3":{"start":{"line":155,"column":16},"end":{"line":155,"column":35}},"4":{"start":{"line":92,"column":16},"end":{"line":92,"column":34}},"5":{"start":{"line":37,"column":16},"end":{"line":37,"column":38}},"6":{"start":{"line":111,"column":16},"end":{"line":111,"column":35}},"7":{"start":{"line":17,"column":37},"end":{"line":23,"column":null}},"8":{"start":{"line":26,"column":38},"end":{"line":29,"column":null}},"9":{"start":{"line":44,"column":8},"end":{"line":44,"column":null}},"10":{"start":{"line":46,"column":29},"end":{"line":46,"column":31}},"11":{"start":{"line":47,"column":46},"end":{"line":47,"column":48}},"12":{"start":{"line":48,"column":41},"end":{"line":48,"column":43}},"13":{"start":{"line":49,"column":50},"end":{"line":49,"column":null}},"14":{"start":{"line":52,"column":4},"end":{"line":65,"column":null}},"15":{"start":{"line":53,"column":22},"end":{"line":53,"column":null}},"16":{"start":{"line":54,"column":24},"end":{"line":54,"column":null}},"17":{"start":{"line":55,"column":22},"end":{"line":55,"column":null}},"18":{"start":{"line":56,"column":8},"end":{"line":56,"column":null}},"19":{"start":{"line":58,"column":8},"end":{"line":64,"column":null}},"20":{"start":{"line":59,"column":12},"end":{"line":59,"column":null}},"21":{"start":{"line":60,"column":12},"end":{"line":60,"column":null}},"22":{"start":{"line":61,"column":15},"end":{"line":64,"column":null}},"23":{"start":{"line":62,"column":12},"end":{"line":62,"column":null}},"24":{"start":{"line":63,"column":12},"end":{"line":63,"column":null}},"25":{"start":{"line":67,"column":20},"end":{"line":67,"column":null}},"26":{"start":{"line":69,"column":4},"end":{"line":76,"column":null}},"27":{"start":{"line":70,"column":8},"end":{"line":75,"column":null}},"28":{"start":{"line":78,"column":4},"end":{"line":83,"column":null}},"29":{"start":{"line":93,"column":19},"end":{"line":96,"column":null}},"30":{"start":{"line":98,"column":4},"end":{"line":100,"column":null}},"31":{"start":{"line":99,"column":8},"end":{"line":99,"column":null}},"32":{"start":{"line":102,"column":4},"end":{"line":102,"column":null}},"33":{"start":{"line":112,"column":19},"end":{"line":115,"column":null}},"34":{"start":{"line":117,"column":4},"end":{"line":119,"column":null}},"35":{"start":{"line":118,"column":8},"end":{"line":118,"column":null}},"36":{"start":{"line":121,"column":4},"end":{"line":121,"column":null}},"37":{"start":{"line":134,"column":4},"end":{"line":134,"column":null}},"38":{"start":{"line":134,"column":28},"end":{"line":134,"column":null}},"39":{"start":{"line":136,"column":18},"end":{"line":136,"column":61}},"40":{"start":{"line":138,"column":4},"end":{"line":140,"column":null}},"41":{"start":{"line":139,"column":8},"end":{"line":139,"column":null}},"42":{"start":{"line":139,"column":87},"end":{"line":139,"column":95}},"43":{"start":{"line":142,"column":4},"end":{"line":144,"column":null}},"44":{"start":{"line":143,"column":8},"end":{"line":143,"column":null}},"45":{"start":{"line":143,"column":85},"end":{"line":143,"column":93}},"46":{"start":{"line":146,"column":4},"end":{"line":146,"column":null}},"47":{"start":{"line":160,"column":24},"end":{"line":160,"column":null}},"48":{"start":{"line":163,"column":4},"end":{"line":163,"column":null}}},"fnMap":{"0":{"name":"validateMarkdownSchema","decl":{"start":{"line":37,"column":16},"end":{"line":37,"column":38}},"loc":{"start":{"line":39,"column":41},"end":{"line":84,"column":null}}},"1":{"name":"validateLoopSchema","decl":{"start":{"line":92,"column":16},"end":{"line":92,"column":34}},"loc":{"start":{"line":92,"column":69},"end":{"line":103,"column":null}}},"2":{"name":"validatePhaseSchema","decl":{"start":{"line":111,"column":16},"end":{"line":111,"column":35}},"loc":{"start":{"line":111,"column":70},"end":{"line":122,"column":null}}},"3":{"name":"formatValidationError","decl":{"start":{"line":130,"column":16},"end":{"line":130,"column":37}},"loc":{"start":{"line":132,"column":29},"end":{"line":147,"column":null}}},"4":{"name":"(anonymous_12)","decl":{"start":{"line":139,"column":82},"end":{"line":139,"column":87}},"loc":{"start":{"line":139,"column":87},"end":{"line":139,"column":95}}},"5":{"name":"(anonymous_13)","decl":{"start":{"line":143,"column":80},"end":{"line":143,"column":85}},"loc":{"start":{"line":143,"column":85},"end":{"line":143,"column":93}}},"6":{"name":"useSchemaValidation","decl":{"start":{"line":155,"column":16},"end":{"line":155,"column":35}},"loc":{"start":{"line":157,"column":54},"end":{"line":164,"column":null}}}},"branchMap":{"0":{"loc":{"start":{"line":39,"column":4},"end":{"line":39,"column":41}},"type":"default-arg","locations":[{"start":{"line":39,"column":39},"end":{"line":39,"column":41}}]},"1":{"loc":{"start":{"line":42,"column":8},"end":{"line":42,"column":48}},"type":"default-arg","locations":[{"start":{"line":42,"column":27},"end":{"line":42,"column":48}}]},"2":{"loc":{"start":{"line":43,"column":8},"end":{"line":43,"column":24}},"type":"default-arg","locations":[{"start":{"line":43,"column":20},"end":{"line":43,"column":24}}]},"3":{"loc":{"start":{"line":55,"column":22},"end":{"line":55,"column":null}},"type":"cond-expr","locations":[{"start":{"line":55,"column":32},"end":{"line":55,"column":46}},{"start":{"line":55,"column":49},"end":{"line":55,"column":null}}]},"4":{"loc":{"start":{"line":58,"column":8},"end":{"line":64,"column":null}},"type":"if","locations":[{"start":{"line":58,"column":8},"end":{"line":64,"column":null}},{"start":{"line":61,"column":15},"end":{"line":64,"column":null}}]},"5":{"loc":{"start":{"line":61,"column":15},"end":{"line":64,"column":null}},"type":"if","locations":[{"start":{"line":61,"column":15},"end":{"line":64,"column":null}}]},"6":{"loc":{"start":{"line":69,"column":4},"end":{"line":76,"column":null}},"type":"if","locations":[{"start":{"line":69,"column":4},"end":{"line":76,"column":null}}]},"7":{"loc":{"start":{"line":69,"column":8},"end":{"line":69,"column":31}},"type":"binary-expr","locations":[{"start":{"line":69,"column":8},"end":{"line":69,"column":20}},{"start":{"line":69,"column":20},"end":{"line":69,"column":31}}]},"8":{"loc":{"start":{"line":98,"column":4},"end":{"line":100,"column":null}},"type":"if","locations":[{"start":{"line":98,"column":4},"end":{"line":100,"column":null}}]},"9":{"loc":{"start":{"line":98,"column":8},"end":{"line":98,"column":37}},"type":"binary-expr","locations":[{"start":{"line":98,"column":8},"end":{"line":98,"column":23}},{"start":{"line":98,"column":27},"end":{"line":98,"column":37}}]},"10":{"loc":{"start":{"line":117,"column":4},"end":{"line":119,"column":null}},"type":"if","locations":[{"start":{"line":117,"column":4},"end":{"line":119,"column":null}}]},"11":{"loc":{"start":{"line":117,"column":8},"end":{"line":117,"column":37}},"type":"binary-expr","locations":[{"start":{"line":117,"column":8},"end":{"line":117,"column":23}},{"start":{"line":117,"column":27},"end":{"line":117,"column":37}}]},"12":{"loc":{"start":{"line":132,"column":4},"end":{"line":132,"column":29}},"type":"default-arg","locations":[{"start":{"line":132,"column":23},"end":{"line":132,"column":29}}]},"13":{"loc":{"start":{"line":134,"column":4},"end":{"line":134,"column":null}},"type":"if","locations":[{"start":{"line":134,"column":4},"end":{"line":134,"column":null}}]},"14":{"loc":{"start":{"line":138,"column":4},"end":{"line":140,"column":null}},"type":"if","locations":[{"start":{"line":138,"column":4},"end":{"line":140,"column":null}}]},"15":{"loc":{"start":{"line":142,"column":4},"end":{"line":144,"column":null}},"type":"if","locations":[{"start":{"line":142,"column":4},"end":{"line":144,"column":null}}]},"16":{"loc":{"start":{"line":157,"column":4},"end":{"line":157,"column":54}},"type":"default-arg","locations":[{"start":{"line":157,"column":33},"end":{"line":157,"column":54}}]}},"s":{"0":0,"1":0,"2":0,"3":0,"4":0,"5":0,"6":0,"7":0,"8":0,"9":0,"10":0,"11":0,"12":0,"13":0,"14":0,"15":0,"16":0,"17":0,"18":0,"19":0,"20":0,"21":0,"22":0,"23":0,"24":0,"25":0,"26":0,"27":0,"28":0,"29":0,"30":0,"31":0,"32":0,"33":0,"34":0,"35":0,"36":0,"37":0,"38":0,"39":0,"40":0,"41":0,"42":0,"43":0,"44":0,"45":0,"46":0,"47":0,"48":0},"f":{"0":0,"1":0,"2":0,"3":0,"4":0,"5":0,"6":0},"b":{"0":[0],"1":[0],"2":[0],"3":[0,0],"4":[0,0],"5":[0],"6":[0],"7":[0,0],"8":[0],"9":[0,0],"10":[0],"11":[0,0],"12":[0],"13":[0],"14":[0],"15":[0],"16":[0]}}
,"/Users/air/Projects/ora-system/src/ui/react-app/lib/utils.ts": {"path":"/Users/air/Projects/ora-system/src/ui/react-app/lib/utils.ts","statementMap":{"0":{"start":{"line":4,"column":16},"end":{"line":4,"column":19}},"1":{"start":{"line":1,"column":38},"end":{"line":1,"column":null}},"2":{"start":{"line":2,"column":24},"end":{"line":2,"column":null}},"3":{"start":{"line":5,"column":2},"end":{"line":5,"column":null}}},"fnMap":{"0":{"name":"cn","decl":{"start":{"line":4,"column":16},"end":{"line":4,"column":19}},"loc":{"start":{"line":4,"column":42},"end":{"line":6,"column":null}}}},"branchMap":{},"s":{"0":1116,"1":7,"2":7,"3":1115},"f":{"0":1115},"b":{}}
,"/Users/air/Projects/ora-system/src/ui/react-app/lib/yaml-engine.ts": {"path":"/Users/air/Projects/ora-system/src/ui/react-app/lib/yaml-engine.ts","statementMap":{"0":{"start":{"line":8,"column":13},"end":{"line":8,"column":26}},"1":{"start":{"line":3,"column":13},"end":{"line":3,"column":23}},"2":{"start":{"line":1,"column":17},"end":{"line":1,"column":null}},"3":{"start":{"line":3,"column":26},"end":{"line":6,"column":null}},"4":{"start":{"line":4,"column":26},"end":{"line":4,"column":null}},"5":{"start":{"line":5,"column":31},"end":{"line":5,"column":null}},"6":{"start":{"line":8,"column":29},"end":{"line":13,"column":null}}},"fnMap":{"0":{"name":"(anonymous_4)","decl":{"start":{"line":4,"column":9},"end":{"line":4,"column":10}},"loc":{"start":{"line":4,"column":26},"end":{"line":4,"column":null}}},"1":{"name":"(anonymous_5)","decl":{"start":{"line":5,"column":13},"end":{"line":5,"column":14}},"loc":{"start":{"line":5,"column":31},"end":{"line":5,"column":null}}}},"branchMap":{},"s":{"0":0,"1":17,"2":1,"3":1,"4":6,"5":6,"6":1},"f":{"0":6,"1":6},"b":{}}
}
