TN:
SF:app/layout.tsx
FN:17,RootLayout
FNF:1
FNH:0
FNDA:0,RootLayout
DA:2,0
DA:3,0
DA:4,0
DA:5,0
DA:6,0
DA:7,0
DA:8,0
DA:10,0
DA:12,0
DA:17,0
LF:10
LH:0
BRF:0
BRH:0
end_of_record
TN:
SF:app/page.tsx
FN:3,HomePage
FNF:1
FNH:0
FNDA:0,HomePage
DA:1,0
DA:3,0
LF:2
LH:0
BRF:0
BRH:0
end_of_record
TN:
SF:app/api/chat/route.ts
FN:18,getChatFilePath
FN:37,parseChat
FN:62,stringifyMessage
FN:73,GET
FN:97,POST
FNF:5
FNH:0
FNDA:0,getChatFilePath
FNDA:0,parseChat
FNDA:0,stringifyMessage
FNDA:0,GET
FNDA:0,POST
DA:1,0
DA:2,0
DA:3,0
DA:5,0
DA:15,0
DA:16,0
DA:19,0
DA:21,0
DA:23,0
DA:25,0
DA:30,0
DA:32,0
DA:38,0
DA:39,0
DA:40,0
DA:43,0
DA:44,0
DA:46,0
DA:47,0
DA:48,0
DA:49,0
DA:51,0
DA:52,0
DA:59,0
DA:63,0
DA:73,0
DA:74,0
DA:75,0
DA:76,0
DA:78,0
DA:79,0
DA:82,0
DA:83,0
DA:84,0
DA:85,0
DA:86,0
DA:88,0
DA:89,0
DA:91,0
DA:92,0
DA:97,0
DA:98,0
DA:100,0
DA:101,0
DA:104,0
DA:109,0
DA:110,0
DA:111,0
DA:113,0
DA:114,0
DA:118,0
DA:119,0
DA:123,0
DA:125,0
DA:126,0
LF:55
LH:0
BRDA:19,0,0,0
BRDA:19,0,1,0
BRDA:19,0,2,0
BRDA:19,0,3,0
BRDA:19,0,4,0
BRDA:38,1,0,0
BRDA:40,2,0,0
BRDA:40,2,1,0
BRDA:51,3,0,0
BRDA:51,4,0,0
BRDA:51,4,1,0
BRDA:51,4,2,0
BRDA:78,5,0,0
BRDA:88,6,0,0
BRDA:88,7,0,0
BRDA:88,7,1,0
BRDA:100,8,0,0
BRDA:100,9,0,0
BRDA:100,9,1,0
BRDA:100,9,2,0
BRDA:113,10,0,0
BRDA:113,10,1,0
BRF:22
BRH:0
end_of_record
TN:
SF:app/api/complete-task/route.ts
FN:6,runEmbeddingScript
FN:7,(anonymous_3)
FN:11,(anonymous_4)
FN:22,appendToMemoryTrace
FN:35,POST
FN:85,(anonymous_7)
FN:98,escapeRegExp
FNF:7
FNH:0
FNDA:0,runEmbeddingScript
FNDA:0,(anonymous_3)
FNDA:0,(anonymous_4)
FNDA:0,appendToMemoryTrace
FNDA:0,POST
FNDA:0,(anonymous_7)
FNDA:0,escapeRegExp
DA:1,0
DA:2,0
DA:3,0
DA:4,0
DA:7,0
DA:8,0
DA:9,0
DA:11,0
DA:12,0
DA:13,0
DA:14,0
DA:16,0
DA:17,0
DA:23,0
DA:24,0
DA:26,0
DA:27,0
DA:29,0
DA:32,0
DA:35,0
DA:36,0
DA:37,0
DA:39,0
DA:40,0
DA:43,0
DA:45,0
DA:47,0
DA:48,0
DA:49,0
DA:52,0
DA:54,0
DA:55,0
DA:57,0
DA:58,0
DA:60,0
DA:61,0
DA:62,0
DA:64,0
DA:65,0
DA:67,0
DA:69,0
DA:72,0
DA:74,0
DA:82,0
DA:85,0
DA:86,0
DA:90,0
DA:92,0
DA:93,0
DA:94,0
DA:99,0
LF:51
LH:0
BRDA:12,0,0,0
BRDA:26,1,0,0
BRDA:26,1,1,0
BRDA:39,2,0,0
BRDA:39,3,0,0
BRDA:39,3,1,0
BRDA:48,4,0,0
BRDA:60,5,0,0
BRDA:60,5,1,0
BRDA:62,6,0,0
BRDA:62,6,1,0
BRDA:93,7,0,0
BRDA:93,7,1,0
BRF:13
BRH:0
end_of_record
TN:
SF:app/api/contextual-chat/route.ts
FN:20,getChatFilePath
FN:30,getContextFilePath
FN:44,parseChat
FN:87,stringifyMessage
FN:97,GET
FN:136,POST
FNF:6
FNH:0
FNDA:0,getChatFilePath
FNDA:0,getContextFilePath
FNDA:0,parseChat
FNDA:0,stringifyMessage
FNDA:0,GET
FNDA:0,POST
DA:1,0
DA:2,0
DA:3,0
DA:5,0
DA:7,0
DA:17,0
DA:18,0
DA:21,0
DA:23,0
DA:27,0
DA:31,0
DA:33,0
DA:35,0
DA:37,0
DA:39,0
DA:45,0
DA:47,0
DA:48,0
DA:49,0
DA:52,0
DA:53,0
DA:55,0
DA:56,0
DA:57,0
DA:58,0
DA:59,0
DA:60,0
DA:62,0
DA:63,0
DA:64,0
DA:65,0
DA:66,0
DA:67,0
DA:68,0
DA:69,0
DA:70,0
DA:71,0
DA:72,0
DA:76,0
DA:77,0
DA:84,0
DA:88,0
DA:97,0
DA:98,0
DA:99,0
DA:100,0
DA:101,0
DA:103,0
DA:104,0
DA:107,0
DA:109,0
DA:111,0
DA:113,0
DA:114,0
DA:117,0
DA:120,0
DA:121,0
DA:122,0
DA:123,0
DA:125,0
DA:126,0
DA:128,0
DA:131,0
DA:132,0
DA:136,0
DA:137,0
DA:139,0
DA:140,0
DA:143,0
DA:148,0
DA:149,0
DA:151,0
DA:153,0
DA:154,0
DA:155,0
DA:157,0
DA:159,0
DA:160,0
DA:161,0
DA:163,0
DA:168,0
DA:169,0
DA:172,0
DA:176,0
DA:177,0
DA:185,0
DA:189,0
DA:191,0
DA:192,0
LF:89
LH:0
BRDA:21,0,0,0
BRDA:31,1,0,0
BRDA:31,1,1,0
BRDA:31,1,2,0
BRDA:31,1,3,0
BRDA:44,2,0,0
BRDA:47,3,0,0
BRDA:49,4,0,0
BRDA:49,4,1,0
BRDA:64,5,0,0
BRDA:64,5,1,0
BRDA:64,6,0,0
BRDA:64,6,1,0
BRDA:64,6,2,0
BRDA:66,7,0,0
BRDA:66,7,1,0
BRDA:68,8,0,0
BRDA:68,8,1,0
BRDA:71,9,0,0
BRDA:71,10,0,0
BRDA:71,10,1,0
BRDA:76,11,0,0
BRDA:76,12,0,0
BRDA:76,12,1,0
BRDA:76,12,2,0
BRDA:76,12,3,0
BRDA:101,13,0,0
BRDA:101,13,1,0
BRDA:103,14,0,0
BRDA:103,15,0,0
BRDA:103,15,1,0
BRDA:111,16,0,0
BRDA:111,16,1,0
BRDA:125,17,0,0
BRDA:125,18,0,0
BRDA:125,18,1,0
BRDA:139,19,0,0
BRDA:139,20,0,0
BRDA:139,20,1,0
BRDA:139,20,2,0
BRDA:151,21,0,0
BRDA:151,21,1,0
BRDA:157,22,0,0
BRDA:157,22,1,0
BRDA:157,23,0,0
BRDA:157,23,1,0
BRDA:193,24,0,0
BRDA:193,24,1,0
BRF:48
BRH:0
end_of_record
TN:
SF:app/api/contextual-chat/add-section/route.ts
FN:10,POST
FNF:1
FNH:0
FNDA:0,POST
DA:1,0
DA:2,0
DA:3,0
DA:4,0
DA:7,0
DA:10,0
DA:11,0
DA:13,0
DA:14,0
DA:17,0
DA:18,0
DA:19,0
DA:22,0
DA:25,0
DA:26,0
DA:28,0
DA:32,0
DA:35,0
DA:36,0
DA:40,0
DA:41,0
DA:44,0
DA:45,0
DA:54,0
DA:57,0
DA:63,0
DA:64,0
LF:27
LH:0
BRDA:13,0,0,0
BRDA:13,1,0,0
BRDA:13,1,1,0
BRDA:18,2,0,0
BRDA:35,3,0,0
BRDA:65,4,0,0
BRDA:65,4,1,0
BRF:7
BRH:0
end_of_record
TN:
SF:app/api/contextual-chat/log/route.ts
FN:11,getContextFilePath
FN:28,formatLogEntry
FN:44,POST
FNF:3
FNH:0
FNDA:0,getContextFilePath
FNDA:0,formatLogEntry
FNDA:0,POST
DA:1,0
DA:2,0
DA:3,0
DA:4,0
DA:5,0
DA:8,0
DA:9,0
DA:12,0
DA:13,0
DA:16,0
DA:18,0
DA:20,0
DA:22,0
DA:24,0
DA:29,0
DA:30,0
DA:32,0
DA:33,0
DA:37,0
DA:44,0
DA:45,0
DA:47,0
DA:48,0
DA:51,0
DA:52,0
DA:55,0
DA:56,0
DA:57,0
DA:58,0
DA:60,0
DA:61,0
DA:63,0
DA:65,0
DA:66,0
DA:67,0
DA:69,0
DA:74,0
DA:75,0
DA:83,0
DA:87,0
DA:92,0
DA:93,0
LF:42
LH:0
BRDA:12,0,0,0
BRDA:16,1,0,0
BRDA:16,1,1,0
BRDA:16,1,2,0
BRDA:16,1,3,0
BRDA:32,2,0,0
BRDA:32,2,1,0
BRDA:34,3,0,0
BRDA:34,3,1,0
BRDA:47,4,0,0
BRDA:47,5,0,0
BRDA:47,5,1,0
BRDA:47,5,2,0
BRDA:47,5,3,0
BRDA:51,6,0,0
BRDA:51,7,0,0
BRDA:51,7,1,0
BRDA:57,8,0,0
BRDA:57,8,1,0
BRDA:63,9,0,0
BRDA:63,9,1,0
BRDA:63,10,0,0
BRDA:63,10,1,0
BRDA:94,11,0,0
BRDA:94,11,1,0
BRF:25
BRH:0
end_of_record
TN:
SF:app/api/demo-loops/route.ts
FN:29,loadLoopMetadata
FN:65,loadAllLoops
FN:68,(anonymous_6)
FN:73,(anonymous_7)
FN:76,(anonymous_8)
FN:84,GET
FNF:6
FNH:0
FNDA:0,loadLoopMetadata
FNDA:0,loadAllLoops
FNDA:0,(anonymous_6)
FNDA:0,(anonymous_7)
FNDA:0,(anonymous_8)
FNDA:0,GET
DA:1,1
DA:2,1
DA:3,1
DA:4,1
DA:7,1
DA:10,1
DA:11,1
DA:30,0
DA:31,0
DA:32,0
DA:33,0
DA:36,0
DA:37,0
DA:43,0
DA:45,0
DA:60,0
DA:61,0
DA:66,0
DA:67,0
DA:68,0
DA:69,0
DA:72,0
DA:73,0
DA:76,0
DA:78,0
DA:79,0
DA:84,0
DA:85,0
DA:86,0
DA:87,0
DA:89,0
DA:91,0
DA:92,0
DA:94,0
DA:95,0
DA:101,0
DA:104,0
DA:105,0
DA:108,0
DA:109,0
LF:40
LH:7
BRDA:48,0,0,0
BRDA:48,0,1,0
BRDA:49,1,0,0
BRDA:49,1,1,0
BRDA:50,2,0,0
BRDA:50,2,1,0
BRDA:51,3,0,0
BRDA:51,3,1,0
BRDA:52,4,0,0
BRDA:52,4,1,0
BRDA:53,5,0,0
BRDA:53,5,1,0
BRDA:54,6,0,0
BRDA:54,6,1,0
BRDA:55,7,0,0
BRDA:55,7,1,0
BRDA:56,8,0,0
BRDA:56,8,1,0
BRDA:69,9,0,0
BRDA:69,9,1,0
BRDA:89,10,0,0
BRDA:89,10,1,0
BRDA:91,11,0,0
BRDA:91,11,1,0
BRDA:94,12,0,0
BRF:25
BRH:0
end_of_record
TN:
SF:app/api/get-plan/route.ts
FN:6,GET
FNF:1
FNH:0
FNDA:0,GET
DA:1,0
DA:2,0
DA:3,0
DA:4,0
DA:6,0
DA:7,0
DA:8,0
DA:9,0
DA:10,0
DA:11,0
DA:13,0
DA:14,0
DA:15,0
LF:13
LH:0
BRDA:14,0,0,0
BRDA:14,0,1,0
BRF:2
BRH:0
end_of_record
TN:
SF:app/api/loops/route.ts
FN:10,GET
FN:15,(anonymous_3)
FN:16,(anonymous_4)
FNF:3
FNH:0
FNDA:0,GET
FNDA:0,(anonymous_3)
FNDA:0,(anonymous_4)
DA:1,0
DA:2,0
DA:3,0
DA:4,0
DA:5,0
DA:7,0
DA:8,0
DA:10,0
DA:11,0
DA:12,0
DA:14,0
DA:15,0
DA:17,0
DA:18,0
DA:19,0
DA:20,0
DA:22,0
DA:28,0
DA:35,0
DA:37,0
DA:39,0
DA:40,0
DA:41,0
DA:43,0
DA:44,0
LF:25
LH:0
BRDA:23,0,0,0
BRDA:23,0,1,0
BRDA:24,1,0,0
BRDA:24,1,1,0
BRDA:40,2,0,0
BRDA:40,3,0,0
BRDA:40,3,1,0
BRDA:40,3,2,0
BRDA:43,4,0,0
BRDA:43,4,1,0
BRF:10
BRH:0
end_of_record
TN:
SF:app/api/memory/route.ts
FN:14,GET
FNF:1
FNH:0
FNDA:0,GET
DA:1,0
DA:2,0
DA:3,0
DA:4,0
DA:14,0
DA:15,0
DA:16,0
DA:18,0
DA:19,0
DA:22,0
DA:23,0
DA:24,0
DA:25,0
DA:27,0
DA:29,0
DA:31,0
DA:32,0
DA:33,0
DA:35,0
DA:39,0
DA:42,0
DA:43,0
DA:44,0
LF:23
LH:0
BRDA:18,0,0,0
BRDA:43,1,0,0
BRDA:43,1,1,0
BRF:3
BRH:0
end_of_record
TN:
SF:app/api/phase-doc/route.ts
FN:11,parseMarkdownFile
FN:17,GET
FN:41,(anonymous_6)
FN:46,(anonymous_7)
FN:48,(anonymous_8)
FN:78,(anonymous_9)
FN:84,(anonymous_10)
FN:91,(anonymous_11)
FNF:8
FNH:0
FNDA:0,parseMarkdownFile
FNDA:0,GET
FNDA:0,(anonymous_6)
FNDA:0,(anonymous_7)
FNDA:0,(anonymous_8)
FNDA:0,(anonymous_9)
FNDA:0,(anonymous_10)
FNDA:0,(anonymous_11)
DA:1,0
DA:2,0
DA:3,0
DA:4,0
DA:5,0
DA:8,0
DA:12,0
DA:13,0
DA:14,0
DA:17,0
DA:18,0
DA:19,0
DA:20,0
DA:22,0
DA:23,0
DA:26,0
DA:27,0
DA:28,0
DA:29,0
DA:30,0
DA:31,0
DA:32,0
DA:33,0
DA:34,0
DA:37,0
DA:41,0
DA:44,0
DA:45,0
DA:46,0
DA:48,0
DA:51,0
DA:52,0
DA:55,0
DA:56,0
DA:59,0
DA:60,0
DA:61,0
DA:64,0
DA:65,0
DA:66,0
DA:68,0
DA:69,0
DA:70,0
DA:71,0
DA:72,0
DA:73,0
DA:77,0
DA:78,0
DA:84,0
DA:87,0
DA:91,0
DA:96,0
DA:97,0
DA:98,0
LF:54
LH:0
BRDA:29,0,0,0
BRDA:29,1,0,0
BRDA:29,1,1,0
BRDA:33,2,0,0
BRDA:45,3,0,0
BRDA:45,3,1,0
BRDA:51,4,0,0
BRDA:52,5,0,0
BRDA:52,5,1,0
BRDA:55,6,0,0
BRDA:69,7,0,0
BRDA:72,8,0,0
BRDA:77,9,0,0
BRDA:77,10,0,0
BRDA:77,10,1,0
BRDA:97,11,0,0
BRDA:97,11,1,0
BRF:17
BRH:0
end_of_record
TN:
SF:app/api/plan-tasks/route.ts
FN:14,safeWriteTasks
FN:32,GET
FN:47,POST
FN:92,PUT
FN:99,(anonymous_11)
FN:133,DELETE
FN:141,(anonymous_13)
FNF:7
FNH:0
FNDA:0,safeWriteTasks
FNDA:0,GET
FNDA:0,POST
FNDA:0,PUT
FNDA:0,(anonymous_11)
FNDA:0,DELETE
FNDA:0,(anonymous_13)
DA:1,0
DA:2,0
DA:3,0
DA:4,0
DA:5,0
DA:6,0
DA:8,0
DA:10,0
DA:11,0
DA:12,0
DA:16,0
DA:17,0
DA:18,0
DA:19,0
DA:22,0
DA:23,0
DA:24,0
DA:28,0
DA:29,0
DA:32,0
DA:33,0
DA:34,0
DA:35,0
DA:36,0
DA:38,0
DA:39,0
DA:41,0
DA:42,0
DA:43,0
DA:47,0
DA:48,0
DA:49,0
DA:50,0
DA:52,0
DA:53,0
DA:56,0
DA:58,0
DA:66,0
DA:68,0
DA:71,0
DA:72,0
DA:80,0
DA:83,0
DA:86,0
DA:87,0
DA:88,0
DA:92,0
DA:93,0
DA:94,0
DA:96,0
DA:97,0
DA:99,0
DA:100,0
DA:101,0
DA:104,0
DA:105,0
DA:107,0
DA:109,0
DA:112,0
DA:113,0
DA:121,0
DA:124,0
DA:127,0
DA:128,0
DA:129,0
DA:133,0
DA:134,0
DA:135,0
DA:136,0
DA:138,0
DA:139,0
DA:141,0
DA:142,0
DA:143,0
DA:146,0
DA:147,0
DA:149,0
DA:152,0
DA:153,0
DA:161,0
DA:164,0
DA:167,0
DA:168,0
DA:169,0
LF:84
LH:0
BRDA:23,0,0,0
BRDA:23,1,0,0
BRDA:23,1,1,0
BRDA:38,2,0,0
BRDA:38,3,0,0
BRDA:38,3,1,0
BRDA:42,4,0,0
BRDA:42,4,1,0
BRDA:52,5,0,0
BRDA:52,6,0,0
BRDA:52,6,1,0
BRDA:56,7,0,0
BRDA:56,7,1,0
BRDA:87,8,0,0
BRDA:87,8,1,0
BRDA:100,9,0,0
BRDA:107,10,0,0
BRDA:107,10,1,0
BRDA:128,11,0,0
BRDA:128,11,1,0
BRDA:136,12,0,0
BRDA:142,13,0,0
BRDA:147,14,0,0
BRDA:147,14,1,0
BRDA:168,15,0,0
BRDA:168,15,1,0
BRF:26
BRH:0
end_of_record
TN:
SF:app/api/project-task-files/route.ts
FN:8,findTaskFiles
FN:23,GET
FN:26,(anonymous_4)
FNF:3
FNH:0
FNDA:0,findTaskFiles
FNDA:0,GET
FNDA:0,(anonymous_4)
DA:1,0
DA:2,0
DA:3,0
DA:5,0
DA:6,0
DA:9,0
DA:10,0
DA:12,0
DA:13,0
DA:14,0
DA:15,0
DA:16,0
DA:17,0
DA:20,0
DA:23,0
DA:24,0
DA:25,0
DA:26,0
DA:30,0
DA:32,0
DA:33,0
LF:21
LH:0
BRDA:14,0,0,0
BRDA:14,0,1,0
BRDA:16,1,0,0
BRDA:16,2,0,0
BRDA:16,2,1,0
BRF:5
BRH:0
end_of_record
TN:
SF:app/api/promote-plan-task/route.ts
FN:5,POST
FNF:1
FNH:0
FNDA:0,POST
DA:1,0
DA:2,0
DA:3,0
DA:5,0
DA:6,0
DA:8,0
DA:9,0
DA:12,0
DA:13,0
DA:14,0
DA:16,0
DA:18,0
DA:24,0
DA:25,0
DA:28,0
DA:31,0
DA:33,0
DA:36,0
DA:37,0
DA:38,0
LF:20
LH:0
BRDA:8,0,0,0
BRDA:21,1,0,0
BRDA:21,1,1,0
BRDA:24,2,0,0
BRDA:24,2,1,0
BRDA:37,3,0,0
BRDA:37,3,1,0
BRF:7
BRH:0
end_of_record
TN:
SF:app/api/promote-task/route.ts
FN:16,POST
FN:76,(anonymous_3)
FNF:2
FNH:0
FNDA:0,POST
FNDA:0,(anonymous_3)
DA:1,0
DA:2,0
DA:3,0
DA:4,0
DA:6,0
DA:7,0
DA:10,0
DA:11,0
DA:12,0
DA:16,0
DA:17,0
DA:19,0
DA:20,0
DA:23,0
DA:25,0
DA:27,0
DA:29,0
DA:30,0
DA:31,0
DA:34,0
DA:47,0
DA:48,0
DA:51,0
DA:52,0
DA:53,0
DA:56,0
DA:57,0
DA:58,0
DA:60,0
DA:64,0
DA:67,0
DA:68,0
DA:70,0
DA:71,0
DA:74,0
DA:75,0
DA:76,0
DA:78,0
DA:79,0
DA:81,0
DA:82,0
DA:84,0
DA:86,0
DA:87,0
DA:90,0
DA:94,0
DA:95,0
DA:103,0
DA:106,0
DA:109,0
DA:110,0
DA:111,0
LF:52
LH:0
BRDA:19,0,0,0
BRDA:19,1,0,0
BRDA:19,1,1,0
BRDA:19,1,2,0
BRDA:27,2,0,0
BRDA:27,2,1,0
BRDA:27,2,2,0
BRDA:27,2,3,0
BRDA:78,3,0,0
BRDA:78,3,1,0
BRDA:110,4,0,0
BRDA:110,4,1,0
BRF:12
BRH:0
end_of_record
TN:
SF:app/api/roadmap/route.ts
FN:13,getEnrichedLoop
FN:43,getEnrichedPhase
FN:46,(anonymous_4)
FN:47,(anonymous_5)
FN:50,(anonymous_6)
FN:51,(anonymous_7)
FN:73,getLoopsForPhase
FN:105,GET
FN:112,(anonymous_10)
FN:118,(anonymous_11)
FN:119,(anonymous_12)
FN:127,(anonymous_13)
FN:144,(anonymous_14)
FNF:13
FNH:0
FNDA:0,getEnrichedLoop
FNDA:0,getEnrichedPhase
FNDA:0,(anonymous_4)
FNDA:0,(anonymous_5)
FNDA:0,(anonymous_6)
FNDA:0,(anonymous_7)
FNDA:0,getLoopsForPhase
FNDA:0,GET
FNDA:0,(anonymous_10)
FNDA:0,(anonymous_11)
FNDA:0,(anonymous_12)
FNDA:0,(anonymous_13)
FNDA:0,(anonymous_14)
DA:1,0
DA:2,0
DA:3,0
DA:4,0
DA:5,0
DA:6,0
DA:8,0
DA:9,0
DA:14,0
DA:16,0
DA:17,0
DA:18,0
DA:21,0
DA:22,0
DA:23,0
DA:24,0
DA:38,0
DA:39,0
DA:45,0
DA:46,0
DA:47,0
DA:49,0
DA:50,0
DA:51,0
DA:53,0
DA:54,0
DA:55,0
DA:56,0
DA:57,0
DA:58,0
DA:61,0
DA:64,0
DA:74,0
DA:75,0
DA:76,0
DA:78,0
DA:79,0
DA:81,0
DA:82,0
DA:83,0
DA:84,0
DA:87,0
DA:88,0
DA:92,0
DA:93,0
DA:97,0
DA:99,0
DA:100,0
DA:105,0
DA:106,0
DA:107,0
DA:108,0
DA:111,0
DA:114,0
DA:116,0
DA:117,0
DA:118,0
DA:119,0
DA:126,0
DA:127,0
DA:134,0
DA:141,0
DA:142,0
DA:144,0
DA:146,0
DA:149,0
DA:150,0
DA:151,0
LF:68
LH:0
BRDA:16,0,0,0
BRDA:16,1,0,0
BRDA:16,1,1,0
BRDA:16,1,2,0
BRDA:25,2,0,0
BRDA:25,2,1,0
BRDA:26,3,0,0
BRDA:26,3,1,0
BRDA:26,3,2,0
BRDA:27,4,0,0
BRDA:27,4,1,0
BRDA:28,5,0,0
BRDA:28,5,1,0
BRDA:29,6,0,0
BRDA:29,6,1,0
BRDA:30,7,0,0
BRDA:30,7,1,0
BRDA:31,8,0,0
BRDA:31,8,1,0
BRDA:32,9,0,0
BRDA:32,9,1,0
BRDA:34,10,0,0
BRDA:34,10,1,0
BRDA:35,11,0,0
BRDA:35,11,1,0
BRDA:45,12,0,0
BRDA:45,12,1,0
BRDA:46,13,0,0
BRDA:46,13,1,0
BRDA:50,14,0,0
BRDA:50,14,1,0
BRDA:79,15,0,0
BRDA:87,16,0,0
BRDA:87,17,0,0
BRDA:87,17,1,0
BRDA:116,18,0,0
BRDA:116,18,1,0
BRDA:116,19,0,0
BRDA:116,19,1,0
BRDA:118,20,0,0
BRDA:118,20,1,0
BRDA:118,20,2,0
BRDA:150,21,0,0
BRDA:150,21,1,0
BRF:44
BRH:0
end_of_record
TN:
SF:app/api/run-task/route.ts
FN:5,appendToExecutionLog
FN:24,appendToMemoryTrace
FN:38,POST
FNF:3
FNH:0
FNDA:0,appendToExecutionLog
FNDA:0,appendToMemoryTrace
FNDA:0,POST
DA:1,0
DA:2,0
DA:3,0
DA:6,0
DA:7,0
DA:8,0
DA:10,0
DA:12,0
DA:13,0
DA:14,0
DA:15,0
DA:18,0
DA:21,0
DA:25,0
DA:26,0
DA:28,0
DA:29,0
DA:31,0
DA:34,0
DA:38,0
DA:39,0
DA:40,0
DA:42,0
DA:43,0
DA:47,0
DA:49,0
DA:50,0
DA:51,0
DA:53,0
DA:55,0
DA:64,0
DA:67,0
DA:69,0
DA:70,0
DA:71,0
LF:35
LH:0
BRDA:10,0,0,0
BRDA:10,0,1,0
BRDA:12,1,0,0
BRDA:12,1,1,0
BRDA:28,2,0,0
BRDA:28,2,1,0
BRDA:42,3,0,0
BRDA:42,4,0,0
BRDA:42,4,1,0
BRDA:42,4,2,0
BRDA:70,5,0,0
BRDA:70,5,1,0
BRF:12
BRH:0
end_of_record
TN:
SF:app/api/suggest-next-step/route.ts
FN:14,POST
FNF:1
FNH:0
FNDA:0,POST
DA:1,0
DA:2,0
DA:3,0
DA:4,0
DA:14,0
DA:15,0
DA:17,0
DA:18,0
DA:21,0
DA:22,0
DA:23,0
DA:24,0
DA:26,0
DA:27,0
DA:28,0
DA:30,0
DA:31,0
DA:32,0
DA:33,0
DA:35,0
DA:36,0
DA:37,0
DA:39,0
DA:40,0
DA:41,0
DA:46,0
DA:48,0
DA:57,0
DA:59,0
DA:61,0
DA:64,0
DA:65,0
DA:66,0
LF:33
LH:0
BRDA:17,0,0,0
BRDA:32,1,0,0
BRDA:32,1,1,0
BRDA:36,2,0,0
BRDA:36,2,1,0
BRDA:40,3,0,0
BRDA:46,4,0,0
BRDA:46,4,1,0
BRDA:65,5,0,0
BRDA:65,5,1,0
BRF:10
BRH:0
end_of_record
TN:
SF:app/api/suggest-plan-task/route.ts
FN:7,parseWorkstreamPlan
FN:17,POST
FN:44,(anonymous_4)
FNF:3
FNH:0
FNDA:0,parseWorkstreamPlan
FNDA:0,POST
FNDA:0,(anonymous_4)
DA:1,0
DA:2,0
DA:3,0
DA:4,0
DA:8,0
DA:9,0
DA:11,0
DA:12,0
DA:14,0
DA:17,0
DA:18,0
DA:20,0
DA:21,0
DA:24,0
DA:26,0
DA:27,0
DA:28,0
DA:31,0
DA:32,0
DA:33,0
DA:36,0
DA:44,0
DA:63,0
DA:70,0
DA:72,0
DA:75,0
DA:76,0
DA:77,0
LF:28
LH:0
BRDA:20,0,0,0
BRDA:76,1,0,0
BRDA:76,1,1,0
BRF:3
BRH:0
end_of_record
TN:
SF:app/api/system-docs/route.ts
FN:11,parseMarkdownFile
FN:18,getFriendlyName
FN:20,(anonymous_6)
FN:23,GET
FN:39,(anonymous_8)
FN:75,(anonymous_9)
FN:79,(anonymous_10)
FNF:7
FNH:1
FNDA:0,parseMarkdownFile
FNDA:0,getFriendlyName
FNDA:0,(anonymous_6)
FNDA:1,GET
FNDA:0,(anonymous_8)
FNDA:0,(anonymous_9)
FNDA:0,(anonymous_10)
DA:1,1
DA:2,1
DA:3,1
DA:4,1
DA:5,1
DA:8,1
DA:12,0
DA:13,0
DA:14,0
DA:19,0
DA:20,0
DA:23,1
DA:24,1
DA:25,1
DA:26,1
DA:28,1
DA:31,0
DA:32,0
DA:34,0
DA:38,0
DA:39,0
DA:41,0
DA:42,0
DA:46,0
DA:47,0
DA:48,0
DA:49,0
DA:51,0
DA:52,0
DA:53,0
DA:63,0
DA:75,0
DA:78,0
DA:79,0
DA:80,0
DA:81,0
DA:84,0
DA:85,0
DA:86,0
DA:88,0
DA:100,0
DA:106,1
DA:107,1
DA:108,1
LF:44
LH:14
BRDA:41,0,0,0
BRDA:58,1,0,0
BRDA:58,1,1,0
BRDA:59,2,0,0
BRDA:59,2,1,0
BRDA:78,3,0,0
BRDA:80,4,0,0
BRDA:107,5,0,1
BRDA:107,5,1,0
BRF:9
BRH:1
end_of_record
TN:
SF:app/api/system-view/route.ts
FN:11,parseMarkdownFile
FN:17,GET
FN:42,(anonymous_6)
FN:47,(anonymous_7)
FN:49,(anonymous_8)
FN:109,(anonymous_9)
FN:113,(anonymous_10)
FN:114,(anonymous_11)
FN:122,(anonymous_12)
FNF:9
FNH:0
FNDA:0,parseMarkdownFile
FNDA:0,GET
FNDA:0,(anonymous_6)
FNDA:0,(anonymous_7)
FNDA:0,(anonymous_8)
FNDA:0,(anonymous_9)
FNDA:0,(anonymous_10)
FNDA:0,(anonymous_11)
FNDA:0,(anonymous_12)
DA:1,0
DA:2,0
DA:3,0
DA:4,0
DA:5,0
DA:8,0
DA:12,0
DA:13,0
DA:14,0
DA:17,0
DA:18,0
DA:19,0
DA:20,0
DA:22,0
DA:23,0
DA:26,0
DA:27,0
DA:28,0
DA:29,0
DA:30,0
DA:31,0
DA:32,0
DA:33,0
DA:34,0
DA:37,0
DA:42,0
DA:45,0
DA:46,0
DA:47,0
DA:49,0
DA:52,0
DA:54,0
DA:57,0
DA:58,0
DA:61,0
DA:62,0
DA:63,0
DA:66,0
DA:67,0
DA:68,0
DA:69,0
DA:71,0
DA:72,0
DA:74,0
DA:75,0
DA:76,0
DA:77,0
DA:78,0
DA:79,0
DA:80,0
DA:81,0
DA:84,0
DA:85,0
DA:86,0
DA:88,0
DA:89,0
DA:96,0
DA:97,0
DA:109,0
DA:112,0
DA:113,0
DA:114,0
DA:116,0
DA:122,0
DA:127,0
DA:128,0
DA:129,0
LF:67
LH:0
BRDA:29,0,0,0
BRDA:29,1,0,0
BRDA:29,1,1,0
BRDA:33,2,0,0
BRDA:46,3,0,0
BRDA:46,3,1,0
BRDA:52,4,0,0
BRDA:54,5,0,0
BRDA:54,5,1,0
BRDA:57,6,0,0
BRDA:75,7,0,0
BRDA:78,8,0,0
BRDA:80,9,0,0
BRDA:85,10,0,0
BRDA:113,11,0,0
BRDA:113,11,1,0
BRDA:128,12,0,0
BRDA:128,12,1,0
BRF:18
BRH:0
end_of_record
TN:
SF:app/api/tasks/route.ts
FN:51,validateLoopSchema
FN:70,parseMarkdownFile
FN:127,(anonymous_4)
FN:154,GET
FN:157,(anonymous_6)
FNF:5
FNH:0
FNDA:0,validateLoopSchema
FNDA:0,parseMarkdownFile
FNDA:0,(anonymous_4)
FNDA:0,GET
FNDA:0,(anonymous_6)
DA:1,0
DA:2,0
DA:3,0
DA:4,0
DA:5,0
DA:7,0
DA:8,0
DA:11,0
DA:52,0
DA:53,0
DA:55,0
DA:56,0
DA:57,0
DA:58,0
DA:60,0
DA:61,0
DA:62,0
DA:66,0
DA:67,0
DA:71,0
DA:72,0
DA:73,0
DA:75,0
DA:76,0
DA:80,0
DA:81,0
DA:82,0
DA:86,0
DA:88,0
DA:89,0
DA:90,0
DA:91,0
DA:93,0
DA:98,0
DA:100,0
DA:101,0
DA:102,0
DA:106,0
DA:108,0
DA:109,0
DA:110,0
DA:114,0
DA:115,0
DA:116,0
DA:119,0
DA:121,0
DA:122,0
DA:124,0
DA:125,0
DA:126,0
DA:127,0
DA:129,0
DA:146,0
DA:148,0
DA:149,0
DA:154,0
DA:155,0
DA:156,0
DA:157,0
DA:159,0
DA:160,0
DA:161,0
DA:162,0
DA:163,0
DA:166,0
DA:168,0
DA:169,0
DA:170,0
LF:68
LH:0
BRDA:58,0,0,0
BRDA:58,0,1,0
BRDA:60,1,0,0
BRDA:75,2,0,0
BRDA:75,3,0,0
BRDA:75,3,1,0
BRDA:81,4,0,0
BRDA:116,5,0,0
BRDA:116,5,1,0
BRDA:124,6,0,0
BRDA:135,7,0,0
BRDA:135,7,1,0
BRDA:136,8,0,0
BRDA:136,8,1,0
BRDA:137,9,0,0
BRDA:137,9,1,0
BRDA:138,10,0,0
BRDA:138,10,1,0
BRDA:141,11,0,0
BRDA:141,11,1,0
BRDA:142,12,0,0
BRDA:142,12,1,0
BRDA:142,13,0,0
BRDA:142,13,1,0
BRDA:169,14,0,0
BRDA:169,14,1,0
BRF:26
BRH:0
end_of_record
TN:
SF:app/api/validate-schema/route.ts
FN:26,validateMarkdownSchema
FN:52,POST
FNF:2
FNH:0
FNDA:0,validateMarkdownSchema
FNDA:0,POST
DA:1,0
DA:2,0
DA:3,0
DA:6,0
DA:14,0
DA:27,0
DA:28,0
DA:29,0
DA:30,0
DA:33,0
DA:34,0
DA:35,0
DA:36,0
DA:37,0
DA:39,0
DA:40,0
DA:41,0
DA:42,0
DA:43,0
DA:44,0
DA:48,0
DA:49,0
DA:52,0
DA:53,0
DA:54,0
DA:56,0
DA:57,0
DA:62,0
DA:65,0
DA:66,0
DA:67,0
DA:69,0
DA:70,0
DA:72,0
DA:80,0
DA:83,0
DA:86,0
DA:87,0
DA:94,0
DA:101,0
DA:102,0
DA:103,0
LF:42
LH:0
BRDA:26,0,0,0
BRDA:36,1,0,0
BRDA:36,1,1,0
BRDA:39,2,0,0
BRDA:39,2,1,0
BRDA:42,3,0,0
BRDA:54,4,0,0
BRDA:56,5,0,0
BRDA:56,6,0,0
BRDA:56,6,1,0
BRDA:65,7,0,0
BRDA:65,8,0,0
BRDA:65,8,1,0
BRDA:74,9,0,0
BRDA:74,9,1,0
BRDA:80,10,0,0
BRDA:80,10,1,0
BRDA:86,11,0,0
BRDA:87,12,0,0
BRDA:87,12,1,0
BRDA:97,13,0,0
BRDA:97,13,1,0
BRDA:102,14,0,0
BRDA:102,14,1,0
BRF:24
BRH:0
end_of_record
TN:
SF:app/contextual-chat-demo/page.tsx
FN:27,(anonymous_4)
FN:28,(anonymous_5)
FN:31,(anonymous_6)
FN:38,ContextualChatDemo
FN:51,(anonymous_8)
FN:53,(anonymous_9)
FN:61,(anonymous_10)
FN:63,(anonymous_11)
FN:71,(anonymous_12)
FN:73,(anonymous_13)
FN:75,(anonymous_14)
FN:86,(anonymous_15)
FN:91,(anonymous_16)
FN:96,(anonymous_17)
FN:100,(anonymous_18)
FN:104,(anonymous_19)
FN:108,(anonymous_20)
FN:128,(anonymous_21)
FN:150,(anonymous_22)
FN:206,(anonymous_23)
FN:220,(anonymous_24)
FN:234,(anonymous_25)
FN:274,(anonymous_26)
FN:301,(anonymous_27)
FN:314,(anonymous_28)
FN:338,(anonymous_29)
FNF:26
FNH:0
FNDA:0,(anonymous_4)
FNDA:0,(anonymous_5)
FNDA:0,(anonymous_6)
FNDA:0,ContextualChatDemo
FNDA:0,(anonymous_8)
FNDA:0,(anonymous_9)
FNDA:0,(anonymous_10)
FNDA:0,(anonymous_11)
FNDA:0,(anonymous_12)
FNDA:0,(anonymous_13)
FNDA:0,(anonymous_14)
FNDA:0,(anonymous_15)
FNDA:0,(anonymous_16)
FNDA:0,(anonymous_17)
FNDA:0,(anonymous_18)
FNDA:0,(anonymous_19)
FNDA:0,(anonymous_20)
FNDA:0,(anonymous_21)
FNDA:0,(anonymous_22)
FNDA:0,(anonymous_23)
FNDA:0,(anonymous_24)
FNDA:0,(anonymous_25)
FNDA:0,(anonymous_26)
FNDA:0,(anonymous_27)
FNDA:0,(anonymous_28)
FNDA:0,(anonymous_29)
DA:3,0
DA:4,0
DA:5,0
DA:6,0
DA:7,0
DA:8,0
DA:27,0
DA:28,0
DA:29,0
DA:31,0
DA:32,0
DA:34,0
DA:38,0
DA:39,0
DA:40,0
DA:41,0
DA:44,0
DA:45,0
DA:46,0
DA:47,0
DA:48,0
DA:51,0
DA:52,0
DA:53,0
DA:54,0
DA:55,0
DA:58,0
DA:61,0
DA:62,0
DA:63,0
DA:64,0
DA:65,0
DA:68,0
DA:71,0
DA:72,0
DA:73,0
DA:74,0
DA:75,0
DA:76,0
DA:77,0
DA:82,0
DA:86,0
DA:87,0
DA:90,0
DA:91,0
DA:94,0
DA:95,0
DA:96,0
DA:99,0
DA:100,0
DA:103,0
DA:104,0
DA:108,0
DA:109,0
DA:111,0
DA:113,0
DA:115,0
DA:117,0
DA:120,0
DA:124,0
DA:128,0
DA:129,0
DA:130,0
DA:131,0
DA:133,0
DA:135,0
DA:136,0
DA:139,0
DA:140,0
DA:143,0
DA:144,0
DA:146,0
DA:150,0
DA:151,0
DA:154,0
DA:166,0
DA:207,0
DA:221,0
DA:235,0
DA:275,0
DA:276,0
DA:277,0
DA:278,0
DA:279,0
DA:302,0
DA:303,0
DA:304,0
DA:305,0
DA:315,0
DA:317,0
DA:339,0
LF:91
LH:0
BRDA:28,0,0,0
BRDA:28,1,0,0
BRDA:28,1,1,0
BRDA:31,2,0,0
BRDA:31,3,0,0
BRDA:31,3,1,0
BRDA:54,4,0,0
BRDA:54,5,0,0
BRDA:54,5,1,0
BRDA:64,6,0,0
BRDA:64,7,0,0
BRDA:64,7,1,0
BRDA:74,8,0,0
BRDA:74,9,0,0
BRDA:74,9,1,0
BRDA:76,10,0,0
BRDA:76,11,0,0
BRDA:76,11,1,0
BRDA:76,11,2,0
BRDA:90,12,0,0
BRDA:94,13,0,0
BRDA:99,14,0,0
BRDA:100,15,0,0
BRDA:100,15,1,0
BRDA:103,16,0,0
BRDA:109,17,0,0
BRDA:109,17,1,0
BRDA:109,17,2,0
BRDA:109,17,3,0
BRDA:109,17,4,0
BRDA:109,17,5,0
BRDA:135,18,0,0
BRDA:144,19,0,0
BRDA:144,19,1,0
BRDA:154,20,0,0
BRDA:166,21,0,0
BRDA:208,22,0,0
BRDA:208,22,1,0
BRDA:222,23,0,0
BRDA:222,23,1,0
BRDA:236,24,0,0
BRDA:236,24,1,0
BRDA:297,25,0,0
BRDA:315,26,0,0
BRDA:315,26,1,0
BRDA:333,27,0,0
BRDA:333,27,1,0
BRDA:336,28,0,0
BRDA:336,28,1,0
BRDA:343,29,0,0
BRF:50
BRH:0
end_of_record
TN:
SF:app/phase-doc/page.tsx
FN:4,PhaseDocPage
FNF:1
FNH:0
FNDA:0,PhaseDocPage
DA:1,0
DA:2,0
DA:4,0
LF:3
LH:0
BRF:0
BRH:0
end_of_record
TN:
SF:app/planning/page.tsx
FN:3,PlanningPage
FNF:1
FNH:0
FNDA:0,PlanningPage
DA:1,0
DA:3,0
DA:4,0
LF:3
LH:0
BRF:0
BRH:0
end_of_record
TN:
SF:app/semantic-chat-classic/page.tsx
FN:22,SemanticChatClassic
FN:28,(anonymous_6)
FN:50,(anonymous_7)
FN:102,(anonymous_8)
FNF:4
FNH:0
FNDA:0,SemanticChatClassic
FNDA:0,(anonymous_6)
FNDA:0,(anonymous_7)
FNDA:0,(anonymous_8)
DA:3,0
DA:4,0
DA:22,0
DA:23,0
DA:24,0
DA:25,0
DA:28,0
DA:29,0
DA:30,0
DA:31,0
DA:33,0
DA:35,0
DA:36,0
DA:39,0
DA:40,0
DA:43,0
DA:44,0
DA:46,0
DA:50,0
DA:51,0
DA:54,0
DA:65,0
DA:103,0
LF:23
LH:0
BRDA:35,0,0,0
BRDA:44,1,0,0
BRDA:44,1,1,0
BRDA:54,2,0,0
BRDA:65,3,0,0
BRDA:97,4,0,0
BRDA:97,4,1,0
BRF:7
BRH:0
end_of_record
TN:
SF:app/system-docs/page.tsx
FN:3,SystemDocsPage
FNF:1
FNH:0
FNDA:0,SystemDocsPage
DA:1,0
DA:3,0
DA:4,0
LF:3
LH:0
BRF:0
BRH:0
end_of_record
TN:
SF:app/system-view/page.tsx
FN:3,SystemViewPage
FNF:1
FNH:0
FNDA:0,SystemViewPage
DA:1,0
DA:3,0
DA:4,0
LF:3
LH:0
BRF:0
BRH:0
end_of_record
TN:
SF:app/task-executor/page.tsx
FN:3,TaskExecutorPage
FNF:1
FNH:0
FNDA:0,TaskExecutorPage
DA:1,0
DA:3,0
DA:4,0
LF:3
LH:0
BRF:0
BRH:0
end_of_record
TN:
SF:app/workstream-filter-demo/page.tsx
FN:54,WorkstreamFilterDemo
FN:71,(anonymous_5)
FN:93,(anonymous_6)
FN:115,(anonymous_7)
FN:121,(anonymous_8)
FN:123,(anonymous_9)
FN:131,(anonymous_10)
FN:134,(anonymous_11)
FN:144,(anonymous_12)
FN:145,(anonymous_13)
FN:146,(anonymous_14)
FN:152,(anonymous_15)
FN:155,(anonymous_16)
FN:157,(anonymous_17)
FN:172,(anonymous_18)
FN:174,(anonymous_19)
FN:183,(anonymous_20)
FN:187,(anonymous_21)
FN:192,(anonymous_22)
FN:196,(anonymous_23)
FN:197,(anonymous_24)
FN:205,(anonymous_25)
FN:208,(anonymous_26)
FN:212,(anonymous_27)
FN:218,(anonymous_28)
FN:223,(anonymous_29)
FN:230,(anonymous_30)
FN:348,(anonymous_31)
FN:368,(anonymous_32)
FN:388,(anonymous_33)
FN:405,(anonymous_34)
FN:455,(anonymous_35)
FN:494,(anonymous_36)
FNF:33
FNH:20
FNDA:19,WorkstreamFilterDemo
FNDA:10,(anonymous_5)
FNDA:10,(anonymous_6)
FNDA:10,(anonymous_7)
FNDA:16,(anonymous_8)
FNDA:2,(anonymous_9)
FNDA:16,(anonymous_10)
FNDA:2,(anonymous_11)
FNDA:0,(anonymous_12)
FNDA:0,(anonymous_13)
FNDA:0,(anonymous_14)
FNDA:16,(anonymous_15)
FNDA:2,(anonymous_16)
FNDA:0,(anonymous_17)
FNDA:16,(anonymous_18)
FNDA:2,(anonymous_19)
FNDA:16,(anonymous_20)
FNDA:0,(anonymous_21)
FNDA:0,(anonymous_22)
FNDA:0,(anonymous_23)
FNDA:0,(anonymous_24)
FNDA:0,(anonymous_25)
FNDA:1,(anonymous_26)
FNDA:0,(anonymous_27)
FNDA:0,(anonymous_28)
FNDA:0,(anonymous_29)
FNDA:2,(anonymous_30)
FNDA:8,(anonymous_31)
FNDA:8,(anonymous_32)
FNDA:6,(anonymous_33)
FNDA:8,(anonymous_34)
FNDA:2,(anonymous_35)
FNDA:0,(anonymous_36)
DA:3,1
DA:4,1
DA:5,1
DA:6,1
DA:7,1
DA:8,1
DA:9,1
DA:29,1
DA:36,1
DA:43,1
DA:54,10
DA:55,19
DA:56,18
DA:57,18
DA:60,18
DA:61,18
DA:62,18
DA:65,18
DA:66,18
DA:67,18
DA:68,18
DA:71,18
DA:72,10
DA:73,10
DA:74,10
DA:76,9
DA:77,1
DA:78,1
DA:81,8
DA:82,8
DA:83,8
DA:86,1
DA:88,10
DA:93,18
DA:94,10
DA:95,10
DA:96,10
DA:98,10
DA:100,9
DA:101,1
DA:104,8
DA:105,8
DA:108,2
DA:109,2
DA:111,10
DA:115,18
DA:116,10
DA:117,10
DA:121,18
DA:122,16
DA:123,16
DA:124,2
DA:125,2
DA:128,16
DA:131,18
DA:132,16
DA:133,16
DA:134,16
DA:135,2
DA:136,2
DA:139,16
DA:142,0
DA:143,0
DA:144,0
DA:145,0
DA:146,0
DA:148,0
DA:152,18
DA:153,16
DA:154,16
DA:155,16
DA:156,2
DA:157,0
DA:158,0
DA:159,0
DA:164,16
DA:167,0
DA:168,0
DA:172,18
DA:173,16
DA:174,16
DA:175,2
DA:176,2
DA:179,16
DA:183,18
DA:184,16
DA:186,16
DA:187,0
DA:190,16
DA:191,0
DA:192,0
DA:195,16
DA:196,0
DA:197,0
DA:198,0
DA:204,16
DA:205,0
DA:208,16
DA:212,18
DA:213,0
DA:214,0
DA:215,0
DA:218,18
DA:219,0
DA:220,0
DA:223,18
DA:224,0
DA:225,0
DA:226,0
DA:227,0
DA:230,18
DA:231,2
DA:232,1
DA:233,1
DA:234,0
DA:235,0
DA:236,0
DA:240,18
DA:251,8
DA:349,8
DA:369,8
DA:389,6
DA:406,8
DA:456,2
DA:495,0
LF:125
LH:94
BRDA:76,0,0,1
BRDA:82,1,0,8
BRDA:82,2,0,8
BRDA:82,2,1,8
BRDA:100,3,0,1
BRDA:109,4,0,2
BRDA:109,4,1,0
BRDA:124,5,0,2
BRDA:124,6,0,2
BRDA:124,6,1,2
BRDA:132,7,0,16
BRDA:132,7,1,0
BRDA:135,8,0,2
BRDA:142,9,0,0
BRDA:142,9,1,0
BRDA:153,10,0,16
BRDA:153,10,1,0
BRDA:156,11,0,0
BRDA:156,12,0,2
BRDA:156,12,1,0
BRDA:158,13,0,0
BRDA:158,14,0,0
BRDA:158,14,1,0
BRDA:167,15,0,0
BRDA:167,15,1,0
BRDA:175,16,0,2
BRDA:186,17,0,0
BRDA:190,18,0,0
BRDA:195,19,0,0
BRDA:197,20,0,0
BRDA:197,20,1,0
BRDA:198,21,0,0
BRDA:198,21,1,0
BRDA:204,22,0,0
BRDA:231,23,0,1
BRDA:231,23,1,1
BRDA:231,23,2,0
BRDA:231,23,3,0
BRDA:231,23,4,0
BRDA:240,24,0,10
BRDA:251,25,0,2
BRDA:291,26,0,0
BRDA:294,27,0,0
BRDA:294,27,1,6
BRDA:298,28,0,0
BRDA:312,29,0,0
BRDA:316,30,0,6
BRDA:350,31,0,6
BRDA:350,31,1,2
BRDA:370,32,0,6
BRDA:370,32,1,2
BRDA:390,33,0,6
BRDA:390,33,1,0
BRDA:407,34,0,6
BRDA:407,34,1,2
BRDA:447,35,0,5
BRDA:492,36,0,2
BRDA:492,36,1,0
BRF:58
BRH:29
end_of_record
TN:
SF:components/LoopCard.tsx
FN:31,LoopCard
FN:34,(anonymous_6)
FN:44,(anonymous_7)
FN:96,(anonymous_8)
FN:142,(anonymous_9)
FN:150,(anonymous_10)
FN:158,(anonymous_11)
FNF:7
FNH:0
FNDA:0,LoopCard
FNDA:0,(anonymous_6)
FNDA:0,(anonymous_7)
FNDA:0,(anonymous_8)
FNDA:0,(anonymous_9)
FNDA:0,(anonymous_10)
FNDA:0,(anonymous_11)
DA:3,0
DA:4,0
DA:5,0
DA:6,0
DA:7,0
DA:8,0
DA:9,0
DA:31,0
DA:32,0
DA:34,0
DA:35,0
DA:36,0
DA:37,0
DA:38,0
DA:39,0
DA:40,0
DA:44,0
DA:45,0
DA:46,0
DA:47,0
DA:48,0
DA:97,0
DA:142,0
DA:150,0
DA:158,0
LF:25
LH:0
BRDA:35,0,0,0
BRDA:35,0,1,0
BRDA:35,0,2,0
BRDA:35,0,3,0
BRDA:35,0,4,0
BRDA:45,1,0,0
BRDA:46,2,0,0
BRDA:47,3,0,0
BRDA:57,4,0,0
BRDA:57,4,1,0
BRDA:63,5,0,0
BRDA:68,6,0,0
BRDA:76,7,0,0
BRDA:81,8,0,0
BRDA:91,9,0,0
BRDA:104,10,0,0
BRF:16
BRH:0
end_of_record
TN:
SF:components/PhaseDocView.tsx
FN:17,(anonymous_4)
FN:31,PhaseDocView
FN:46,(anonymous_6)
FN:48,(anonymous_7)
FN:49,(anonymous_8)
FN:52,(anonymous_9)
FN:54,(anonymous_10)
FN:55,(anonymous_11)
FN:60,(anonymous_12)
FN:62,(anonymous_13)
FN:70,(anonymous_14)
FN:75,(anonymous_15)
FN:78,(anonymous_16)
FN:81,(anonymous_17)
FN:84,(anonymous_18)
FN:84,(anonymous_19)
FN:87,(anonymous_20)
FN:94,(anonymous_21)
FN:95,(anonymous_22)
FN:96,(anonymous_23)
FN:100,(anonymous_24)
FN:101,(anonymous_25)
FN:111,(anonymous_26)
FN:112,(anonymous_27)
FN:125,(anonymous_28)
FN:137,(anonymous_29)
FN:162,(anonymous_30)
FN:194,(anonymous_31)
FN:200,(anonymous_32)
FN:204,(anonymous_33)
FN:238,(anonymous_34)
FN:271,(anonymous_35)
FN:306,(anonymous_36)
FN:339,(anonymous_37)
FN:374,(anonymous_38)
FN:407,(anonymous_39)
FNF:36
FNH:0
FNDA:0,(anonymous_4)
FNDA:0,PhaseDocView
FNDA:0,(anonymous_6)
FNDA:0,(anonymous_7)
FNDA:0,(anonymous_8)
FNDA:0,(anonymous_9)
FNDA:0,(anonymous_10)
FNDA:0,(anonymous_11)
FNDA:0,(anonymous_12)
FNDA:0,(anonymous_13)
FNDA:0,(anonymous_14)
FNDA:0,(anonymous_15)
FNDA:0,(anonymous_16)
FNDA:0,(anonymous_17)
FNDA:0,(anonymous_18)
FNDA:0,(anonymous_19)
FNDA:0,(anonymous_20)
FNDA:0,(anonymous_21)
FNDA:0,(anonymous_22)
FNDA:0,(anonymous_23)
FNDA:0,(anonymous_24)
FNDA:0,(anonymous_25)
FNDA:0,(anonymous_26)
FNDA:0,(anonymous_27)
FNDA:0,(anonymous_28)
FNDA:0,(anonymous_29)
FNDA:0,(anonymous_30)
FNDA:0,(anonymous_31)
FNDA:0,(anonymous_32)
FNDA:0,(anonymous_33)
FNDA:0,(anonymous_34)
FNDA:0,(anonymous_35)
FNDA:0,(anonymous_36)
FNDA:0,(anonymous_37)
FNDA:0,(anonymous_38)
FNDA:0,(anonymous_39)
DA:3,0
DA:5,0
DA:6,0
DA:8,0
DA:9,0
DA:10,0
DA:13,0
DA:14,0
DA:17,0
DA:18,0
DA:20,0
DA:22,0
DA:24,0
DA:26,0
DA:31,0
DA:32,0
DA:33,0
DA:35,0
DA:36,0
DA:37,0
DA:38,0
DA:40,0
DA:41,0
DA:42,0
DA:43,0
DA:44,0
DA:46,0
DA:47,0
DA:48,0
DA:49,0
DA:52,0
DA:53,0
DA:54,0
DA:55,0
DA:57,0
DA:60,0
DA:61,0
DA:62,0
DA:63,0
DA:64,0
DA:67,0
DA:70,0
DA:71,0
DA:72,0
DA:74,0
DA:75,0
DA:77,0
DA:78,0
DA:80,0
DA:81,0
DA:83,0
DA:84,0
DA:87,0
DA:88,0
DA:89,0
DA:90,0
DA:93,0
DA:94,0
DA:95,0
DA:96,0
DA:100,0
DA:101,0
DA:102,0
DA:103,0
DA:104,0
DA:105,0
DA:106,0
DA:107,0
DA:110,0
DA:111,0
DA:112,0
DA:113,0
DA:114,0
DA:115,0
DA:116,0
DA:117,0
DA:122,0
DA:124,0
DA:125,0
DA:126,0
DA:129,0
DA:131,0
DA:134,0
DA:137,0
DA:138,0
DA:162,0
DA:194,0
DA:200,0
DA:205,0
DA:239,0
DA:240,0
DA:241,0
DA:243,0
DA:272,0
DA:307,0
DA:308,0
DA:309,0
DA:311,0
DA:340,0
DA:375,0
DA:376,0
DA:377,0
DA:379,0
DA:408,0
LF:104
LH:0
BRDA:18,0,0,0
BRDA:18,0,1,0
BRDA:18,0,2,0
BRDA:18,0,3,0
BRDA:48,1,0,0
BRDA:63,2,0,0
BRDA:71,3,0,0
BRDA:74,4,0,0
BRDA:77,5,0,0
BRDA:78,6,0,0
BRDA:78,6,1,0
BRDA:80,7,0,0
BRDA:83,8,0,0
BRDA:88,9,0,0
BRDA:89,10,0,0
BRDA:95,11,0,0
BRDA:95,11,1,0
BRDA:105,12,0,0
BRDA:113,13,0,0
BRDA:116,14,0,0
BRDA:124,15,0,0
BRDA:126,16,0,0
BRDA:129,17,0,0
BRDA:129,17,1,0
BRDA:194,18,0,0
BRDA:194,18,1,0
BRDA:200,19,0,0
BRDA:200,19,1,0
BRDA:200,20,0,0
BRDA:200,20,1,0
BRDA:232,21,0,0
BRDA:240,22,0,0
BRDA:240,22,1,0
BRDA:256,23,0,0
BRDA:265,24,0,0
BRDA:265,24,1,0
BRDA:269,25,0,0
BRDA:269,25,1,0
BRDA:281,26,0,0
BRDA:281,26,1,0
BRDA:300,27,0,0
BRDA:308,28,0,0
BRDA:308,28,1,0
BRDA:324,29,0,0
BRDA:333,30,0,0
BRDA:333,30,1,0
BRDA:337,31,0,0
BRDA:337,31,1,0
BRDA:349,32,0,0
BRDA:349,32,1,0
BRDA:368,33,0,0
BRDA:376,34,0,0
BRDA:376,34,1,0
BRDA:392,35,0,0
BRDA:401,36,0,0
BRDA:401,36,1,0
BRDA:405,37,0,0
BRDA:405,37,1,0
BRDA:417,38,0,0
BRDA:417,38,1,0
BRDA:436,39,0,0
BRDA:436,39,1,0
BRDA:436,39,2,0
BRDA:439,40,0,0
BRF:64
BRH:0
end_of_record
TN:
SF:components/SystemDocs.tsx
FN:30,SystemDocs
FN:37,(anonymous_5)
FN:38,(anonymous_6)
FN:63,(anonymous_7)
FN:66,(anonymous_8)
FN:82,(anonymous_9)
FN:94,(anonymous_10)
FN:102,(anonymous_11)
FN:154,(anonymous_12)
FN:178,(anonymous_13)
FN:186,(anonymous_14)
FN:197,(anonymous_15)
FN:232,(anonymous_16)
FN:251,(anonymous_17)
FNF:14
FNH:12
FNDA:37,SystemDocs
FNDA:13,(anonymous_5)
FNDA:13,(anonymous_6)
FNDA:24,(anonymous_7)
FNDA:11,(anonymous_8)
FNDA:0,(anonymous_9)
FNDA:46,(anonymous_10)
FNDA:46,(anonymous_11)
FNDA:38,(anonymous_12)
FNDA:38,(anonymous_13)
FNDA:1,(anonymous_14)
FNDA:72,(anonymous_15)
FNDA:0,(anonymous_16)
FNDA:16,(anonymous_17)
DA:3,1
DA:4,1
DA:5,1
DA:6,1
DA:7,1
DA:8,1
DA:30,14
DA:31,37
DA:32,36
DA:33,36
DA:34,36
DA:37,36
DA:38,13
DA:39,13
DA:40,13
DA:41,13
DA:42,13
DA:43,1
DA:45,12
DA:46,12
DA:49,12
DA:50,11
DA:53,1
DA:55,13
DA:59,13
DA:63,36
DA:64,24
DA:66,11
DA:67,11
DA:68,11
DA:69,11
DA:70,1
DA:72,10
DA:73,10
DA:75,1
DA:79,11
DA:82,36
DA:83,0
DA:84,0
DA:85,0
DA:86,0
DA:87,0
DA:88,0
DA:89,0
DA:90,0
DA:91,0
DA:94,36
DA:95,46
DA:96,46
DA:97,46
DA:98,46
DA:99,46
DA:102,36
DA:103,46
DA:112,36
DA:116,23
DA:155,38
DA:179,38
DA:186,1
DA:198,72
DA:232,0
DA:252,16
LF:62
LH:52
BRDA:42,0,0,1
BRDA:49,1,0,11
BRDA:49,2,0,12
BRDA:49,2,1,11
BRDA:53,3,0,1
BRDA:53,3,1,0
BRDA:64,4,0,13
BRDA:69,5,0,1
BRDA:75,6,0,1
BRDA:75,6,1,0
BRDA:95,7,0,0
BRDA:112,8,0,13
BRDA:116,9,0,2
BRDA:182,10,0,20
BRDA:182,10,1,18
BRDA:195,11,0,38
BRDA:202,12,0,36
BRDA:218,13,0,8
BRF:18
BRH:15
end_of_record
TN:
SF:components/SystemView.tsx
FN:14,(anonymous_5)
FN:29,SystemView
FN:37,(anonymous_7)
FN:39,(anonymous_8)
FN:40,(anonymous_9)
FN:49,(anonymous_10)
FN:51,(anonymous_11)
FN:52,(anonymous_12)
FN:58,(anonymous_13)
FN:61,(anonymous_14)
FN:65,(anonymous_15)
FN:67,(anonymous_16)
FN:72,(anonymous_17)
FN:78,(anonymous_18)
FN:79,(anonymous_19)
FN:91,(anonymous_20)
FN:92,(anonymous_21)
FN:136,(anonymous_22)
FN:168,(anonymous_23)
FN:198,(anonymous_24)
FN:215,(anonymous_25)
FN:251,(anonymous_26)
FNF:22
FNH:0
FNDA:0,(anonymous_5)
FNDA:0,SystemView
FNDA:0,(anonymous_7)
FNDA:0,(anonymous_8)
FNDA:0,(anonymous_9)
FNDA:0,(anonymous_10)
FNDA:0,(anonymous_11)
FNDA:0,(anonymous_12)
FNDA:0,(anonymous_13)
FNDA:0,(anonymous_14)
FNDA:0,(anonymous_15)
FNDA:0,(anonymous_16)
FNDA:0,(anonymous_17)
FNDA:0,(anonymous_18)
FNDA:0,(anonymous_19)
FNDA:0,(anonymous_20)
FNDA:0,(anonymous_21)
FNDA:0,(anonymous_22)
FNDA:0,(anonymous_23)
FNDA:0,(anonymous_24)
FNDA:0,(anonymous_25)
FNDA:0,(anonymous_26)
DA:3,0
DA:4,0
DA:5,0
DA:6,0
DA:7,0
DA:8,0
DA:10,0
DA:11,0
DA:14,0
DA:15,0
DA:17,0
DA:19,0
DA:21,0
DA:23,0
DA:29,0
DA:30,0
DA:31,0
DA:32,0
DA:33,0
DA:34,0
DA:35,0
DA:37,0
DA:38,0
DA:39,0
DA:40,0
DA:41,0
DA:42,0
DA:46,0
DA:49,0
DA:50,0
DA:51,0
DA:52,0
DA:53,0
DA:54,0
DA:58,0
DA:61,0
DA:62,0
DA:64,0
DA:65,0
DA:68,0
DA:69,0
DA:70,0
DA:72,0
DA:75,0
DA:78,0
DA:79,0
DA:80,0
DA:81,0
DA:82,0
DA:83,0
DA:84,0
DA:86,0
DA:87,0
DA:90,0
DA:91,0
DA:92,0
DA:93,0
DA:94,0
DA:95,0
DA:96,0
DA:97,0
DA:102,0
DA:104,0
DA:106,0
DA:110,0
DA:114,0
DA:118,0
DA:136,0
DA:169,0
DA:170,0
DA:172,0
DA:199,0
DA:216,0
DA:217,0
DA:219,0
DA:221,0
DA:252,0
LF:77
LH:0
BRDA:15,0,0,0
BRDA:15,0,1,0
BRDA:15,0,2,0
BRDA:15,0,3,0
BRDA:41,1,0,0
BRDA:53,2,0,0
BRDA:64,3,0,0
BRDA:64,4,0,0
BRDA:64,4,1,0
BRDA:68,5,0,0
BRDA:68,5,1,0
BRDA:69,6,0,0
BRDA:69,6,1,0
BRDA:70,7,0,0
BRDA:70,7,1,0
BRDA:83,8,0,0
BRDA:93,9,0,0
BRDA:96,10,0,0
BRDA:104,11,0,0
BRDA:104,11,1,0
BRDA:114,12,0,0
BRDA:118,13,0,0
BRDA:136,14,0,0
BRDA:136,14,1,0
BRDA:158,15,0,0
BRDA:170,16,0,0
BRDA:170,16,1,0
BRDA:176,17,0,0
BRDA:184,18,0,0
BRDA:184,18,1,0
BRDA:197,19,0,0
BRDA:197,19,1,0
BRDA:214,20,0,0
BRDA:213,21,0,0
BRDA:213,21,1,0
BRDA:217,22,0,0
BRDA:217,22,1,0
BRDA:225,23,0,0
BRDA:240,24,0,0
BRDA:240,24,1,0
BRDA:242,25,0,0
BRDA:249,26,0,0
BRDA:249,26,1,0
BRF:43
BRH:0
end_of_record
TN:
SF:components/TaskBoard.tsx
FN:28,(anonymous_4)
FN:33,(anonymous_5)
FN:42,(anonymous_6)
FN:51,(anonymous_7)
FN:60,(anonymous_8)
FN:65,(anonymous_9)
FN:70,(anonymous_10)
FN:90,(anonymous_11)
FN:96,(anonymous_12)
FN:124,(anonymous_13)
FN:128,(anonymous_14)
FN:140,(anonymous_15)
FN:149,(anonymous_16)
FN:153,(anonymous_17)
FN:158,(anonymous_18)
FN:170,(anonymous_19)
FN:172,(anonymous_20)
FN:185,(anonymous_21)
FN:186,(anonymous_22)
FN:188,(anonymous_23)
FN:206,(anonymous_24)
FN:216,(anonymous_25)
FN:218,(anonymous_26)
FN:219,(anonymous_27)
FN:223,(anonymous_28)
FN:264,(anonymous_29)
FN:277,(anonymous_30)
FN:286,(anonymous_31)
FN:295,(anonymous_32)
FN:301,(anonymous_33)
FN:313,TaskBoard
FN:320,(anonymous_35)
FN:332,(anonymous_36)
FN:336,(anonymous_37)
FN:339,(anonymous_38)
FN:339,(anonymous_39)
FN:345,(anonymous_40)
FN:348,(anonymous_41)
FN:348,(anonymous_42)
FN:354,(anonymous_43)
FN:362,(anonymous_44)
FN:363,(anonymous_45)
FN:377,(anonymous_46)
FN:383,(anonymous_47)
FN:393,(anonymous_48)
FNF:45
FNH:20
FNDA:6,(anonymous_4)
FNDA:0,(anonymous_5)
FNDA:0,(anonymous_6)
FNDA:0,(anonymous_7)
FNDA:3,(anonymous_8)
FNDA:3,(anonymous_9)
FNDA:3,(anonymous_10)
FNDA:7,(anonymous_11)
FNDA:0,(anonymous_12)
FNDA:0,(anonymous_13)
FNDA:0,(anonymous_14)
FNDA:0,(anonymous_15)
FNDA:8,(anonymous_16)
FNDA:0,(anonymous_17)
FNDA:0,(anonymous_18)
FNDA:0,(anonymous_19)
FNDA:0,(anonymous_20)
FNDA:3,(anonymous_21)
FNDA:0,(anonymous_22)
FNDA:0,(anonymous_23)
FNDA:14,(anonymous_24)
FNDA:3,(anonymous_25)
FNDA:0,(anonymous_26)
FNDA:0,(anonymous_27)
FNDA:3,(anonymous_28)
FNDA:0,(anonymous_29)
FNDA:11,(anonymous_30)
FNDA:0,(anonymous_31)
FNDA:0,(anonymous_32)
FNDA:0,(anonymous_33)
FNDA:13,TaskBoard
FNDA:6,(anonymous_35)
FNDA:5,(anonymous_36)
FNDA:0,(anonymous_37)
FNDA:0,(anonymous_38)
FNDA:0,(anonymous_39)
FNDA:0,(anonymous_40)
FNDA:0,(anonymous_41)
FNDA:0,(anonymous_42)
FNDA:3,(anonymous_43)
FNDA:8,(anonymous_44)
FNDA:8,(anonymous_45)
FNDA:7,(anonymous_46)
FNDA:1,(anonymous_47)
FNDA:1,(anonymous_48)
DA:3,1
DA:4,1
DA:5,1
DA:6,1
DA:7,1
DA:8,1
DA:9,1
DA:10,1
DA:11,1
DA:12,1
DA:27,1
DA:29,6
DA:30,5
DA:31,5
DA:34,0
DA:39,0
DA:40,0
DA:43,0
DA:48,0
DA:49,0
DA:52,0
DA:57,0
DA:58,0
DA:61,3
DA:62,3
DA:63,3
DA:66,3
DA:67,3
DA:68,3
DA:75,3
DA:80,3
DA:81,2
DA:82,2
DA:84,1
DA:90,1
DA:91,7
DA:92,7
DA:93,7
DA:94,7
DA:96,7
DA:97,0
DA:98,0
DA:99,0
DA:100,0
DA:101,0
DA:102,0
DA:103,0
DA:104,0
DA:106,0
DA:108,0
DA:124,0
DA:128,0
DA:140,0
DA:149,1
DA:150,8
DA:151,8
DA:153,8
DA:154,0
DA:155,0
DA:158,8
DA:159,0
DA:160,0
DA:170,0
DA:172,0
DA:185,3
DA:186,0
DA:188,0
DA:206,1
DA:207,14
DA:208,14
DA:209,14
DA:210,14
DA:211,14
DA:212,14
DA:213,14
DA:214,14
DA:216,14
DA:217,3
DA:218,3
DA:219,3
DA:223,14
DA:224,3
DA:225,3
DA:227,3
DA:228,3
DA:230,3
DA:231,3
DA:233,0
DA:234,0
DA:236,0
DA:237,0
DA:240,3
DA:241,0
DA:242,0
DA:243,0
DA:245,3
DA:246,3
DA:247,1
DA:248,1
DA:250,2
DA:252,3
DA:264,0
DA:277,11
DA:286,0
DA:295,0
DA:301,0
DA:313,5
DA:314,13
DA:315,13
DA:316,13
DA:317,13
DA:318,13
DA:320,13
DA:321,6
DA:322,6
DA:323,6
DA:324,5
DA:326,1
DA:328,6
DA:332,13
DA:333,5
DA:336,13
DA:337,0
DA:338,0
DA:339,0
DA:341,0
DA:345,13
DA:346,0
DA:347,0
DA:348,0
DA:350,0
DA:354,13
DA:355,3
DA:356,3
DA:362,8
DA:363,8
DA:377,7
DA:383,1
DA:394,1
DA:395,1
LF:140
LH:91
BRDA:30,0,0,0
BRDA:39,1,0,0
BRDA:48,2,0,0
BRDA:57,3,0,0
BRDA:62,4,0,0
BRDA:67,5,0,0
BRDA:80,6,0,2
BRDA:82,7,0,2
BRDA:82,7,1,0
BRDA:98,8,0,0
BRDA:142,9,0,0
BRDA:142,9,1,7
BRDA:154,10,0,0
BRDA:154,10,1,0
BRDA:164,11,0,0
BRDA:164,11,1,8
BRDA:169,12,0,0
BRDA:175,13,0,0
BRDA:175,13,1,8
BRDA:180,14,0,8
BRDA:181,15,0,8
BRDA:185,16,0,8
BRDA:185,16,1,8
BRDA:217,17,0,3
BRDA:228,18,0,3
BRDA:228,18,1,0
BRDA:228,18,2,0
BRDA:240,19,0,0
BRDA:250,20,0,2
BRDA:250,20,1,0
BRDA:273,21,0,14
BRDA:282,22,0,14
BRDA:291,23,0,14
BRDA:298,24,0,14
BRDA:303,25,0,3
BRDA:303,25,1,11
BRDA:326,26,0,1
BRDA:326,26,1,0
BRDA:339,27,0,0
BRDA:339,27,1,0
BRDA:388,28,0,7
BRF:41
BRH:20
end_of_record
TN:
SF:components/TaskCard.tsx
FN:33,TaskCard
FN:36,(anonymous_6)
FN:43,(anonymous_7)
FN:53,(anonymous_8)
FN:159,(anonymous_9)
FN:167,(anonymous_10)
FN:175,(anonymous_11)
FNF:7
FNH:0
FNDA:0,TaskCard
FNDA:0,(anonymous_6)
FNDA:0,(anonymous_7)
FNDA:0,(anonymous_8)
FNDA:0,(anonymous_9)
FNDA:0,(anonymous_10)
FNDA:0,(anonymous_11)
DA:3,0
DA:4,0
DA:5,0
DA:6,0
DA:7,0
DA:8,0
DA:9,0
DA:10,0
DA:33,0
DA:34,0
DA:36,0
DA:37,0
DA:38,0
DA:39,0
DA:43,0
DA:44,0
DA:53,0
DA:54,0
DA:55,0
DA:56,0
DA:57,0
DA:58,0
DA:59,0
DA:159,0
DA:167,0
DA:175,0
LF:26
LH:0
BRDA:33,0,0,0
BRDA:37,1,0,0
BRDA:38,2,0,0
BRDA:38,2,1,0
BRDA:54,3,0,0
BRDA:54,3,1,0
BRDA:54,3,2,0
BRDA:54,3,3,0
BRDA:54,3,4,0
BRDA:64,4,0,0
BRDA:64,4,1,0
BRDA:74,5,0,0
BRDA:74,5,1,0
BRDA:106,6,0,0
BRDA:112,7,0,0
BRDA:120,8,0,0
BRDA:132,9,0,0
BRF:17
BRH:0
end_of_record
TN:
SF:components/TaskExecutor.tsx
FN:15,(anonymous_4)
FN:69,TaskExecutor
FN:79,(anonymous_6)
FN:97,(anonymous_7)
FN:102,(anonymous_8)
FN:102,(anonymous_9)
FN:103,(anonymous_10)
FN:103,(anonymous_11)
FN:105,(anonymous_12)
FN:106,(anonymous_13)
FN:113,(anonymous_14)
FN:124,(anonymous_15)
FN:130,(anonymous_16)
FN:145,(anonymous_17)
FN:150,(anonymous_18)
FN:161,(anonymous_19)
FN:188,(anonymous_20)
FN:189,(anonymous_21)
FN:192,(anonymous_22)
FN:212,(anonymous_23)
FN:223,(anonymous_24)
FN:235,(anonymous_25)
FN:236,(anonymous_26)
FN:254,(anonymous_27)
FN:255,(anonymous_28)
FN:267,(anonymous_29)
FN:273,(anonymous_30)
FN:274,(anonymous_31)
FN:301,(anonymous_32)
FN:312,(anonymous_33)
FN:328,(anonymous_34)
FN:334,(anonymous_35)
FN:359,(anonymous_36)
FN:369,(anonymous_37)
FN:379,(anonymous_38)
FN:395,(anonymous_39)
FN:395,(anonymous_40)
FN:399,(anonymous_41)
FN:399,(anonymous_42)
FN:404,(anonymous_43)
FN:410,(anonymous_44)
FN:442,(anonymous_45)
FN:456,(anonymous_46)
FN:460,(anonymous_47)
FN:480,(anonymous_48)
FN:485,(anonymous_49)
FN:512,(anonymous_50)
FNF:47
FNH:0
FNDA:0,(anonymous_4)
FNDA:0,TaskExecutor
FNDA:0,(anonymous_6)
FNDA:0,(anonymous_7)
FNDA:0,(anonymous_8)
FNDA:0,(anonymous_9)
FNDA:0,(anonymous_10)
FNDA:0,(anonymous_11)
FNDA:0,(anonymous_12)
FNDA:0,(anonymous_13)
FNDA:0,(anonymous_14)
FNDA:0,(anonymous_15)
FNDA:0,(anonymous_16)
FNDA:0,(anonymous_17)
FNDA:0,(anonymous_18)
FNDA:0,(anonymous_19)
FNDA:0,(anonymous_20)
FNDA:0,(anonymous_21)
FNDA:0,(anonymous_22)
FNDA:0,(anonymous_23)
FNDA:0,(anonymous_24)
FNDA:0,(anonymous_25)
FNDA:0,(anonymous_26)
FNDA:0,(anonymous_27)
FNDA:0,(anonymous_28)
FNDA:0,(anonymous_29)
FNDA:0,(anonymous_30)
FNDA:0,(anonymous_31)
FNDA:0,(anonymous_32)
FNDA:0,(anonymous_33)
FNDA:0,(anonymous_34)
FNDA:0,(anonymous_35)
FNDA:0,(anonymous_36)
FNDA:0,(anonymous_37)
FNDA:0,(anonymous_38)
FNDA:0,(anonymous_39)
FNDA:0,(anonymous_40)
FNDA:0,(anonymous_41)
FNDA:0,(anonymous_42)
FNDA:0,(anonymous_43)
FNDA:0,(anonymous_44)
FNDA:0,(anonymous_45)
FNDA:0,(anonymous_46)
FNDA:0,(anonymous_47)
FNDA:0,(anonymous_48)
FNDA:0,(anonymous_49)
FNDA:0,(anonymous_50)
DA:3,0
DA:4,0
DA:5,0
DA:6,0
DA:7,0
DA:8,0
DA:9,0
DA:10,0
DA:11,0
DA:12,0
DA:15,0
DA:16,0
DA:18,0
DA:20,0
DA:22,0
DA:24,0
DA:69,0
DA:70,0
DA:71,0
DA:72,0
DA:73,0
DA:74,0
DA:75,0
DA:76,0
DA:77,0
DA:79,0
DA:80,0
DA:81,0
DA:82,0
DA:83,0
DA:84,0
DA:85,0
DA:87,0
DA:88,0
DA:90,0
DA:91,0
DA:93,0
DA:97,0
DA:98,0
DA:102,0
DA:103,0
DA:105,0
DA:106,0
DA:107,0
DA:108,0
DA:109,0
DA:113,0
DA:114,0
DA:115,0
DA:120,0
DA:121,0
DA:123,0
DA:124,0
DA:126,0
DA:130,0
DA:131,0
DA:132,0
DA:134,0
DA:135,0
DA:141,0
DA:142,0
DA:145,0
DA:146,0
DA:147,0
DA:148,0
DA:150,0
DA:151,0
DA:152,0
DA:153,0
DA:155,0
DA:157,0
DA:161,0
DA:162,0
DA:163,0
DA:177,0
DA:178,0
DA:180,0
DA:182,0
DA:188,0
DA:189,0
DA:190,0
DA:192,0
DA:194,0
DA:195,0
DA:205,0
DA:206,0
DA:207,0
DA:210,0
DA:212,0
DA:222,0
DA:223,0
DA:232,0
DA:235,0
DA:236,0
DA:237,0
DA:239,0
DA:240,0
DA:249,0
DA:250,0
DA:251,0
DA:254,0
DA:255,0
DA:256,0
DA:260,0
DA:263,0
DA:267,0
DA:268,0
DA:269,0
DA:270,0
DA:273,0
DA:274,0
DA:275,0
DA:276,0
DA:277,0
DA:282,0
DA:283,0
DA:301,0
DA:312,0
DA:329,0
DA:335,0
DA:360,0
DA:369,0
DA:380,0
DA:395,0
DA:399,0
DA:400,0
DA:401,0
DA:402,0
DA:404,0
DA:411,0
DA:443,0
DA:456,0
DA:460,0
DA:480,0
DA:481,0
DA:482,0
DA:483,0
DA:485,0
DA:486,0
DA:487,0
DA:488,0
DA:489,0
DA:490,0
DA:491,0
DA:492,0
DA:512,0
LF:146
LH:0
BRDA:16,0,0,0
BRDA:16,0,1,0
BRDA:16,0,2,0
BRDA:16,0,3,0
BRDA:84,1,0,0
BRDA:91,2,0,0
BRDA:91,2,1,0
BRDA:107,3,0,0
BRDA:107,3,1,0
BRDA:108,4,0,0
BRDA:108,4,1,0
BRDA:109,5,0,0
BRDA:109,5,1,0
BRDA:120,6,0,0
BRDA:132,7,0,0
BRDA:141,8,0,0
BRDA:177,9,0,0
BRDA:190,10,0,0
BRDA:205,11,0,0
BRDA:207,12,0,0
BRDA:207,12,1,0
BRDA:228,13,0,0
BRDA:228,13,1,0
BRDA:237,14,0,0
BRDA:249,15,0,0
BRDA:251,16,0,0
BRDA:251,16,1,0
BRDA:256,17,0,0
BRDA:256,17,1,0
BRDA:268,18,0,0
BRDA:269,19,0,0
BRDA:276,20,0,0
BRDA:320,21,0,0
BRDA:322,22,0,0
BRDA:346,23,0,0
BRDA:346,23,1,0
BRDA:357,24,0,0
BRDA:357,24,1,0
BRDA:372,25,0,0
BRDA:372,25,1,0
BRDA:389,26,0,0
BRDA:394,27,0,0
BRDA:394,27,1,0
BRDA:411,28,0,0
BRDA:411,28,1,0
BRDA:416,29,0,0
BRDA:417,30,0,0
BRDA:419,31,0,0
BRDA:419,31,1,0
BRDA:432,32,0,0
BRDA:435,33,0,0
BRDA:438,34,0,0
BRDA:438,34,1,0
BRDA:445,35,0,0
BRDA:456,36,0,0
BRDA:456,36,1,0
BRDA:457,37,0,0
BRDA:457,37,1,0
BRDA:457,38,0,0
BRDA:457,38,1,0
BRDA:459,39,0,0
BRDA:470,40,0,0
BRDA:470,40,1,0
BRDA:487,41,0,0
BRDA:518,42,0,0
BRDA:518,42,1,0
BRF:66
BRH:0
end_of_record
TN:
SF:components/chat/ChatPane.tsx
FN:27,(anonymous_4)
FN:37,(anonymous_5)
FN:51,(anonymous_6)
FN:69,ChatPane
FN:78,(anonymous_8)
FN:84,(anonymous_9)
FN:95,(anonymous_10)
FN:99,(anonymous_11)
FN:106,(anonymous_12)
FN:114,(anonymous_13)
FN:114,(anonymous_14)
FN:121,(anonymous_15)
FN:121,(anonymous_16)
FN:129,(anonymous_17)
FN:136,(anonymous_18)
FN:157,(anonymous_19)
FN:178,(anonymous_20)
FN:187,(anonymous_21)
FN:210,(anonymous_22)
FNF:19
FNH:16
FNDA:21,(anonymous_4)
FNDA:2,(anonymous_5)
FNDA:2,(anonymous_6)
FNDA:51,ChatPane
FNDA:21,(anonymous_8)
FNDA:4,(anonymous_9)
FNDA:19,(anonymous_10)
FNDA:33,(anonymous_11)
FNDA:2,(anonymous_12)
FNDA:2,(anonymous_13)
FNDA:0,(anonymous_14)
FNDA:1,(anonymous_15)
FNDA:0,(anonymous_16)
FNDA:2,(anonymous_17)
FNDA:0,(anonymous_18)
FNDA:37,(anonymous_19)
FNDA:1,(anonymous_20)
FNDA:1,(anonymous_21)
FNDA:14,(anonymous_22)
DA:3,2
DA:4,2
DA:5,2
DA:6,2
DA:7,2
DA:8,2
DA:9,2
DA:26,2
DA:28,21
DA:33,21
DA:34,18
DA:35,18
DA:38,2
DA:48,2
DA:49,2
DA:52,2
DA:63,2
DA:64,2
DA:69,19
DA:70,51
DA:71,51
DA:72,51
DA:73,51
DA:74,51
DA:76,51
DA:78,51
DA:79,21
DA:80,21
DA:81,21
DA:83,18
DA:84,18
DA:85,4
DA:87,18
DA:89,2
DA:91,20
DA:95,51
DA:96,19
DA:99,51
DA:101,33
DA:102,10
DA:106,51
DA:107,2
DA:108,2
DA:110,2
DA:111,2
DA:113,2
DA:114,2
DA:115,0
DA:118,2
DA:119,2
DA:121,2
DA:122,2
DA:124,0
DA:129,51
DA:130,2
DA:131,2
DA:133,2
DA:134,2
DA:136,2
DA:138,0
DA:158,37
DA:178,1
DA:187,1
DA:210,14
LF:64
LH:61
BRDA:31,0,0,21
BRDA:31,0,1,3
BRDA:34,1,0,0
BRDA:45,2,0,2
BRDA:45,2,1,1
BRDA:48,3,0,0
BRDA:60,4,0,2
BRDA:60,4,1,0
BRDA:63,5,0,0
BRDA:76,6,0,51
BRDA:76,6,1,1
BRDA:83,7,0,18
BRDA:83,7,1,0
BRDA:89,8,0,2
BRDA:89,8,1,0
BRDA:101,9,0,10
BRDA:108,10,0,0
BRDA:121,11,0,0
BRDA:121,11,1,0
BRDA:133,12,0,1
BRDA:133,12,1,1
BRDA:150,13,0,51
BRDA:151,14,0,51
BRDA:152,15,0,0
BRDA:152,15,1,2
BRDA:156,16,0,51
BRDA:156,16,1,25
BRDA:158,17,0,19
BRDA:158,17,1,18
BRDA:159,18,0,37
BRDA:165,19,0,19
BRDA:165,19,1,18
BRDA:173,20,0,37
BRDA:196,21,0,37
BRF:34
BRH:24
end_of_record
TN:
SF:components/ui/accordion.tsx
FNF:0
FNH:0
DA:3,1
DA:4,1
DA:5,1
DA:7,1
DA:9,1
DA:21,1
DA:41,1
DA:56,1
DA:58,5
LF:9
LH:9
BRF:0
BRH:0
end_of_record
TN:
SF:components/ui/alert.tsx
FNF:0
FNH:0
DA:1,2
DA:2,2
DA:4,2
DA:6,2
DA:33,2
DA:45,2
DA:57,2
DA:59,8
LF:8
LH:8
BRF:0
BRH:0
end_of_record
TN:
SF:components/ui/avatar.tsx
FNF:0
FNH:0
DA:3,1
DA:4,1
DA:6,1
DA:21,1
DA:33,1
DA:48,1
DA:50,28
LF:7
LH:7
BRF:0
BRH:0
end_of_record
TN:
SF:components/ui/badge.tsx
FN:30,Badge
FNF:1
FNH:1
FNDA:133,Badge
DA:1,5
DA:2,5
DA:4,5
DA:6,5
DA:36,133
LF:5
LH:5
BRF:0
BRH:0
end_of_record
TN:
SF:components/ui/button.tsx
FN:43,(anonymous_6)
FNF:1
FNH:1
FNDA:193,(anonymous_6)
DA:1,7
DA:2,7
DA:3,7
DA:5,7
DA:7,7
DA:42,7
DA:44,193
DA:54,7
DA:56,199
LF:9
LH:9
BRDA:43,0,0,191
BRDA:44,1,0,2
BRDA:44,1,1,191
BRF:3
BRH:3
end_of_record
TN:
SF:components/ui/card.tsx
FNF:0
FNH:0
DA:1,6
DA:3,6
DA:15,6
DA:27,6
DA:39,6
DA:51,6
DA:59,6
DA:71,6
DA:73,129
LF:9
LH:9
BRF:0
BRH:0
end_of_record
TN:
SF:components/ui/checkbox.tsx
FNF:0
FNH:0
DA:3,2
DA:4,2
DA:5,2
DA:7,2
DA:28,2
DA:30,14
LF:6
LH:6
BRF:0
BRH:0
end_of_record
TN:
SF:components/ui/collapsible.tsx
FNF:0
FNH:0
DA:3,1
DA:4,1
DA:6,1
DA:8,1
DA:10,1
DA:12,6
LF:6
LH:6
BRF:0
BRH:0
end_of_record
TN:
SF:components/ui/command.tsx
FN:26,(anonymous_14)
FN:127,(anonymous_21)
FNF:2
FNH:0
FNDA:0,(anonymous_14)
FNDA:0,(anonymous_21)
DA:3,0
DA:5,0
DA:6,0
DA:8,0
DA:9,0
DA:24,0
DA:26,0
DA:55,0
DA:68,0
DA:81,0
DA:97,0
DA:109,0
DA:125,0
DA:127,0
DA:141,0
DA:144,0
DA:145,0
DA:146,0
DA:147,0
DA:148,0
DA:149,0
DA:150,0
DA:151,0
DA:152,0
LF:24
LH:0
BRF:0
BRH:0
end_of_record
TN:
SF:components/ui/dialog.tsx
FNF:0
FNH:0
DA:3,2
DA:4,2
DA:5,2
DA:7,2
DA:9,2
DA:11,2
DA:13,2
DA:15,2
DA:30,2
DA:54,2
DA:68,2
DA:82,2
DA:97,2
DA:109,2
DA:112,23
DA:113,0
DA:114,0
DA:115,0
DA:116,9
DA:117,23
DA:118,23
DA:119,0
DA:120,23
DA:121,0
LF:24
LH:19
BRF:0
BRH:0
end_of_record
TN:
SF:components/ui/drawer.tsx
FNF:0
FNH:0
DA:3,0
DA:4,0
DA:6,0
DA:17,0
DA:19,0
DA:21,0
DA:23,0
DA:35,0
DA:56,0
DA:67,0
DA:78,0
DA:93,0
DA:105,0
DA:108,0
DA:109,0
DA:110,0
DA:111,0
DA:112,0
DA:113,0
DA:114,0
DA:115,0
DA:116,0
DA:117,0
LF:23
LH:0
BRDA:9,0,0,0
BRF:1
BRH:0
end_of_record
TN:
SF:components/ui/header.tsx
FN:7,Header
FN:22,(anonymous_3)
FNF:2
FNH:0
FNDA:0,Header
FNDA:0,(anonymous_3)
DA:3,0
DA:4,0
DA:5,0
DA:7,0
DA:8,0
DA:10,0
DA:23,0
LF:7
LH:0
BRDA:28,0,0,0
BRDA:28,0,1,0
BRF:2
BRH:0
end_of_record
TN:
SF:components/ui/input.tsx
FN:6,(anonymous_4)
FNF:1
FNH:1
FNDA:61,(anonymous_4)
DA:1,5
DA:3,5
DA:5,5
DA:20,5
DA:22,75
LF:5
LH:5
BRF:0
BRH:0
end_of_record
TN:
SF:components/ui/scroll-area.tsx
FNF:0
FNH:0
DA:3,1
DA:4,1
DA:6,1
DA:24,1
DA:46,1
DA:48,23
LF:6
LH:6
BRDA:29,0,0,23
BRDA:35,1,0,23
BRDA:35,1,1,23
BRDA:37,2,0,23
BRDA:37,2,1,0
BRF:5
BRH:4
end_of_record
TN:
SF:components/ui/select.tsx
FNF:0
FNH:0
DA:3,3
DA:4,3
DA:5,3
DA:7,3
DA:9,3
DA:11,3
DA:13,3
DA:33,3
DA:50,3
DA:67,3
DA:100,3
DA:112,3
DA:135,3
DA:147,3
DA:150,80
DA:151,0
DA:152,80
DA:153,80
DA:154,80
DA:155,0
DA:156,135
DA:157,0
DA:158,0
DA:159,0
LF:24
LH:19
BRDA:73,0,0,73
BRDA:79,1,0,73
BRDA:79,1,1,73
BRDA:90,2,0,73
BRDA:90,2,1,73
BRF:5
BRH:5
end_of_record
TN:
SF:components/ui/textarea.tsx
FN:8,(anonymous_4)
FNF:1
FNH:0
FNDA:0,(anonymous_4)
DA:1,0
DA:3,0
DA:5,0
DA:20,0
DA:22,0
LF:5
LH:0
BRF:0
BRH:0
end_of_record
TN:
SF:lib/interaction-logger.ts
FN:31,generateInteractionUuid
FN:38,formatTimestampForFilename
FN:49,generateInteractionFilename
FN:58,createInteractionContent
FN:81,deriveContextAndTags
FN:125,logInteraction
FN:177,logChatInteraction
FN:200,logTaskInteraction
FN:222,logMemoryExecutionInteraction
FN:245,logUIInteraction
FNF:10
FNH:0
FNDA:0,generateInteractionUuid
FNDA:0,formatTimestampForFilename
FNDA:0,generateInteractionFilename
FNDA:0,createInteractionContent
FNDA:0,deriveContextAndTags
FNDA:0,logInteraction
FNDA:0,logChatInteraction
FNDA:0,logTaskInteraction
FNDA:0,logMemoryExecutionInteraction
FNDA:0,logUIInteraction
DA:1,3
DA:2,3
DA:3,3
DA:23,3
DA:24,3
DA:32,0
DA:39,0
DA:50,0
DA:51,0
DA:52,0
DA:59,0
DA:86,0
DA:88,0
DA:89,0
DA:92,0
DA:93,0
DA:94,0
DA:95,0
DA:96,0
DA:97,0
DA:98,0
DA:99,0
DA:100,0
DA:101,0
DA:102,0
DA:107,0
DA:110,0
DA:111,0
DA:115,0
DA:117,0
DA:125,3
DA:133,0
DA:135,0
DA:138,0
DA:139,0
DA:140,0
DA:143,0
DA:146,0
DA:156,0
DA:157,0
DA:158,0
DA:161,0
DA:163,0
DA:164,0
DA:167,0
DA:168,0
DA:177,3
DA:184,0
DA:185,0
DA:187,0
DA:200,3
DA:207,0
DA:209,0
DA:222,3
DA:229,0
DA:230,0
DA:232,0
DA:245,3
DA:251,0
DA:253,0
LF:60
LH:10
BRDA:51,0,0,0
BRDA:51,0,1,0
BRDA:88,1,0,0
BRDA:88,1,1,0
BRDA:92,2,0,0
BRDA:94,3,0,0
BRDA:94,3,1,0
BRDA:94,4,0,0
BRDA:94,4,1,0
BRDA:97,5,0,0
BRDA:97,5,1,0
BRDA:97,6,0,0
BRDA:97,6,1,0
BRDA:100,7,0,0
BRDA:100,8,0,0
BRDA:100,8,1,0
BRDA:110,9,0,0
BRDA:131,10,0,0
BRDA:184,11,0,0
BRDA:184,11,1,0
BRDA:185,12,0,0
BRDA:185,12,1,0
BRDA:207,13,0,0
BRDA:207,13,1,0
BRDA:229,14,0,0
BRDA:229,14,1,0
BRDA:229,15,0,0
BRDA:229,15,1,0
BRDA:230,16,0,0
BRDA:230,16,1,0
BRF:30
BRH:0
end_of_record
TN:
SF:lib/path-utils.ts
FN:7,findProjectRoot
FN:57,getProjectPath
FN:61,getRuntimePath
FNF:3
FNH:3
FNDA:2,findProjectRoot
FNDA:27,getProjectPath
FNDA:29,getRuntimePath
DA:1,2
DA:8,2
DA:11,2
DA:13,8
DA:14,8
DA:15,8
DA:16,8
DA:17,0
DA:23,8
DA:24,8
DA:25,8
DA:26,8
DA:27,0
DA:28,0
DA:29,0
DA:35,8
DA:39,2
DA:40,2
DA:44,2
DA:46,18
DA:57,29
DA:58,27
DA:61,31
DA:62,29
LF:24
LH:20
BRDA:28,0,0,0
BRF:1
BRH:0
end_of_record
TN:
SF:lib/plan-parser.ts
FN:21,(anonymous_4)
FN:83,(anonymous_5)
FN:84,(anonymous_6)
FN:85,(anonymous_7)
FN:87,(anonymous_8)
FNF:5
FNH:1
FNDA:6,(anonymous_4)
FNDA:0,(anonymous_5)
FNDA:0,(anonymous_6)
FNDA:0,(anonymous_7)
FNDA:0,(anonymous_8)
DA:1,1
DA:16,1
DA:21,6
DA:22,6
DA:23,6
DA:25,6
DA:27,6
DA:28,96
DA:29,96
DA:31,96
DA:32,96
DA:33,18
DA:34,18
DA:37,78
DA:39,48
DA:40,48
DA:41,30
DA:43,30
DA:53,30
DA:54,30
DA:55,120
DA:56,120
DA:57,24
DA:60,96
DA:61,96
DA:62,60
DA:63,60
DA:64,60
DA:65,36
DA:67,6
DA:69,96
DA:72,30
DA:73,6
DA:76,30
DA:77,30
DA:80,6
DA:83,1
DA:84,0
DA:85,0
DA:87,0
DA:88,0
DA:89,0
DA:90,0
DA:91,0
DA:92,0
DA:93,0
DA:95,0
DA:96,0
DA:98,0
DA:99,0
DA:101,0
DA:104,0
DA:105,0
DA:107,0
DA:109,0
DA:110,0
DA:112,0
DA:114,0
DA:115,0
DA:117,0
LF:60
LH:37
BRDA:32,0,0,18
BRDA:37,1,0,30
BRDA:40,2,0,30
BRDA:45,3,0,6
BRDA:45,3,1,24
BRDA:56,4,0,24
BRDA:56,5,0,120
BRDA:56,5,1,108
BRDA:56,5,2,96
BRDA:61,6,0,60
BRDA:61,6,1,36
BRDA:65,7,0,6
BRDA:72,8,0,6
BRDA:84,9,0,0
BRDA:84,9,1,0
BRDA:85,10,0,0
BRDA:85,10,1,0
BRDA:88,11,0,0
BRDA:88,11,1,0
BRDA:92,12,0,0
BRDA:95,13,0,0
BRDA:98,14,0,0
BRDA:105,15,0,0
BRDA:105,15,1,0
BRF:24
BRH:13
end_of_record
TN:
SF:lib/schema-validation.ts
FN:37,validateMarkdownSchema
FN:92,validateLoopSchema
FN:111,validatePhaseSchema
FN:130,formatValidationError
FN:139,(anonymous_12)
FN:143,(anonymous_13)
FN:155,useSchemaValidation
FNF:7
FNH:0
FNDA:0,validateMarkdownSchema
FNDA:0,validateLoopSchema
FNDA:0,validatePhaseSchema
FNDA:0,formatValidationError
FNDA:0,(anonymous_12)
FNDA:0,(anonymous_13)
FNDA:0,useSchemaValidation
DA:17,0
DA:26,0
DA:37,0
DA:44,0
DA:46,0
DA:47,0
DA:48,0
DA:49,0
DA:52,0
DA:53,0
DA:54,0
DA:55,0
DA:56,0
DA:58,0
DA:59,0
DA:60,0
DA:61,0
DA:62,0
DA:63,0
DA:67,0
DA:69,0
DA:70,0
DA:78,0
DA:92,0
DA:93,0
DA:98,0
DA:99,0
DA:102,0
DA:111,0
DA:112,0
DA:117,0
DA:118,0
DA:121,0
DA:130,0
DA:134,0
DA:136,0
DA:138,0
DA:139,0
DA:142,0
DA:143,0
DA:146,0
DA:155,0
DA:160,0
DA:163,0
LF:44
LH:0
BRDA:39,0,0,0
BRDA:42,1,0,0
BRDA:43,2,0,0
BRDA:55,3,0,0
BRDA:55,3,1,0
BRDA:58,4,0,0
BRDA:58,4,1,0
BRDA:61,5,0,0
BRDA:69,6,0,0
BRDA:69,7,0,0
BRDA:69,7,1,0
BRDA:98,8,0,0
BRDA:98,9,0,0
BRDA:98,9,1,0
BRDA:117,10,0,0
BRDA:117,11,0,0
BRDA:117,11,1,0
BRDA:132,12,0,0
BRDA:134,13,0,0
BRDA:138,14,0,0
BRDA:142,15,0,0
BRDA:157,16,0,0
BRF:22
BRH:0
end_of_record
TN:
SF:lib/utils.ts
FN:4,cn
FNF:1
FNH:1
FNDA:1702,cn
DA:1,11
DA:2,11
DA:4,1703
DA:5,1702
LF:4
LH:4
BRF:0
BRH:0
end_of_record
TN:
SF:lib/yaml-engine.ts
FN:4,(anonymous_4)
FN:5,(anonymous_5)
FNF:2
FNH:2
FNDA:6,(anonymous_4)
FNDA:6,(anonymous_5)
DA:1,1
DA:3,17
DA:4,6
DA:5,6
DA:8,1
LF:5
LH:5
BRF:0
BRH:0
end_of_record
