TN:
SF:app/layout.tsx
FN:17,RootLayout
FNF:1
FNH:0
FNDA:0,RootLayout
DA:2,0
DA:3,0
DA:4,0
DA:5,0
DA:6,0
DA:7,0
DA:8,0
DA:10,0
DA:12,0
DA:17,0
LF:10
LH:0
BRF:0
BRH:0
end_of_record
TN:
SF:app/page.tsx
FN:3,HomePage
FNF:1
FNH:0
FNDA:0,HomePage
DA:1,0
DA:3,0
LF:2
LH:0
BRF:0
BRH:0
end_of_record
TN:
SF:app/api/chat/route.ts
FN:18,getChatFilePath
FN:37,parseChat
FN:62,stringifyMessage
FN:73,GET
FN:97,POST
FNF:5
FNH:0
FNDA:0,getChatFilePath
FNDA:0,parseChat
FNDA:0,stringifyMessage
FNDA:0,GET
FNDA:0,POST
DA:1,0
DA:2,0
DA:3,0
DA:5,0
DA:15,0
DA:16,0
DA:19,0
DA:21,0
DA:23,0
DA:25,0
DA:30,0
DA:32,0
DA:38,0
DA:39,0
DA:40,0
DA:43,0
DA:44,0
DA:46,0
DA:47,0
DA:48,0
DA:49,0
DA:51,0
DA:52,0
DA:59,0
DA:63,0
DA:73,0
DA:74,0
DA:75,0
DA:76,0
DA:78,0
DA:79,0
DA:82,0
DA:83,0
DA:84,0
DA:85,0
DA:86,0
DA:88,0
DA:89,0
DA:91,0
DA:92,0
DA:97,0
DA:98,0
DA:100,0
DA:101,0
DA:104,0
DA:109,0
DA:110,0
DA:111,0
DA:113,0
DA:114,0
DA:118,0
DA:119,0
DA:123,0
DA:125,0
DA:126,0
LF:55
LH:0
BRDA:19,0,0,0
BRDA:19,0,1,0
BRDA:19,0,2,0
BRDA:19,0,3,0
BRDA:19,0,4,0
BRDA:38,1,0,0
BRDA:40,2,0,0
BRDA:40,2,1,0
BRDA:51,3,0,0
BRDA:51,4,0,0
BRDA:51,4,1,0
BRDA:51,4,2,0
BRDA:78,5,0,0
BRDA:88,6,0,0
BRDA:88,7,0,0
BRDA:88,7,1,0
BRDA:100,8,0,0
BRDA:100,9,0,0
BRDA:100,9,1,0
BRDA:100,9,2,0
BRDA:113,10,0,0
BRDA:113,10,1,0
BRF:22
BRH:0
end_of_record
TN:
SF:app/api/complete-task/route.ts
FN:6,runEmbeddingScript
FN:7,(anonymous_3)
FN:11,(anonymous_4)
FN:22,appendToMemoryTrace
FN:35,POST
FN:85,(anonymous_7)
FN:98,escapeRegExp
FNF:7
FNH:0
FNDA:0,runEmbeddingScript
FNDA:0,(anonymous_3)
FNDA:0,(anonymous_4)
FNDA:0,appendToMemoryTrace
FNDA:0,POST
FNDA:0,(anonymous_7)
FNDA:0,escapeRegExp
DA:1,0
DA:2,0
DA:3,0
DA:4,0
DA:7,0
DA:8,0
DA:9,0
DA:11,0
DA:12,0
DA:13,0
DA:14,0
DA:16,0
DA:17,0
DA:23,0
DA:24,0
DA:26,0
DA:27,0
DA:29,0
DA:32,0
DA:35,0
DA:36,0
DA:37,0
DA:39,0
DA:40,0
DA:43,0
DA:45,0
DA:47,0
DA:48,0
DA:49,0
DA:52,0
DA:54,0
DA:55,0
DA:57,0
DA:58,0
DA:60,0
DA:61,0
DA:62,0
DA:64,0
DA:65,0
DA:67,0
DA:69,0
DA:72,0
DA:74,0
DA:82,0
DA:85,0
DA:86,0
DA:90,0
DA:92,0
DA:93,0
DA:94,0
DA:99,0
LF:51
LH:0
BRDA:12,0,0,0
BRDA:26,1,0,0
BRDA:26,1,1,0
BRDA:39,2,0,0
BRDA:39,3,0,0
BRDA:39,3,1,0
BRDA:48,4,0,0
BRDA:60,5,0,0
BRDA:60,5,1,0
BRDA:62,6,0,0
BRDA:62,6,1,0
BRDA:93,7,0,0
BRDA:93,7,1,0
BRF:13
BRH:0
end_of_record
TN:
SF:app/api/contextual-chat/route.ts
FN:20,getChatFilePath
FN:30,getContextFilePath
FN:44,parseChat
FN:87,stringifyMessage
FN:97,GET
FN:136,POST
FNF:6
FNH:0
FNDA:0,getChatFilePath
FNDA:0,getContextFilePath
FNDA:0,parseChat
FNDA:0,stringifyMessage
FNDA:0,GET
FNDA:0,POST
DA:1,0
DA:2,0
DA:3,0
DA:5,0
DA:7,0
DA:17,0
DA:18,0
DA:21,0
DA:23,0
DA:27,0
DA:31,0
DA:33,0
DA:35,0
DA:37,0
DA:39,0
DA:45,0
DA:47,0
DA:48,0
DA:49,0
DA:52,0
DA:53,0
DA:55,0
DA:56,0
DA:57,0
DA:58,0
DA:59,0
DA:60,0
DA:62,0
DA:63,0
DA:64,0
DA:65,0
DA:66,0
DA:67,0
DA:68,0
DA:69,0
DA:70,0
DA:71,0
DA:72,0
DA:76,0
DA:77,0
DA:84,0
DA:88,0
DA:97,0
DA:98,0
DA:99,0
DA:100,0
DA:101,0
DA:103,0
DA:104,0
DA:107,0
DA:109,0
DA:111,0
DA:113,0
DA:114,0
DA:117,0
DA:120,0
DA:121,0
DA:122,0
DA:123,0
DA:125,0
DA:126,0
DA:128,0
DA:131,0
DA:132,0
DA:136,0
DA:137,0
DA:139,0
DA:140,0
DA:143,0
DA:148,0
DA:149,0
DA:151,0
DA:153,0
DA:154,0
DA:155,0
DA:157,0
DA:159,0
DA:160,0
DA:161,0
DA:163,0
DA:168,0
DA:169,0
DA:172,0
DA:176,0
DA:177,0
DA:185,0
DA:189,0
DA:191,0
DA:192,0
LF:89
LH:0
BRDA:21,0,0,0
BRDA:31,1,0,0
BRDA:31,1,1,0
BRDA:31,1,2,0
BRDA:31,1,3,0
BRDA:44,2,0,0
BRDA:47,3,0,0
BRDA:49,4,0,0
BRDA:49,4,1,0
BRDA:64,5,0,0
BRDA:64,5,1,0
BRDA:64,6,0,0
BRDA:64,6,1,0
BRDA:64,6,2,0
BRDA:66,7,0,0
BRDA:66,7,1,0
BRDA:68,8,0,0
BRDA:68,8,1,0
BRDA:71,9,0,0
BRDA:71,10,0,0
BRDA:71,10,1,0
BRDA:76,11,0,0
BRDA:76,12,0,0
BRDA:76,12,1,0
BRDA:76,12,2,0
BRDA:76,12,3,0
BRDA:101,13,0,0
BRDA:101,13,1,0
BRDA:103,14,0,0
BRDA:103,15,0,0
BRDA:103,15,1,0
BRDA:111,16,0,0
BRDA:111,16,1,0
BRDA:125,17,0,0
BRDA:125,18,0,0
BRDA:125,18,1,0
BRDA:139,19,0,0
BRDA:139,20,0,0
BRDA:139,20,1,0
BRDA:139,20,2,0
BRDA:151,21,0,0
BRDA:151,21,1,0
BRDA:157,22,0,0
BRDA:157,22,1,0
BRDA:157,23,0,0
BRDA:157,23,1,0
BRDA:193,24,0,0
BRDA:193,24,1,0
BRF:48
BRH:0
end_of_record
TN:
SF:app/api/contextual-chat/add-section/route.ts
FN:10,POST
FNF:1
FNH:0
FNDA:0,POST
DA:1,0
DA:2,0
DA:3,0
DA:4,0
DA:7,0
DA:10,0
DA:11,0
DA:13,0
DA:14,0
DA:17,0
DA:18,0
DA:19,0
DA:22,0
DA:25,0
DA:26,0
DA:28,0
DA:32,0
DA:35,0
DA:36,0
DA:40,0
DA:41,0
DA:44,0
DA:45,0
DA:54,0
DA:57,0
DA:63,0
DA:64,0
LF:27
LH:0
BRDA:13,0,0,0
BRDA:13,1,0,0
BRDA:13,1,1,0
BRDA:18,2,0,0
BRDA:35,3,0,0
BRDA:65,4,0,0
BRDA:65,4,1,0
BRF:7
BRH:0
end_of_record
TN:
SF:app/api/contextual-chat/log/route.ts
FN:11,getContextFilePath
FN:28,formatLogEntry
FN:44,POST
FNF:3
FNH:0
FNDA:0,getContextFilePath
FNDA:0,formatLogEntry
FNDA:0,POST
DA:1,0
DA:2,0
DA:3,0
DA:4,0
DA:5,0
DA:8,0
DA:9,0
DA:12,0
DA:13,0
DA:16,0
DA:18,0
DA:20,0
DA:22,0
DA:24,0
DA:29,0
DA:30,0
DA:32,0
DA:33,0
DA:37,0
DA:44,0
DA:45,0
DA:47,0
DA:48,0
DA:51,0
DA:52,0
DA:55,0
DA:56,0
DA:57,0
DA:58,0
DA:60,0
DA:61,0
DA:63,0
DA:65,0
DA:66,0
DA:67,0
DA:69,0
DA:74,0
DA:75,0
DA:83,0
DA:87,0
DA:92,0
DA:93,0
LF:42
LH:0
BRDA:12,0,0,0
BRDA:16,1,0,0
BRDA:16,1,1,0
BRDA:16,1,2,0
BRDA:16,1,3,0
BRDA:32,2,0,0
BRDA:32,2,1,0
BRDA:34,3,0,0
BRDA:34,3,1,0
BRDA:47,4,0,0
BRDA:47,5,0,0
BRDA:47,5,1,0
BRDA:47,5,2,0
BRDA:47,5,3,0
BRDA:51,6,0,0
BRDA:51,7,0,0
BRDA:51,7,1,0
BRDA:57,8,0,0
BRDA:57,8,1,0
BRDA:63,9,0,0
BRDA:63,9,1,0
BRDA:63,10,0,0
BRDA:63,10,1,0
BRDA:94,11,0,0
BRDA:94,11,1,0
BRF:25
BRH:0
end_of_record
TN:
SF:app/api/demo-loops/route.ts
FN:29,loadLoopMetadata
FN:65,loadAllLoops
FN:68,(anonymous_6)
FN:73,(anonymous_7)
FN:76,(anonymous_8)
FN:84,GET
FNF:6
FNH:0
FNDA:0,loadLoopMetadata
FNDA:0,loadAllLoops
FNDA:0,(anonymous_6)
FNDA:0,(anonymous_7)
FNDA:0,(anonymous_8)
FNDA:0,GET
DA:1,0
DA:2,0
DA:3,0
DA:4,0
DA:7,0
DA:10,0
DA:11,0
DA:30,0
DA:31,0
DA:32,0
DA:33,0
DA:36,0
DA:37,0
DA:43,0
DA:45,0
DA:60,0
DA:61,0
DA:66,0
DA:67,0
DA:68,0
DA:69,0
DA:72,0
DA:73,0
DA:76,0
DA:78,0
DA:79,0
DA:84,0
DA:85,0
DA:86,0
DA:87,0
DA:89,0
DA:91,0
DA:92,0
DA:94,0
DA:95,0
DA:101,0
DA:104,0
DA:105,0
DA:108,0
DA:109,0
LF:40
LH:0
BRDA:48,0,0,0
BRDA:48,0,1,0
BRDA:49,1,0,0
BRDA:49,1,1,0
BRDA:50,2,0,0
BRDA:50,2,1,0
BRDA:51,3,0,0
BRDA:51,3,1,0
BRDA:52,4,0,0
BRDA:52,4,1,0
BRDA:53,5,0,0
BRDA:53,5,1,0
BRDA:54,6,0,0
BRDA:54,6,1,0
BRDA:55,7,0,0
BRDA:55,7,1,0
BRDA:56,8,0,0
BRDA:56,8,1,0
BRDA:69,9,0,0
BRDA:69,9,1,0
BRDA:69,9,2,0
BRDA:89,10,0,0
BRDA:89,10,1,0
BRDA:91,11,0,0
BRDA:91,11,1,0
BRDA:94,12,0,0
BRF:26
BRH:0
end_of_record
TN:
SF:app/api/get-plan/route.ts
FN:6,GET
FNF:1
FNH:0
FNDA:0,GET
DA:1,0
DA:2,0
DA:3,0
DA:4,0
DA:6,0
DA:7,0
DA:8,0
DA:9,0
DA:10,0
DA:11,0
DA:13,0
DA:14,0
DA:15,0
LF:13
LH:0
BRDA:14,0,0,0
BRDA:14,0,1,0
BRF:2
BRH:0
end_of_record
TN:
SF:app/api/loops/route.ts
FN:10,GET
FN:15,(anonymous_3)
FN:16,(anonymous_4)
FNF:3
FNH:0
FNDA:0,GET
FNDA:0,(anonymous_3)
FNDA:0,(anonymous_4)
DA:1,0
DA:2,0
DA:3,0
DA:4,0
DA:5,0
DA:7,0
DA:8,0
DA:10,0
DA:11,0
DA:12,0
DA:14,0
DA:15,0
DA:17,0
DA:18,0
DA:19,0
DA:20,0
DA:22,0
DA:28,0
DA:35,0
DA:37,0
DA:39,0
DA:40,0
DA:41,0
DA:43,0
DA:44,0
LF:25
LH:0
BRDA:23,0,0,0
BRDA:23,0,1,0
BRDA:24,1,0,0
BRDA:24,1,1,0
BRDA:40,2,0,0
BRDA:40,3,0,0
BRDA:40,3,1,0
BRDA:40,3,2,0
BRDA:43,4,0,0
BRDA:43,4,1,0
BRF:10
BRH:0
end_of_record
TN:
SF:app/api/memory/route.ts
FN:14,GET
FNF:1
FNH:0
FNDA:0,GET
DA:1,0
DA:2,0
DA:3,0
DA:4,0
DA:14,0
DA:15,0
DA:16,0
DA:18,0
DA:19,0
DA:22,0
DA:23,0
DA:24,0
DA:25,0
DA:27,0
DA:29,0
DA:31,0
DA:32,0
DA:33,0
DA:35,0
DA:39,0
DA:42,0
DA:43,0
DA:44,0
LF:23
LH:0
BRDA:18,0,0,0
BRDA:43,1,0,0
BRDA:43,1,1,0
BRF:3
BRH:0
end_of_record
TN:
SF:app/api/phase-doc/route.ts
FN:11,parseMarkdownFile
FN:17,GET
FN:41,(anonymous_6)
FN:46,(anonymous_7)
FN:48,(anonymous_8)
FN:78,(anonymous_9)
FN:84,(anonymous_10)
FN:91,(anonymous_11)
FNF:8
FNH:0
FNDA:0,parseMarkdownFile
FNDA:0,GET
FNDA:0,(anonymous_6)
FNDA:0,(anonymous_7)
FNDA:0,(anonymous_8)
FNDA:0,(anonymous_9)
FNDA:0,(anonymous_10)
FNDA:0,(anonymous_11)
DA:1,0
DA:2,0
DA:3,0
DA:4,0
DA:5,0
DA:8,0
DA:12,0
DA:13,0
DA:14,0
DA:17,0
DA:18,0
DA:19,0
DA:20,0
DA:22,0
DA:23,0
DA:26,0
DA:27,0
DA:28,0
DA:29,0
DA:30,0
DA:31,0
DA:32,0
DA:33,0
DA:34,0
DA:37,0
DA:41,0
DA:44,0
DA:45,0
DA:46,0
DA:48,0
DA:51,0
DA:52,0
DA:55,0
DA:56,0
DA:59,0
DA:60,0
DA:61,0
DA:64,0
DA:65,0
DA:66,0
DA:68,0
DA:69,0
DA:70,0
DA:71,0
DA:72,0
DA:73,0
DA:77,0
DA:78,0
DA:84,0
DA:87,0
DA:91,0
DA:96,0
DA:97,0
DA:98,0
LF:54
LH:0
BRDA:29,0,0,0
BRDA:29,1,0,0
BRDA:29,1,1,0
BRDA:33,2,0,0
BRDA:45,3,0,0
BRDA:45,3,1,0
BRDA:51,4,0,0
BRDA:52,5,0,0
BRDA:52,5,1,0
BRDA:55,6,0,0
BRDA:69,7,0,0
BRDA:72,8,0,0
BRDA:77,9,0,0
BRDA:77,10,0,0
BRDA:77,10,1,0
BRDA:97,11,0,0
BRDA:97,11,1,0
BRF:17
BRH:0
end_of_record
TN:
SF:app/api/plan-tasks/route.ts
FN:14,safeWriteTasks
FN:32,GET
FN:47,POST
FN:92,PUT
FN:99,(anonymous_11)
FN:133,DELETE
FN:141,(anonymous_13)
FNF:7
FNH:0
FNDA:0,safeWriteTasks
FNDA:0,GET
FNDA:0,POST
FNDA:0,PUT
FNDA:0,(anonymous_11)
FNDA:0,DELETE
FNDA:0,(anonymous_13)
DA:1,0
DA:2,0
DA:3,0
DA:4,0
DA:5,0
DA:6,0
DA:8,0
DA:10,0
DA:11,0
DA:12,0
DA:16,0
DA:17,0
DA:18,0
DA:19,0
DA:22,0
DA:23,0
DA:24,0
DA:28,0
DA:29,0
DA:32,0
DA:33,0
DA:34,0
DA:35,0
DA:36,0
DA:38,0
DA:39,0
DA:41,0
DA:42,0
DA:43,0
DA:47,0
DA:48,0
DA:49,0
DA:50,0
DA:52,0
DA:53,0
DA:56,0
DA:58,0
DA:66,0
DA:68,0
DA:71,0
DA:72,0
DA:80,0
DA:83,0
DA:86,0
DA:87,0
DA:88,0
DA:92,0
DA:93,0
DA:94,0
DA:96,0
DA:97,0
DA:99,0
DA:100,0
DA:101,0
DA:104,0
DA:105,0
DA:107,0
DA:109,0
DA:112,0
DA:113,0
DA:121,0
DA:124,0
DA:127,0
DA:128,0
DA:129,0
DA:133,0
DA:134,0
DA:135,0
DA:136,0
DA:138,0
DA:139,0
DA:141,0
DA:142,0
DA:143,0
DA:146,0
DA:147,0
DA:149,0
DA:152,0
DA:153,0
DA:161,0
DA:164,0
DA:167,0
DA:168,0
DA:169,0
LF:84
LH:0
BRDA:23,0,0,0
BRDA:23,1,0,0
BRDA:23,1,1,0
BRDA:38,2,0,0
BRDA:38,3,0,0
BRDA:38,3,1,0
BRDA:42,4,0,0
BRDA:42,4,1,0
BRDA:52,5,0,0
BRDA:52,6,0,0
BRDA:52,6,1,0
BRDA:56,7,0,0
BRDA:56,7,1,0
BRDA:87,8,0,0
BRDA:87,8,1,0
BRDA:100,9,0,0
BRDA:107,10,0,0
BRDA:107,10,1,0
BRDA:128,11,0,0
BRDA:128,11,1,0
BRDA:136,12,0,0
BRDA:142,13,0,0
BRDA:147,14,0,0
BRDA:147,14,1,0
BRDA:168,15,0,0
BRDA:168,15,1,0
BRF:26
BRH:0
end_of_record
TN:
SF:app/api/project-task-files/route.ts
FN:8,findTaskFiles
FN:23,GET
FN:26,(anonymous_4)
FNF:3
FNH:0
FNDA:0,findTaskFiles
FNDA:0,GET
FNDA:0,(anonymous_4)
DA:1,0
DA:2,0
DA:3,0
DA:5,0
DA:6,0
DA:9,0
DA:10,0
DA:12,0
DA:13,0
DA:14,0
DA:15,0
DA:16,0
DA:17,0
DA:20,0
DA:23,0
DA:24,0
DA:25,0
DA:26,0
DA:30,0
DA:32,0
DA:33,0
LF:21
LH:0
BRDA:14,0,0,0
BRDA:14,0,1,0
BRDA:16,1,0,0
BRDA:16,2,0,0
BRDA:16,2,1,0
BRF:5
BRH:0
end_of_record
TN:
SF:app/api/promote-plan-task/route.ts
FN:5,POST
FNF:1
FNH:0
FNDA:0,POST
DA:1,0
DA:2,0
DA:3,0
DA:5,0
DA:6,0
DA:8,0
DA:9,0
DA:12,0
DA:13,0
DA:14,0
DA:16,0
DA:18,0
DA:24,0
DA:25,0
DA:28,0
DA:31,0
DA:33,0
DA:36,0
DA:37,0
DA:38,0
LF:20
LH:0
BRDA:8,0,0,0
BRDA:21,1,0,0
BRDA:21,1,1,0
BRDA:24,2,0,0
BRDA:24,2,1,0
BRDA:37,3,0,0
BRDA:37,3,1,0
BRF:7
BRH:0
end_of_record
TN:
SF:app/api/promote-task/route.ts
FN:16,POST
FN:76,(anonymous_3)
FNF:2
FNH:0
FNDA:0,POST
FNDA:0,(anonymous_3)
DA:1,0
DA:2,0
DA:3,0
DA:4,0
DA:6,0
DA:7,0
DA:10,0
DA:11,0
DA:12,0
DA:16,0
DA:17,0
DA:19,0
DA:20,0
DA:23,0
DA:25,0
DA:27,0
DA:29,0
DA:30,0
DA:31,0
DA:34,0
DA:47,0
DA:48,0
DA:51,0
DA:52,0
DA:53,0
DA:56,0
DA:57,0
DA:58,0
DA:60,0
DA:64,0
DA:67,0
DA:68,0
DA:70,0
DA:71,0
DA:74,0
DA:75,0
DA:76,0
DA:78,0
DA:79,0
DA:81,0
DA:82,0
DA:84,0
DA:86,0
DA:87,0
DA:90,0
DA:94,0
DA:95,0
DA:103,0
DA:106,0
DA:109,0
DA:110,0
DA:111,0
LF:52
LH:0
BRDA:19,0,0,0
BRDA:19,1,0,0
BRDA:19,1,1,0
BRDA:19,1,2,0
BRDA:27,2,0,0
BRDA:27,2,1,0
BRDA:27,2,2,0
BRDA:27,2,3,0
BRDA:78,3,0,0
BRDA:78,3,1,0
BRDA:110,4,0,0
BRDA:110,4,1,0
BRF:12
BRH:0
end_of_record
TN:
SF:app/api/roadmap/route.ts
FN:13,getEnrichedLoop
FN:43,getEnrichedPhase
FN:46,(anonymous_4)
FN:47,(anonymous_5)
FN:50,(anonymous_6)
FN:51,(anonymous_7)
FN:73,getLoopsForPhase
FN:105,GET
FN:112,(anonymous_10)
FN:118,(anonymous_11)
FN:119,(anonymous_12)
FN:127,(anonymous_13)
FN:144,(anonymous_14)
FNF:13
FNH:0
FNDA:0,getEnrichedLoop
FNDA:0,getEnrichedPhase
FNDA:0,(anonymous_4)
FNDA:0,(anonymous_5)
FNDA:0,(anonymous_6)
FNDA:0,(anonymous_7)
FNDA:0,getLoopsForPhase
FNDA:0,GET
FNDA:0,(anonymous_10)
FNDA:0,(anonymous_11)
FNDA:0,(anonymous_12)
FNDA:0,(anonymous_13)
FNDA:0,(anonymous_14)
DA:1,0
DA:2,0
DA:3,0
DA:4,0
DA:5,0
DA:6,0
DA:8,0
DA:9,0
DA:14,0
DA:16,0
DA:17,0
DA:18,0
DA:21,0
DA:22,0
DA:23,0
DA:24,0
DA:38,0
DA:39,0
DA:45,0
DA:46,0
DA:47,0
DA:49,0
DA:50,0
DA:51,0
DA:53,0
DA:54,0
DA:55,0
DA:56,0
DA:57,0
DA:58,0
DA:61,0
DA:64,0
DA:74,0
DA:75,0
DA:76,0
DA:78,0
DA:79,0
DA:81,0
DA:82,0
DA:83,0
DA:84,0
DA:87,0
DA:88,0
DA:92,0
DA:93,0
DA:97,0
DA:99,0
DA:100,0
DA:105,0
DA:106,0
DA:107,0
DA:108,0
DA:111,0
DA:114,0
DA:116,0
DA:117,0
DA:118,0
DA:119,0
DA:126,0
DA:127,0
DA:134,0
DA:141,0
DA:142,0
DA:144,0
DA:146,0
DA:149,0
DA:150,0
DA:151,0
LF:68
LH:0
BRDA:16,0,0,0
BRDA:16,1,0,0
BRDA:16,1,1,0
BRDA:16,1,2,0
BRDA:25,2,0,0
BRDA:25,2,1,0
BRDA:26,3,0,0
BRDA:26,3,1,0
BRDA:26,3,2,0
BRDA:27,4,0,0
BRDA:27,4,1,0
BRDA:28,5,0,0
BRDA:28,5,1,0
BRDA:29,6,0,0
BRDA:29,6,1,0
BRDA:30,7,0,0
BRDA:30,7,1,0
BRDA:31,8,0,0
BRDA:31,8,1,0
BRDA:32,9,0,0
BRDA:32,9,1,0
BRDA:34,10,0,0
BRDA:34,10,1,0
BRDA:35,11,0,0
BRDA:35,11,1,0
BRDA:45,12,0,0
BRDA:45,12,1,0
BRDA:46,13,0,0
BRDA:46,13,1,0
BRDA:50,14,0,0
BRDA:50,14,1,0
BRDA:79,15,0,0
BRDA:87,16,0,0
BRDA:87,17,0,0
BRDA:87,17,1,0
BRDA:116,18,0,0
BRDA:116,18,1,0
BRDA:116,19,0,0
BRDA:116,19,1,0
BRDA:118,20,0,0
BRDA:118,20,1,0
BRDA:118,20,2,0
BRDA:150,21,0,0
BRDA:150,21,1,0
BRF:44
BRH:0
end_of_record
TN:
SF:app/api/run-task/route.ts
FN:5,appendToExecutionLog
FN:24,appendToMemoryTrace
FN:38,POST
FNF:3
FNH:0
FNDA:0,appendToExecutionLog
FNDA:0,appendToMemoryTrace
FNDA:0,POST
DA:1,0
DA:2,0
DA:3,0
DA:6,0
DA:7,0
DA:8,0
DA:10,0
DA:12,0
DA:13,0
DA:14,0
DA:15,0
DA:18,0
DA:21,0
DA:25,0
DA:26,0
DA:28,0
DA:29,0
DA:31,0
DA:34,0
DA:38,0
DA:39,0
DA:40,0
DA:42,0
DA:43,0
DA:47,0
DA:49,0
DA:50,0
DA:51,0
DA:53,0
DA:55,0
DA:64,0
DA:67,0
DA:69,0
DA:70,0
DA:71,0
LF:35
LH:0
BRDA:10,0,0,0
BRDA:10,0,1,0
BRDA:12,1,0,0
BRDA:12,1,1,0
BRDA:28,2,0,0
BRDA:28,2,1,0
BRDA:42,3,0,0
BRDA:42,4,0,0
BRDA:42,4,1,0
BRDA:42,4,2,0
BRDA:70,5,0,0
BRDA:70,5,1,0
BRF:12
BRH:0
end_of_record
TN:
SF:app/api/suggest-next-step/route.ts
FN:14,POST
FNF:1
FNH:0
FNDA:0,POST
DA:1,0
DA:2,0
DA:3,0
DA:4,0
DA:14,0
DA:15,0
DA:17,0
DA:18,0
DA:21,0
DA:22,0
DA:23,0
DA:24,0
DA:26,0
DA:27,0
DA:28,0
DA:30,0
DA:31,0
DA:32,0
DA:33,0
DA:35,0
DA:36,0
DA:37,0
DA:39,0
DA:40,0
DA:41,0
DA:46,0
DA:48,0
DA:57,0
DA:59,0
DA:61,0
DA:64,0
DA:65,0
DA:66,0
LF:33
LH:0
BRDA:17,0,0,0
BRDA:32,1,0,0
BRDA:32,1,1,0
BRDA:36,2,0,0
BRDA:36,2,1,0
BRDA:40,3,0,0
BRDA:46,4,0,0
BRDA:46,4,1,0
BRDA:65,5,0,0
BRDA:65,5,1,0
BRF:10
BRH:0
end_of_record
TN:
SF:app/api/suggest-plan-task/route.ts
FN:7,parseWorkstreamPlan
FN:17,POST
FN:44,(anonymous_4)
FNF:3
FNH:0
FNDA:0,parseWorkstreamPlan
FNDA:0,POST
FNDA:0,(anonymous_4)
DA:1,0
DA:2,0
DA:3,0
DA:4,0
DA:8,0
DA:9,0
DA:11,0
DA:12,0
DA:14,0
DA:17,0
DA:18,0
DA:20,0
DA:21,0
DA:24,0
DA:26,0
DA:27,0
DA:28,0
DA:31,0
DA:32,0
DA:33,0
DA:36,0
DA:44,0
DA:63,0
DA:70,0
DA:72,0
DA:75,0
DA:76,0
DA:77,0
LF:28
LH:0
BRDA:20,0,0,0
BRDA:76,1,0,0
BRDA:76,1,1,0
BRF:3
BRH:0
end_of_record
TN:
SF:app/api/system-docs/route.ts
FN:11,parseMarkdownFile
FN:18,getFriendlyName
FN:20,(anonymous_6)
FN:23,GET
FN:39,(anonymous_8)
FN:75,(anonymous_9)
FN:79,(anonymous_10)
FNF:7
FNH:0
FNDA:0,parseMarkdownFile
FNDA:0,getFriendlyName
FNDA:0,(anonymous_6)
FNDA:0,GET
FNDA:0,(anonymous_8)
FNDA:0,(anonymous_9)
FNDA:0,(anonymous_10)
DA:1,0
DA:2,0
DA:3,0
DA:4,0
DA:5,0
DA:8,0
DA:12,0
DA:13,0
DA:14,0
DA:19,0
DA:20,0
DA:23,0
DA:24,0
DA:25,0
DA:26,0
DA:28,0
DA:31,0
DA:32,0
DA:34,0
DA:38,0
DA:39,0
DA:41,0
DA:42,0
DA:46,0
DA:47,0
DA:48,0
DA:49,0
DA:51,0
DA:52,0
DA:53,0
DA:63,0
DA:75,0
DA:78,0
DA:79,0
DA:80,0
DA:81,0
DA:84,0
DA:85,0
DA:86,0
DA:88,0
DA:100,0
DA:106,0
DA:107,0
DA:108,0
LF:44
LH:0
BRDA:41,0,0,0
BRDA:58,1,0,0
BRDA:58,1,1,0
BRDA:59,2,0,0
BRDA:59,2,1,0
BRDA:78,3,0,0
BRDA:80,4,0,0
BRDA:107,5,0,0
BRDA:107,5,1,0
BRF:9
BRH:0
end_of_record
TN:
SF:app/api/system-view/route.ts
FN:11,parseMarkdownFile
FN:17,GET
FN:42,(anonymous_6)
FN:47,(anonymous_7)
FN:49,(anonymous_8)
FN:109,(anonymous_9)
FN:113,(anonymous_10)
FN:114,(anonymous_11)
FN:122,(anonymous_12)
FNF:9
FNH:0
FNDA:0,parseMarkdownFile
FNDA:0,GET
FNDA:0,(anonymous_6)
FNDA:0,(anonymous_7)
FNDA:0,(anonymous_8)
FNDA:0,(anonymous_9)
FNDA:0,(anonymous_10)
FNDA:0,(anonymous_11)
FNDA:0,(anonymous_12)
DA:1,0
DA:2,0
DA:3,0
DA:4,0
DA:5,0
DA:8,0
DA:12,0
DA:13,0
DA:14,0
DA:17,0
DA:18,0
DA:19,0
DA:20,0
DA:22,0
DA:23,0
DA:26,0
DA:27,0
DA:28,0
DA:29,0
DA:30,0
DA:31,0
DA:32,0
DA:33,0
DA:34,0
DA:37,0
DA:42,0
DA:45,0
DA:46,0
DA:47,0
DA:49,0
DA:52,0
DA:54,0
DA:57,0
DA:58,0
DA:61,0
DA:62,0
DA:63,0
DA:66,0
DA:67,0
DA:68,0
DA:69,0
DA:71,0
DA:72,0
DA:74,0
DA:75,0
DA:76,0
DA:77,0
DA:78,0
DA:79,0
DA:80,0
DA:81,0
DA:84,0
DA:85,0
DA:86,0
DA:88,0
DA:89,0
DA:96,0
DA:97,0
DA:109,0
DA:112,0
DA:113,0
DA:114,0
DA:116,0
DA:122,0
DA:127,0
DA:128,0
DA:129,0
LF:67
LH:0
BRDA:29,0,0,0
BRDA:29,1,0,0
BRDA:29,1,1,0
BRDA:33,2,0,0
BRDA:46,3,0,0
BRDA:46,3,1,0
BRDA:52,4,0,0
BRDA:54,5,0,0
BRDA:54,5,1,0
BRDA:57,6,0,0
BRDA:75,7,0,0
BRDA:78,8,0,0
BRDA:80,9,0,0
BRDA:85,10,0,0
BRDA:113,11,0,0
BRDA:113,11,1,0
BRDA:128,12,0,0
BRDA:128,12,1,0
BRF:18
BRH:0
end_of_record
TN:
SF:app/api/task-mutations/route.ts
FN:35,generateTaskId
FN:39,generateUUID
FN:41,(anonymous_7)
FN:48,createNewTaskFile
FN:89,addTaskToExistingFile
FN:102,editTaskInFile
FN:125,deleteTaskFromFile
FN:135,findTaskFile
FN:161,POST
FN:248,GET
FNF:10
FNH:0
FNDA:0,generateTaskId
FNDA:0,generateUUID
FNDA:0,(anonymous_7)
FNDA:0,createNewTaskFile
FNDA:0,addTaskToExistingFile
FNDA:0,editTaskInFile
FNDA:0,deleteTaskFromFile
FNDA:0,findTaskFile
FNDA:0,POST
FNDA:0,GET
DA:1,0
DA:2,0
DA:3,0
DA:4,0
DA:5,0
DA:6,0
DA:9,0
DA:12,0
DA:13,0
DA:36,0
DA:41,0
DA:42,0
DA:43,0
DA:44,0
DA:49,0
DA:50,0
DA:51,0
DA:52,0
DA:54,0
DA:66,0
DA:83,0
DA:84,0
DA:86,0
DA:91,0
DA:94,0
DA:95,0
DA:98,0
DA:99,0
DA:103,0
DA:106,0
DA:107,0
DA:117,0
DA:118,0
DA:121,0
DA:122,0
DA:127,0
DA:128,0
DA:131,0
DA:132,0
DA:136,0
DA:137,0
DA:139,0
DA:140,0
DA:141,0
DA:142,0
DA:143,0
DA:146,0
DA:147,0
DA:152,0
DA:154,0
DA:155,0
DA:161,0
DA:162,0
DA:163,0
DA:164,0
DA:166,0
DA:167,0
DA:170,0
DA:172,0
DA:173,0
DA:177,0
DA:179,0
DA:180,0
DA:181,0
DA:184,0
DA:187,0
DA:194,0
DA:195,0
DA:198,0
DA:199,0
DA:200,0
DA:205,0
DA:207,0
DA:213,0
DA:214,0
DA:217,0
DA:218,0
DA:219,0
DA:223,0
DA:224,0
DA:227,0
DA:228,0
DA:229,0
DA:232,0
DA:238,0
DA:242,0
DA:243,0
DA:244,0
DA:248,0
DA:250,0
LF:90
LH:0
BRDA:43,0,0,0
BRDA:43,0,1,0
BRDA:68,1,0,0
BRDA:68,1,1,0
BRDA:106,2,0,0
BRDA:140,3,0,0
BRDA:146,4,0,0
BRDA:146,5,0,0
BRDA:146,5,1,0
BRDA:166,6,0,0
BRDA:170,7,0,0
BRDA:170,7,1,0
BRDA:170,7,2,0
BRDA:170,7,3,0
BRDA:172,8,0,0
BRDA:177,9,0,0
BRDA:177,9,1,0
BRDA:194,10,0,0
BRDA:194,11,0,0
BRDA:194,11,1,0
BRDA:199,12,0,0
BRDA:213,13,0,0
BRDA:218,14,0,0
BRDA:223,15,0,0
BRDA:223,15,1,0
BRDA:229,16,0,0
BRDA:229,16,1,0
BRDA:243,17,0,0
BRDA:243,17,1,0
BRF:29
BRH:0
end_of_record
TN:
SF:app/api/tasks/route.ts
FN:51,validateLoopSchema
FN:70,parseMarkdownFile
FN:127,(anonymous_4)
FN:154,GET
FN:157,(anonymous_6)
FNF:5
FNH:0
FNDA:0,validateLoopSchema
FNDA:0,parseMarkdownFile
FNDA:0,(anonymous_4)
FNDA:0,GET
FNDA:0,(anonymous_6)
DA:1,0
DA:2,0
DA:3,0
DA:4,0
DA:5,0
DA:7,0
DA:8,0
DA:11,0
DA:52,0
DA:53,0
DA:55,0
DA:56,0
DA:57,0
DA:58,0
DA:60,0
DA:61,0
DA:62,0
DA:66,0
DA:67,0
DA:71,0
DA:72,0
DA:73,0
DA:75,0
DA:76,0
DA:80,0
DA:81,0
DA:82,0
DA:86,0
DA:88,0
DA:89,0
DA:90,0
DA:91,0
DA:93,0
DA:98,0
DA:100,0
DA:101,0
DA:102,0
DA:106,0
DA:108,0
DA:109,0
DA:110,0
DA:114,0
DA:115,0
DA:116,0
DA:119,0
DA:121,0
DA:122,0
DA:124,0
DA:125,0
DA:126,0
DA:127,0
DA:129,0
DA:146,0
DA:148,0
DA:149,0
DA:154,0
DA:155,0
DA:156,0
DA:157,0
DA:159,0
DA:160,0
DA:161,0
DA:162,0
DA:163,0
DA:166,0
DA:168,0
DA:169,0
DA:170,0
LF:68
LH:0
BRDA:58,0,0,0
BRDA:58,0,1,0
BRDA:60,1,0,0
BRDA:75,2,0,0
BRDA:75,3,0,0
BRDA:75,3,1,0
BRDA:81,4,0,0
BRDA:116,5,0,0
BRDA:116,5,1,0
BRDA:124,6,0,0
BRDA:135,7,0,0
BRDA:135,7,1,0
BRDA:136,8,0,0
BRDA:136,8,1,0
BRDA:137,9,0,0
BRDA:137,9,1,0
BRDA:138,10,0,0
BRDA:138,10,1,0
BRDA:141,11,0,0
BRDA:141,11,1,0
BRDA:142,12,0,0
BRDA:142,12,1,0
BRDA:142,13,0,0
BRDA:142,13,1,0
BRDA:169,14,0,0
BRDA:169,14,1,0
BRF:26
BRH:0
end_of_record
TN:
SF:app/api/validate-schema/route.ts
FN:26,validateMarkdownSchema
FN:52,POST
FNF:2
FNH:0
FNDA:0,validateMarkdownSchema
FNDA:0,POST
DA:1,0
DA:2,0
DA:3,0
DA:6,0
DA:14,0
DA:27,0
DA:28,0
DA:29,0
DA:30,0
DA:33,0
DA:34,0
DA:35,0
DA:36,0
DA:37,0
DA:39,0
DA:40,0
DA:41,0
DA:42,0
DA:43,0
DA:44,0
DA:48,0
DA:49,0
DA:52,0
DA:53,0
DA:54,0
DA:56,0
DA:57,0
DA:62,0
DA:65,0
DA:66,0
DA:67,0
DA:69,0
DA:70,0
DA:72,0
DA:80,0
DA:83,0
DA:86,0
DA:87,0
DA:94,0
DA:101,0
DA:102,0
DA:103,0
LF:42
LH:0
BRDA:26,0,0,0
BRDA:36,1,0,0
BRDA:36,1,1,0
BRDA:39,2,0,0
BRDA:39,2,1,0
BRDA:42,3,0,0
BRDA:54,4,0,0
BRDA:56,5,0,0
BRDA:56,6,0,0
BRDA:56,6,1,0
BRDA:65,7,0,0
BRDA:65,8,0,0
BRDA:65,8,1,0
BRDA:74,9,0,0
BRDA:74,9,1,0
BRDA:80,10,0,0
BRDA:80,10,1,0
BRDA:86,11,0,0
BRDA:87,12,0,0
BRDA:87,12,1,0
BRDA:97,13,0,0
BRDA:97,13,1,0
BRDA:102,14,0,0
BRDA:102,14,1,0
BRF:24
BRH:0
end_of_record
TN:
SF:app/contextual-chat-demo/page.tsx
FN:27,(anonymous_4)
FN:28,(anonymous_5)
FN:31,(anonymous_6)
FN:38,ContextualChatDemo
FN:51,(anonymous_8)
FN:53,(anonymous_9)
FN:61,(anonymous_10)
FN:63,(anonymous_11)
FN:71,(anonymous_12)
FN:73,(anonymous_13)
FN:75,(anonymous_14)
FN:86,(anonymous_15)
FN:91,(anonymous_16)
FN:96,(anonymous_17)
FN:100,(anonymous_18)
FN:104,(anonymous_19)
FN:108,(anonymous_20)
FN:128,(anonymous_21)
FN:150,(anonymous_22)
FN:206,(anonymous_23)
FN:220,(anonymous_24)
FN:234,(anonymous_25)
FN:274,(anonymous_26)
FN:301,(anonymous_27)
FN:314,(anonymous_28)
FN:338,(anonymous_29)
FNF:26
FNH:0
FNDA:0,(anonymous_4)
FNDA:0,(anonymous_5)
FNDA:0,(anonymous_6)
FNDA:0,ContextualChatDemo
FNDA:0,(anonymous_8)
FNDA:0,(anonymous_9)
FNDA:0,(anonymous_10)
FNDA:0,(anonymous_11)
FNDA:0,(anonymous_12)
FNDA:0,(anonymous_13)
FNDA:0,(anonymous_14)
FNDA:0,(anonymous_15)
FNDA:0,(anonymous_16)
FNDA:0,(anonymous_17)
FNDA:0,(anonymous_18)
FNDA:0,(anonymous_19)
FNDA:0,(anonymous_20)
FNDA:0,(anonymous_21)
FNDA:0,(anonymous_22)
FNDA:0,(anonymous_23)
FNDA:0,(anonymous_24)
FNDA:0,(anonymous_25)
FNDA:0,(anonymous_26)
FNDA:0,(anonymous_27)
FNDA:0,(anonymous_28)
FNDA:0,(anonymous_29)
DA:3,0
DA:4,0
DA:5,0
DA:6,0
DA:7,0
DA:8,0
DA:27,0
DA:28,0
DA:29,0
DA:31,0
DA:32,0
DA:34,0
DA:38,0
DA:39,0
DA:40,0
DA:41,0
DA:44,0
DA:45,0
DA:46,0
DA:47,0
DA:48,0
DA:51,0
DA:52,0
DA:53,0
DA:54,0
DA:55,0
DA:58,0
DA:61,0
DA:62,0
DA:63,0
DA:64,0
DA:65,0
DA:68,0
DA:71,0
DA:72,0
DA:73,0
DA:74,0
DA:75,0
DA:76,0
DA:77,0
DA:82,0
DA:86,0
DA:87,0
DA:90,0
DA:91,0
DA:94,0
DA:95,0
DA:96,0
DA:99,0
DA:100,0
DA:103,0
DA:104,0
DA:108,0
DA:109,0
DA:111,0
DA:113,0
DA:115,0
DA:117,0
DA:120,0
DA:124,0
DA:128,0
DA:129,0
DA:130,0
DA:131,0
DA:133,0
DA:135,0
DA:136,0
DA:139,0
DA:140,0
DA:143,0
DA:144,0
DA:146,0
DA:150,0
DA:151,0
DA:154,0
DA:166,0
DA:207,0
DA:221,0
DA:235,0
DA:275,0
DA:276,0
DA:277,0
DA:278,0
DA:279,0
DA:302,0
DA:303,0
DA:304,0
DA:305,0
DA:315,0
DA:317,0
DA:339,0
LF:91
LH:0
BRDA:28,0,0,0
BRDA:28,1,0,0
BRDA:28,1,1,0
BRDA:31,2,0,0
BRDA:31,3,0,0
BRDA:31,3,1,0
BRDA:54,4,0,0
BRDA:54,5,0,0
BRDA:54,5,1,0
BRDA:64,6,0,0
BRDA:64,7,0,0
BRDA:64,7,1,0
BRDA:74,8,0,0
BRDA:74,9,0,0
BRDA:74,9,1,0
BRDA:76,10,0,0
BRDA:76,11,0,0
BRDA:76,11,1,0
BRDA:76,11,2,0
BRDA:90,12,0,0
BRDA:94,13,0,0
BRDA:99,14,0,0
BRDA:100,15,0,0
BRDA:100,15,1,0
BRDA:103,16,0,0
BRDA:109,17,0,0
BRDA:109,17,1,0
BRDA:109,17,2,0
BRDA:109,17,3,0
BRDA:109,17,4,0
BRDA:109,17,5,0
BRDA:135,18,0,0
BRDA:144,19,0,0
BRDA:144,19,1,0
BRDA:154,20,0,0
BRDA:166,21,0,0
BRDA:208,22,0,0
BRDA:208,22,1,0
BRDA:222,23,0,0
BRDA:222,23,1,0
BRDA:236,24,0,0
BRDA:236,24,1,0
BRDA:297,25,0,0
BRDA:315,26,0,0
BRDA:315,26,1,0
BRDA:333,27,0,0
BRDA:333,27,1,0
BRDA:336,28,0,0
BRDA:336,28,1,0
BRDA:343,29,0,0
BRF:50
BRH:0
end_of_record
TN:
SF:app/phase-doc/page.tsx
FN:4,PhaseDocPage
FNF:1
FNH:0
FNDA:0,PhaseDocPage
DA:1,0
DA:2,0
DA:4,0
LF:3
LH:0
BRF:0
BRH:0
end_of_record
TN:
SF:app/planning/page.tsx
FN:3,PlanningPage
FNF:1
FNH:0
FNDA:0,PlanningPage
DA:1,0
DA:3,0
DA:4,0
LF:3
LH:0
BRF:0
BRH:0
end_of_record
TN:
SF:app/semantic-chat-classic/page.tsx
FN:22,SemanticChatClassic
FN:28,(anonymous_6)
FN:50,(anonymous_7)
FN:102,(anonymous_8)
FNF:4
FNH:0
FNDA:0,SemanticChatClassic
FNDA:0,(anonymous_6)
FNDA:0,(anonymous_7)
FNDA:0,(anonymous_8)
DA:3,0
DA:4,0
DA:22,0
DA:23,0
DA:24,0
DA:25,0
DA:28,0
DA:29,0
DA:30,0
DA:31,0
DA:33,0
DA:35,0
DA:36,0
DA:39,0
DA:40,0
DA:43,0
DA:44,0
DA:46,0
DA:50,0
DA:51,0
DA:54,0
DA:65,0
DA:103,0
LF:23
LH:0
BRDA:35,0,0,0
BRDA:44,1,0,0
BRDA:44,1,1,0
BRDA:54,2,0,0
BRDA:65,3,0,0
BRDA:97,4,0,0
BRDA:97,4,1,0
BRF:7
BRH:0
end_of_record
TN:
SF:app/system-docs/page.tsx
FN:3,SystemDocsPage
FNF:1
FNH:0
FNDA:0,SystemDocsPage
DA:1,0
DA:3,0
DA:4,0
LF:3
LH:0
BRF:0
BRH:0
end_of_record
TN:
SF:app/system-view/page.tsx
FN:3,SystemViewPage
FNF:1
FNH:0
FNDA:0,SystemViewPage
DA:1,0
DA:3,0
DA:4,0
LF:3
LH:0
BRF:0
BRH:0
end_of_record
TN:
SF:app/task-executor/page.tsx
FN:3,TaskExecutorPage
FNF:1
FNH:0
FNDA:0,TaskExecutorPage
DA:1,0
DA:3,0
DA:4,0
LF:3
LH:0
BRF:0
BRH:0
end_of_record
TN:
SF:app/workstream-filter-demo/page.tsx
FN:56,WorkstreamFilterDemo
FN:84,(anonymous_5)
FN:106,(anonymous_6)
FN:128,(anonymous_7)
FN:134,(anonymous_8)
FN:141,(anonymous_9)
FN:143,(anonymous_10)
FN:151,(anonymous_11)
FN:154,(anonymous_12)
FN:164,(anonymous_13)
FN:165,(anonymous_14)
FN:166,(anonymous_15)
FN:172,(anonymous_16)
FN:175,(anonymous_17)
FN:177,(anonymous_18)
FN:192,(anonymous_19)
FN:194,(anonymous_20)
FN:203,(anonymous_21)
FN:207,(anonymous_22)
FN:212,(anonymous_23)
FN:216,(anonymous_24)
FN:217,(anonymous_25)
FN:225,(anonymous_26)
FN:228,(anonymous_27)
FN:232,(anonymous_28)
FN:238,(anonymous_29)
FN:243,(anonymous_30)
FN:250,(anonymous_31)
FN:261,(anonymous_32)
FN:267,(anonymous_33)
FN:273,(anonymous_34)
FN:280,(anonymous_35)
FN:281,(anonymous_36)
FN:281,(anonymous_37)
FN:298,(anonymous_38)
FN:309,(anonymous_39)
FN:310,(anonymous_40)
FN:316,(anonymous_41)
FN:322,(anonymous_42)
FN:326,(anonymous_43)
FN:327,(anonymous_44)
FN:336,(anonymous_45)
FN:372,(anonymous_46)
FN:373,(anonymous_47)
FN:374,(anonymous_48)
FN:394,(anonymous_49)
FN:395,(anonymous_50)
FN:411,(anonymous_51)
FN:428,(anonymous_52)
FN:436,(anonymous_53)
FN:437,(anonymous_54)
FN:439,(anonymous_55)
FN:442,(anonymous_56)
FN:442,(anonymous_57)
FN:443,(anonymous_58)
FN:449,(anonymous_59)
FN:450,(anonymous_60)
FN:461,(anonymous_61)
FN:580,(anonymous_62)
FN:600,(anonymous_63)
FN:620,(anonymous_64)
FN:637,(anonymous_65)
FN:704,(anonymous_66)
FN:721,(anonymous_67)
FN:738,(anonymous_68)
FN:739,(anonymous_69)
FNF:66
FNH:0
FNDA:0,WorkstreamFilterDemo
FNDA:0,(anonymous_5)
FNDA:0,(anonymous_6)
FNDA:0,(anonymous_7)
FNDA:0,(anonymous_8)
FNDA:0,(anonymous_9)
FNDA:0,(anonymous_10)
FNDA:0,(anonymous_11)
FNDA:0,(anonymous_12)
FNDA:0,(anonymous_13)
FNDA:0,(anonymous_14)
FNDA:0,(anonymous_15)
FNDA:0,(anonymous_16)
FNDA:0,(anonymous_17)
FNDA:0,(anonymous_18)
FNDA:0,(anonymous_19)
FNDA:0,(anonymous_20)
FNDA:0,(anonymous_21)
FNDA:0,(anonymous_22)
FNDA:0,(anonymous_23)
FNDA:0,(anonymous_24)
FNDA:0,(anonymous_25)
FNDA:0,(anonymous_26)
FNDA:0,(anonymous_27)
FNDA:0,(anonymous_28)
FNDA:0,(anonymous_29)
FNDA:0,(anonymous_30)
FNDA:0,(anonymous_31)
FNDA:0,(anonymous_32)
FNDA:0,(anonymous_33)
FNDA:0,(anonymous_34)
FNDA:0,(anonymous_35)
FNDA:0,(anonymous_36)
FNDA:0,(anonymous_37)
FNDA:0,(anonymous_38)
FNDA:0,(anonymous_39)
FNDA:0,(anonymous_40)
FNDA:0,(anonymous_41)
FNDA:0,(anonymous_42)
FNDA:0,(anonymous_43)
FNDA:0,(anonymous_44)
FNDA:0,(anonymous_45)
FNDA:0,(anonymous_46)
FNDA:0,(anonymous_47)
FNDA:0,(anonymous_48)
FNDA:0,(anonymous_49)
FNDA:0,(anonymous_50)
FNDA:0,(anonymous_51)
FNDA:0,(anonymous_52)
FNDA:0,(anonymous_53)
FNDA:0,(anonymous_54)
FNDA:0,(anonymous_55)
FNDA:0,(anonymous_56)
FNDA:0,(anonymous_57)
FNDA:0,(anonymous_58)
FNDA:0,(anonymous_59)
FNDA:0,(anonymous_60)
FNDA:0,(anonymous_61)
FNDA:0,(anonymous_62)
FNDA:0,(anonymous_63)
FNDA:0,(anonymous_64)
FNDA:0,(anonymous_65)
FNDA:0,(anonymous_66)
FNDA:0,(anonymous_67)
FNDA:0,(anonymous_68)
FNDA:0,(anonymous_69)
DA:3,0
DA:4,0
DA:5,0
DA:6,0
DA:7,0
DA:8,0
DA:9,0
DA:10,0
DA:11,0
DA:31,0
DA:38,0
DA:45,0
DA:56,0
DA:57,0
DA:58,0
DA:59,0
DA:62,0
DA:63,0
DA:64,0
DA:67,0
DA:68,0
DA:69,0
DA:70,0
DA:73,0
DA:74,0
DA:75,0
DA:76,0
DA:79,0
DA:80,0
DA:81,0
DA:84,0
DA:85,0
DA:86,0
DA:87,0
DA:89,0
DA:90,0
DA:91,0
DA:94,0
DA:95,0
DA:96,0
DA:99,0
DA:101,0
DA:106,0
DA:107,0
DA:108,0
DA:109,0
DA:111,0
DA:113,0
DA:114,0
DA:117,0
DA:118,0
DA:121,0
DA:122,0
DA:124,0
DA:128,0
DA:129,0
DA:130,0
DA:134,0
DA:135,0
DA:136,0
DA:141,0
DA:142,0
DA:143,0
DA:144,0
DA:145,0
DA:148,0
DA:151,0
DA:152,0
DA:153,0
DA:154,0
DA:155,0
DA:156,0
DA:159,0
DA:162,0
DA:163,0
DA:164,0
DA:165,0
DA:166,0
DA:168,0
DA:172,0
DA:173,0
DA:174,0
DA:175,0
DA:176,0
DA:177,0
DA:178,0
DA:179,0
DA:184,0
DA:187,0
DA:188,0
DA:192,0
DA:193,0
DA:194,0
DA:195,0
DA:196,0
DA:199,0
DA:203,0
DA:204,0
DA:206,0
DA:207,0
DA:210,0
DA:211,0
DA:212,0
DA:215,0
DA:216,0
DA:217,0
DA:218,0
DA:224,0
DA:225,0
DA:228,0
DA:232,0
DA:233,0
DA:234,0
DA:235,0
DA:238,0
DA:239,0
DA:240,0
DA:243,0
DA:244,0
DA:245,0
DA:246,0
DA:247,0
DA:250,0
DA:251,0
DA:252,0
DA:253,0
DA:254,0
DA:255,0
DA:256,0
DA:261,0
DA:262,0
DA:263,0
DA:264,0
DA:267,0
DA:268,0
DA:269,0
DA:270,0
DA:273,0
DA:274,0
DA:276,0
DA:277,0
DA:280,0
DA:281,0
DA:283,0
DA:292,0
DA:293,0
DA:294,0
DA:298,0
DA:299,0
DA:300,0
DA:301,0
DA:303,0
DA:306,0
DA:309,0
DA:310,0
DA:311,0
DA:313,0
DA:316,0
DA:317,0
DA:318,0
DA:319,0
DA:322,0
DA:323,0
DA:326,0
DA:327,0
DA:328,0
DA:329,0
DA:330,0
DA:336,0
DA:337,0
DA:338,0
DA:339,0
DA:341,0
DA:342,0
DA:343,0
DA:345,0
DA:357,0
DA:358,0
DA:359,0
DA:362,0
DA:372,0
DA:373,0
DA:374,0
DA:378,0
DA:394,0
DA:395,0
DA:398,0
DA:404,0
DA:405,0
DA:406,0
DA:410,0
DA:411,0
DA:412,0
DA:413,0
DA:414,0
DA:418,0
DA:419,0
DA:420,0
DA:423,0
DA:426,0
DA:428,0
DA:429,0
DA:430,0
DA:431,0
DA:434,0
DA:436,0
DA:437,0
DA:439,0
DA:442,0
DA:443,0
DA:446,0
DA:449,0
DA:450,0
DA:451,0
DA:452,0
DA:453,0
DA:457,0
DA:461,0
DA:462,0
DA:463,0
DA:464,0
DA:467,0
DA:478,0
DA:581,0
DA:601,0
DA:621,0
DA:638,0
DA:704,0
DA:722,0
DA:723,0
DA:725,0
DA:738,0
DA:739,0
LF:233
LH:0
BRDA:89,0,0,0
BRDA:95,1,0,0
BRDA:95,2,0,0
BRDA:95,2,1,0
BRDA:113,3,0,0
BRDA:122,4,0,0
BRDA:122,4,1,0
BRDA:135,5,0,0
BRDA:144,6,0,0
BRDA:144,7,0,0
BRDA:144,7,1,0
BRDA:152,8,0,0
BRDA:152,8,1,0
BRDA:155,9,0,0
BRDA:162,10,0,0
BRDA:162,10,1,0
BRDA:173,11,0,0
BRDA:173,11,1,0
BRDA:176,12,0,0
BRDA:176,13,0,0
BRDA:176,13,1,0
BRDA:178,14,0,0
BRDA:178,15,0,0
BRDA:178,15,1,0
BRDA:187,16,0,0
BRDA:187,16,1,0
BRDA:195,17,0,0
BRDA:206,18,0,0
BRDA:210,19,0,0
BRDA:215,20,0,0
BRDA:217,21,0,0
BRDA:217,21,1,0
BRDA:218,22,0,0
BRDA:218,22,1,0
BRDA:224,23,0,0
BRDA:251,24,0,0
BRDA:251,24,1,0
BRDA:251,24,2,0
BRDA:251,24,3,0
BRDA:251,24,4,0
BRDA:292,25,0,0
BRDA:294,26,0,0
BRDA:294,26,1,0
BRDA:323,27,0,0
BRDA:323,27,1,0
BRDA:337,28,0,0
BRDA:337,28,1,0
BRDA:357,29,0,0
BRDA:357,29,1,0
BRDA:369,30,0,0
BRDA:369,30,1,0
BRDA:374,31,0,0
BRDA:374,31,1,0
BRDA:389,32,0,0
BRDA:389,32,1,0
BRDA:404,33,0,0
BRDA:406,34,0,0
BRDA:406,34,1,0
BRDA:410,35,0,0
BRDA:410,35,1,0
BRDA:426,36,0,0
BRDA:426,36,1,0
BRDA:434,37,0,0
BRDA:434,37,1,0
BRDA:434,38,0,0
BRDA:434,38,1,0
BRDA:437,39,0,0
BRDA:437,39,1,0
BRDA:446,40,0,0
BRDA:446,40,1,0
BRDA:467,41,0,0
BRDA:478,42,0,0
BRDA:503,43,0,0
BRDA:523,44,0,0
BRDA:526,45,0,0
BRDA:526,45,1,0
BRDA:530,46,0,0
BRDA:544,47,0,0
BRDA:548,48,0,0
BRDA:582,49,0,0
BRDA:582,49,1,0
BRDA:602,50,0,0
BRDA:602,50,1,0
BRDA:622,51,0,0
BRDA:622,51,1,0
BRDA:639,52,0,0
BRDA:639,52,1,0
BRDA:689,53,0,0
BRDA:689,53,1,0
BRDA:692,54,0,0
BRDA:692,54,1,0
BRDA:702,55,0,0
BRDA:702,55,1,0
BRDA:704,56,0,0
BRDA:704,56,1,0
BRDA:713,57,0,0
BRDA:741,58,0,0
BRDA:741,58,1,0
BRDA:743,59,0,0
BRDA:743,59,1,0
BRDA:747,60,0,0
BRDA:747,60,1,0
BRDA:747,60,2,0
BRDA:751,61,0,0
BRDA:759,62,0,0
BRF:105
BRH:0
end_of_record
TN:
SF:components/LoopCard.tsx
FN:31,LoopCard
FN:34,(anonymous_6)
FN:44,(anonymous_7)
FN:96,(anonymous_8)
FN:142,(anonymous_9)
FN:150,(anonymous_10)
FN:158,(anonymous_11)
FNF:7
FNH:0
FNDA:0,LoopCard
FNDA:0,(anonymous_6)
FNDA:0,(anonymous_7)
FNDA:0,(anonymous_8)
FNDA:0,(anonymous_9)
FNDA:0,(anonymous_10)
FNDA:0,(anonymous_11)
DA:3,0
DA:4,0
DA:5,0
DA:6,0
DA:7,0
DA:8,0
DA:9,0
DA:31,0
DA:32,0
DA:34,0
DA:35,0
DA:36,0
DA:37,0
DA:38,0
DA:39,0
DA:40,0
DA:44,0
DA:45,0
DA:46,0
DA:47,0
DA:48,0
DA:97,0
DA:142,0
DA:150,0
DA:158,0
LF:25
LH:0
BRDA:35,0,0,0
BRDA:35,0,1,0
BRDA:35,0,2,0
BRDA:35,0,3,0
BRDA:35,0,4,0
BRDA:45,1,0,0
BRDA:46,2,0,0
BRDA:47,3,0,0
BRDA:57,4,0,0
BRDA:57,4,1,0
BRDA:63,5,0,0
BRDA:68,6,0,0
BRDA:76,7,0,0
BRDA:81,8,0,0
BRDA:91,9,0,0
BRDA:104,10,0,0
BRF:16
BRH:0
end_of_record
TN:
SF:components/PhaseDocView.tsx
FN:17,(anonymous_4)
FN:31,PhaseDocView
FN:46,(anonymous_6)
FN:48,(anonymous_7)
FN:49,(anonymous_8)
FN:52,(anonymous_9)
FN:54,(anonymous_10)
FN:55,(anonymous_11)
FN:60,(anonymous_12)
FN:62,(anonymous_13)
FN:70,(anonymous_14)
FN:75,(anonymous_15)
FN:78,(anonymous_16)
FN:81,(anonymous_17)
FN:84,(anonymous_18)
FN:84,(anonymous_19)
FN:87,(anonymous_20)
FN:94,(anonymous_21)
FN:95,(anonymous_22)
FN:96,(anonymous_23)
FN:100,(anonymous_24)
FN:101,(anonymous_25)
FN:111,(anonymous_26)
FN:112,(anonymous_27)
FN:125,(anonymous_28)
FN:137,(anonymous_29)
FN:162,(anonymous_30)
FN:194,(anonymous_31)
FN:200,(anonymous_32)
FN:204,(anonymous_33)
FN:238,(anonymous_34)
FN:271,(anonymous_35)
FN:306,(anonymous_36)
FN:339,(anonymous_37)
FN:374,(anonymous_38)
FN:407,(anonymous_39)
FNF:36
FNH:0
FNDA:0,(anonymous_4)
FNDA:0,PhaseDocView
FNDA:0,(anonymous_6)
FNDA:0,(anonymous_7)
FNDA:0,(anonymous_8)
FNDA:0,(anonymous_9)
FNDA:0,(anonymous_10)
FNDA:0,(anonymous_11)
FNDA:0,(anonymous_12)
FNDA:0,(anonymous_13)
FNDA:0,(anonymous_14)
FNDA:0,(anonymous_15)
FNDA:0,(anonymous_16)
FNDA:0,(anonymous_17)
FNDA:0,(anonymous_18)
FNDA:0,(anonymous_19)
FNDA:0,(anonymous_20)
FNDA:0,(anonymous_21)
FNDA:0,(anonymous_22)
FNDA:0,(anonymous_23)
FNDA:0,(anonymous_24)
FNDA:0,(anonymous_25)
FNDA:0,(anonymous_26)
FNDA:0,(anonymous_27)
FNDA:0,(anonymous_28)
FNDA:0,(anonymous_29)
FNDA:0,(anonymous_30)
FNDA:0,(anonymous_31)
FNDA:0,(anonymous_32)
FNDA:0,(anonymous_33)
FNDA:0,(anonymous_34)
FNDA:0,(anonymous_35)
FNDA:0,(anonymous_36)
FNDA:0,(anonymous_37)
FNDA:0,(anonymous_38)
FNDA:0,(anonymous_39)
DA:3,0
DA:5,0
DA:6,0
DA:8,0
DA:9,0
DA:10,0
DA:13,0
DA:14,0
DA:17,0
DA:18,0
DA:20,0
DA:22,0
DA:24,0
DA:26,0
DA:31,0
DA:32,0
DA:33,0
DA:35,0
DA:36,0
DA:37,0
DA:38,0
DA:40,0
DA:41,0
DA:42,0
DA:43,0
DA:44,0
DA:46,0
DA:47,0
DA:48,0
DA:49,0
DA:52,0
DA:53,0
DA:54,0
DA:55,0
DA:57,0
DA:60,0
DA:61,0
DA:62,0
DA:63,0
DA:64,0
DA:67,0
DA:70,0
DA:71,0
DA:72,0
DA:74,0
DA:75,0
DA:77,0
DA:78,0
DA:80,0
DA:81,0
DA:83,0
DA:84,0
DA:87,0
DA:88,0
DA:89,0
DA:90,0
DA:93,0
DA:94,0
DA:95,0
DA:96,0
DA:100,0
DA:101,0
DA:102,0
DA:103,0
DA:104,0
DA:105,0
DA:106,0
DA:107,0
DA:110,0
DA:111,0
DA:112,0
DA:113,0
DA:114,0
DA:115,0
DA:116,0
DA:117,0
DA:122,0
DA:124,0
DA:125,0
DA:126,0
DA:129,0
DA:131,0
DA:134,0
DA:137,0
DA:138,0
DA:162,0
DA:194,0
DA:200,0
DA:205,0
DA:239,0
DA:240,0
DA:241,0
DA:243,0
DA:272,0
DA:307,0
DA:308,0
DA:309,0
DA:311,0
DA:340,0
DA:375,0
DA:376,0
DA:377,0
DA:379,0
DA:408,0
LF:104
LH:0
BRDA:18,0,0,0
BRDA:18,0,1,0
BRDA:18,0,2,0
BRDA:18,0,3,0
BRDA:48,1,0,0
BRDA:63,2,0,0
BRDA:71,3,0,0
BRDA:74,4,0,0
BRDA:77,5,0,0
BRDA:78,6,0,0
BRDA:78,6,1,0
BRDA:80,7,0,0
BRDA:83,8,0,0
BRDA:88,9,0,0
BRDA:89,10,0,0
BRDA:95,11,0,0
BRDA:95,11,1,0
BRDA:105,12,0,0
BRDA:113,13,0,0
BRDA:116,14,0,0
BRDA:124,15,0,0
BRDA:126,16,0,0
BRDA:129,17,0,0
BRDA:129,17,1,0
BRDA:194,18,0,0
BRDA:194,18,1,0
BRDA:200,19,0,0
BRDA:200,19,1,0
BRDA:200,20,0,0
BRDA:200,20,1,0
BRDA:232,21,0,0
BRDA:240,22,0,0
BRDA:240,22,1,0
BRDA:256,23,0,0
BRDA:265,24,0,0
BRDA:265,24,1,0
BRDA:269,25,0,0
BRDA:269,25,1,0
BRDA:281,26,0,0
BRDA:281,26,1,0
BRDA:300,27,0,0
BRDA:308,28,0,0
BRDA:308,28,1,0
BRDA:324,29,0,0
BRDA:333,30,0,0
BRDA:333,30,1,0
BRDA:337,31,0,0
BRDA:337,31,1,0
BRDA:349,32,0,0
BRDA:349,32,1,0
BRDA:368,33,0,0
BRDA:376,34,0,0
BRDA:376,34,1,0
BRDA:392,35,0,0
BRDA:401,36,0,0
BRDA:401,36,1,0
BRDA:405,37,0,0
BRDA:405,37,1,0
BRDA:417,38,0,0
BRDA:417,38,1,0
BRDA:436,39,0,0
BRDA:436,39,1,0
BRDA:436,39,2,0
BRDA:439,40,0,0
BRF:64
BRH:0
end_of_record
TN:
SF:components/SystemDocs.tsx
FN:30,SystemDocs
FN:37,(anonymous_5)
FN:38,(anonymous_6)
FN:63,(anonymous_7)
FN:66,(anonymous_8)
FN:82,(anonymous_9)
FN:94,(anonymous_10)
FN:102,(anonymous_11)
FN:154,(anonymous_12)
FN:178,(anonymous_13)
FN:186,(anonymous_14)
FN:197,(anonymous_15)
FN:232,(anonymous_16)
FN:251,(anonymous_17)
FNF:14
FNH:0
FNDA:0,SystemDocs
FNDA:0,(anonymous_5)
FNDA:0,(anonymous_6)
FNDA:0,(anonymous_7)
FNDA:0,(anonymous_8)
FNDA:0,(anonymous_9)
FNDA:0,(anonymous_10)
FNDA:0,(anonymous_11)
FNDA:0,(anonymous_12)
FNDA:0,(anonymous_13)
FNDA:0,(anonymous_14)
FNDA:0,(anonymous_15)
FNDA:0,(anonymous_16)
FNDA:0,(anonymous_17)
DA:3,0
DA:4,0
DA:5,0
DA:6,0
DA:7,0
DA:8,0
DA:30,0
DA:31,0
DA:32,0
DA:33,0
DA:34,0
DA:37,0
DA:38,0
DA:39,0
DA:40,0
DA:41,0
DA:42,0
DA:43,0
DA:45,0
DA:46,0
DA:49,0
DA:50,0
DA:53,0
DA:55,0
DA:59,0
DA:63,0
DA:64,0
DA:66,0
DA:67,0
DA:68,0
DA:69,0
DA:70,0
DA:72,0
DA:73,0
DA:75,0
DA:79,0
DA:82,0
DA:83,0
DA:84,0
DA:85,0
DA:86,0
DA:87,0
DA:88,0
DA:89,0
DA:90,0
DA:91,0
DA:94,0
DA:95,0
DA:96,0
DA:97,0
DA:98,0
DA:99,0
DA:102,0
DA:103,0
DA:112,0
DA:116,0
DA:155,0
DA:179,0
DA:186,0
DA:198,0
DA:232,0
DA:252,0
LF:62
LH:0
BRDA:42,0,0,0
BRDA:49,1,0,0
BRDA:49,2,0,0
BRDA:49,2,1,0
BRDA:53,3,0,0
BRDA:53,3,1,0
BRDA:64,4,0,0
BRDA:69,5,0,0
BRDA:75,6,0,0
BRDA:75,6,1,0
BRDA:95,7,0,0
BRDA:112,8,0,0
BRDA:116,9,0,0
BRDA:182,10,0,0
BRDA:182,10,1,0
BRDA:195,11,0,0
BRDA:202,12,0,0
BRDA:218,13,0,0
BRF:18
BRH:0
end_of_record
TN:
SF:components/SystemView.tsx
FN:14,(anonymous_5)
FN:29,SystemView
FN:37,(anonymous_7)
FN:39,(anonymous_8)
FN:40,(anonymous_9)
FN:49,(anonymous_10)
FN:51,(anonymous_11)
FN:52,(anonymous_12)
FN:58,(anonymous_13)
FN:61,(anonymous_14)
FN:65,(anonymous_15)
FN:67,(anonymous_16)
FN:72,(anonymous_17)
FN:78,(anonymous_18)
FN:79,(anonymous_19)
FN:91,(anonymous_20)
FN:92,(anonymous_21)
FN:136,(anonymous_22)
FN:168,(anonymous_23)
FN:198,(anonymous_24)
FN:215,(anonymous_25)
FN:251,(anonymous_26)
FNF:22
FNH:0
FNDA:0,(anonymous_5)
FNDA:0,SystemView
FNDA:0,(anonymous_7)
FNDA:0,(anonymous_8)
FNDA:0,(anonymous_9)
FNDA:0,(anonymous_10)
FNDA:0,(anonymous_11)
FNDA:0,(anonymous_12)
FNDA:0,(anonymous_13)
FNDA:0,(anonymous_14)
FNDA:0,(anonymous_15)
FNDA:0,(anonymous_16)
FNDA:0,(anonymous_17)
FNDA:0,(anonymous_18)
FNDA:0,(anonymous_19)
FNDA:0,(anonymous_20)
FNDA:0,(anonymous_21)
FNDA:0,(anonymous_22)
FNDA:0,(anonymous_23)
FNDA:0,(anonymous_24)
FNDA:0,(anonymous_25)
FNDA:0,(anonymous_26)
DA:3,0
DA:4,0
DA:5,0
DA:6,0
DA:7,0
DA:8,0
DA:10,0
DA:11,0
DA:14,0
DA:15,0
DA:17,0
DA:19,0
DA:21,0
DA:23,0
DA:29,0
DA:30,0
DA:31,0
DA:32,0
DA:33,0
DA:34,0
DA:35,0
DA:37,0
DA:38,0
DA:39,0
DA:40,0
DA:41,0
DA:42,0
DA:46,0
DA:49,0
DA:50,0
DA:51,0
DA:52,0
DA:53,0
DA:54,0
DA:58,0
DA:61,0
DA:62,0
DA:64,0
DA:65,0
DA:68,0
DA:69,0
DA:70,0
DA:72,0
DA:75,0
DA:78,0
DA:79,0
DA:80,0
DA:81,0
DA:82,0
DA:83,0
DA:84,0
DA:86,0
DA:87,0
DA:90,0
DA:91,0
DA:92,0
DA:93,0
DA:94,0
DA:95,0
DA:96,0
DA:97,0
DA:102,0
DA:104,0
DA:106,0
DA:110,0
DA:114,0
DA:118,0
DA:136,0
DA:169,0
DA:170,0
DA:172,0
DA:199,0
DA:216,0
DA:217,0
DA:219,0
DA:221,0
DA:252,0
LF:77
LH:0
BRDA:15,0,0,0
BRDA:15,0,1,0
BRDA:15,0,2,0
BRDA:15,0,3,0
BRDA:41,1,0,0
BRDA:53,2,0,0
BRDA:64,3,0,0
BRDA:64,4,0,0
BRDA:64,4,1,0
BRDA:68,5,0,0
BRDA:68,5,1,0
BRDA:69,6,0,0
BRDA:69,6,1,0
BRDA:70,7,0,0
BRDA:70,7,1,0
BRDA:83,8,0,0
BRDA:93,9,0,0
BRDA:96,10,0,0
BRDA:104,11,0,0
BRDA:104,11,1,0
BRDA:114,12,0,0
BRDA:118,13,0,0
BRDA:136,14,0,0
BRDA:136,14,1,0
BRDA:158,15,0,0
BRDA:170,16,0,0
BRDA:170,16,1,0
BRDA:176,17,0,0
BRDA:184,18,0,0
BRDA:184,18,1,0
BRDA:197,19,0,0
BRDA:197,19,1,0
BRDA:214,20,0,0
BRDA:213,21,0,0
BRDA:213,21,1,0
BRDA:217,22,0,0
BRDA:217,22,1,0
BRDA:225,23,0,0
BRDA:240,24,0,0
BRDA:240,24,1,0
BRDA:242,25,0,0
BRDA:249,26,0,0
BRDA:249,26,1,0
BRF:43
BRH:0
end_of_record
TN:
SF:components/TaskBoard.tsx
FN:28,(anonymous_4)
FN:33,(anonymous_5)
FN:42,(anonymous_6)
FN:51,(anonymous_7)
FN:60,(anonymous_8)
FN:65,(anonymous_9)
FN:70,(anonymous_10)
FN:90,(anonymous_11)
FN:96,(anonymous_12)
FN:124,(anonymous_13)
FN:128,(anonymous_14)
FN:140,(anonymous_15)
FN:149,(anonymous_16)
FN:153,(anonymous_17)
FN:158,(anonymous_18)
FN:170,(anonymous_19)
FN:172,(anonymous_20)
FN:185,(anonymous_21)
FN:186,(anonymous_22)
FN:188,(anonymous_23)
FN:206,(anonymous_24)
FN:216,(anonymous_25)
FN:218,(anonymous_26)
FN:219,(anonymous_27)
FN:223,(anonymous_28)
FN:264,(anonymous_29)
FN:277,(anonymous_30)
FN:286,(anonymous_31)
FN:295,(anonymous_32)
FN:301,(anonymous_33)
FN:313,TaskBoard
FN:320,(anonymous_35)
FN:332,(anonymous_36)
FN:336,(anonymous_37)
FN:339,(anonymous_38)
FN:339,(anonymous_39)
FN:345,(anonymous_40)
FN:348,(anonymous_41)
FN:348,(anonymous_42)
FN:354,(anonymous_43)
FN:362,(anonymous_44)
FN:363,(anonymous_45)
FN:377,(anonymous_46)
FN:383,(anonymous_47)
FN:393,(anonymous_48)
FNF:45
FNH:0
FNDA:0,(anonymous_4)
FNDA:0,(anonymous_5)
FNDA:0,(anonymous_6)
FNDA:0,(anonymous_7)
FNDA:0,(anonymous_8)
FNDA:0,(anonymous_9)
FNDA:0,(anonymous_10)
FNDA:0,(anonymous_11)
FNDA:0,(anonymous_12)
FNDA:0,(anonymous_13)
FNDA:0,(anonymous_14)
FNDA:0,(anonymous_15)
FNDA:0,(anonymous_16)
FNDA:0,(anonymous_17)
FNDA:0,(anonymous_18)
FNDA:0,(anonymous_19)
FNDA:0,(anonymous_20)
FNDA:0,(anonymous_21)
FNDA:0,(anonymous_22)
FNDA:0,(anonymous_23)
FNDA:0,(anonymous_24)
FNDA:0,(anonymous_25)
FNDA:0,(anonymous_26)
FNDA:0,(anonymous_27)
FNDA:0,(anonymous_28)
FNDA:0,(anonymous_29)
FNDA:0,(anonymous_30)
FNDA:0,(anonymous_31)
FNDA:0,(anonymous_32)
FNDA:0,(anonymous_33)
FNDA:0,TaskBoard
FNDA:0,(anonymous_35)
FNDA:0,(anonymous_36)
FNDA:0,(anonymous_37)
FNDA:0,(anonymous_38)
FNDA:0,(anonymous_39)
FNDA:0,(anonymous_40)
FNDA:0,(anonymous_41)
FNDA:0,(anonymous_42)
FNDA:0,(anonymous_43)
FNDA:0,(anonymous_44)
FNDA:0,(anonymous_45)
FNDA:0,(anonymous_46)
FNDA:0,(anonymous_47)
FNDA:0,(anonymous_48)
DA:3,0
DA:4,0
DA:5,0
DA:6,0
DA:7,0
DA:8,0
DA:9,0
DA:10,0
DA:11,0
DA:12,0
DA:27,0
DA:29,0
DA:30,0
DA:31,0
DA:34,0
DA:39,0
DA:40,0
DA:43,0
DA:48,0
DA:49,0
DA:52,0
DA:57,0
DA:58,0
DA:61,0
DA:62,0
DA:63,0
DA:66,0
DA:67,0
DA:68,0
DA:75,0
DA:80,0
DA:81,0
DA:82,0
DA:84,0
DA:90,0
DA:91,0
DA:92,0
DA:93,0
DA:94,0
DA:96,0
DA:97,0
DA:98,0
DA:99,0
DA:100,0
DA:101,0
DA:102,0
DA:103,0
DA:104,0
DA:106,0
DA:108,0
DA:124,0
DA:128,0
DA:140,0
DA:149,0
DA:150,0
DA:151,0
DA:153,0
DA:154,0
DA:155,0
DA:158,0
DA:159,0
DA:160,0
DA:170,0
DA:172,0
DA:185,0
DA:186,0
DA:188,0
DA:206,0
DA:207,0
DA:208,0
DA:209,0
DA:210,0
DA:211,0
DA:212,0
DA:213,0
DA:214,0
DA:216,0
DA:217,0
DA:218,0
DA:219,0
DA:223,0
DA:224,0
DA:225,0
DA:227,0
DA:228,0
DA:230,0
DA:231,0
DA:233,0
DA:234,0
DA:236,0
DA:237,0
DA:240,0
DA:241,0
DA:242,0
DA:243,0
DA:245,0
DA:246,0
DA:247,0
DA:248,0
DA:250,0
DA:252,0
DA:264,0
DA:277,0
DA:286,0
DA:295,0
DA:301,0
DA:313,0
DA:314,0
DA:315,0
DA:316,0
DA:317,0
DA:318,0
DA:320,0
DA:321,0
DA:322,0
DA:323,0
DA:324,0
DA:326,0
DA:328,0
DA:332,0
DA:333,0
DA:336,0
DA:337,0
DA:338,0
DA:339,0
DA:341,0
DA:345,0
DA:346,0
DA:347,0
DA:348,0
DA:350,0
DA:354,0
DA:355,0
DA:356,0
DA:362,0
DA:363,0
DA:377,0
DA:383,0
DA:394,0
DA:395,0
LF:140
LH:0
BRDA:30,0,0,0
BRDA:39,1,0,0
BRDA:48,2,0,0
BRDA:57,3,0,0
BRDA:62,4,0,0
BRDA:67,5,0,0
BRDA:80,6,0,0
BRDA:82,7,0,0
BRDA:82,7,1,0
BRDA:98,8,0,0
BRDA:142,9,0,0
BRDA:142,9,1,0
BRDA:154,10,0,0
BRDA:154,10,1,0
BRDA:164,11,0,0
BRDA:164,11,1,0
BRDA:169,12,0,0
BRDA:175,13,0,0
BRDA:175,13,1,0
BRDA:180,14,0,0
BRDA:181,15,0,0
BRDA:185,16,0,0
BRDA:185,16,1,0
BRDA:217,17,0,0
BRDA:228,18,0,0
BRDA:228,18,1,0
BRDA:228,18,2,0
BRDA:240,19,0,0
BRDA:250,20,0,0
BRDA:250,20,1,0
BRDA:273,21,0,0
BRDA:282,22,0,0
BRDA:291,23,0,0
BRDA:298,24,0,0
BRDA:303,25,0,0
BRDA:303,25,1,0
BRDA:326,26,0,0
BRDA:326,26,1,0
BRDA:339,27,0,0
BRDA:339,27,1,0
BRDA:388,28,0,0
BRF:41
BRH:0
end_of_record
TN:
SF:components/TaskCard.tsx
FN:33,TaskCard
FN:36,(anonymous_6)
FN:43,(anonymous_7)
FN:53,(anonymous_8)
FN:159,(anonymous_9)
FN:167,(anonymous_10)
FN:175,(anonymous_11)
FNF:7
FNH:0
FNDA:0,TaskCard
FNDA:0,(anonymous_6)
FNDA:0,(anonymous_7)
FNDA:0,(anonymous_8)
FNDA:0,(anonymous_9)
FNDA:0,(anonymous_10)
FNDA:0,(anonymous_11)
DA:3,0
DA:4,0
DA:5,0
DA:6,0
DA:7,0
DA:8,0
DA:9,0
DA:10,0
DA:33,0
DA:34,0
DA:36,0
DA:37,0
DA:38,0
DA:39,0
DA:43,0
DA:44,0
DA:53,0
DA:54,0
DA:55,0
DA:56,0
DA:57,0
DA:58,0
DA:59,0
DA:159,0
DA:167,0
DA:175,0
LF:26
LH:0
BRDA:33,0,0,0
BRDA:37,1,0,0
BRDA:38,2,0,0
BRDA:38,2,1,0
BRDA:54,3,0,0
BRDA:54,3,1,0
BRDA:54,3,2,0
BRDA:54,3,3,0
BRDA:54,3,4,0
BRDA:64,4,0,0
BRDA:64,4,1,0
BRDA:74,5,0,0
BRDA:74,5,1,0
BRDA:106,6,0,0
BRDA:112,7,0,0
BRDA:120,8,0,0
BRDA:132,9,0,0
BRF:17
BRH:0
end_of_record
TN:
SF:components/TaskExecutor.tsx
FN:15,(anonymous_4)
FN:69,TaskExecutor
FN:79,(anonymous_6)
FN:97,(anonymous_7)
FN:102,(anonymous_8)
FN:102,(anonymous_9)
FN:103,(anonymous_10)
FN:103,(anonymous_11)
FN:105,(anonymous_12)
FN:106,(anonymous_13)
FN:113,(anonymous_14)
FN:124,(anonymous_15)
FN:130,(anonymous_16)
FN:145,(anonymous_17)
FN:150,(anonymous_18)
FN:161,(anonymous_19)
FN:188,(anonymous_20)
FN:189,(anonymous_21)
FN:192,(anonymous_22)
FN:212,(anonymous_23)
FN:223,(anonymous_24)
FN:235,(anonymous_25)
FN:236,(anonymous_26)
FN:254,(anonymous_27)
FN:255,(anonymous_28)
FN:267,(anonymous_29)
FN:273,(anonymous_30)
FN:274,(anonymous_31)
FN:301,(anonymous_32)
FN:312,(anonymous_33)
FN:328,(anonymous_34)
FN:334,(anonymous_35)
FN:359,(anonymous_36)
FN:369,(anonymous_37)
FN:379,(anonymous_38)
FN:395,(anonymous_39)
FN:395,(anonymous_40)
FN:399,(anonymous_41)
FN:399,(anonymous_42)
FN:404,(anonymous_43)
FN:410,(anonymous_44)
FN:442,(anonymous_45)
FN:456,(anonymous_46)
FN:460,(anonymous_47)
FN:480,(anonymous_48)
FN:485,(anonymous_49)
FN:512,(anonymous_50)
FNF:47
FNH:0
FNDA:0,(anonymous_4)
FNDA:0,TaskExecutor
FNDA:0,(anonymous_6)
FNDA:0,(anonymous_7)
FNDA:0,(anonymous_8)
FNDA:0,(anonymous_9)
FNDA:0,(anonymous_10)
FNDA:0,(anonymous_11)
FNDA:0,(anonymous_12)
FNDA:0,(anonymous_13)
FNDA:0,(anonymous_14)
FNDA:0,(anonymous_15)
FNDA:0,(anonymous_16)
FNDA:0,(anonymous_17)
FNDA:0,(anonymous_18)
FNDA:0,(anonymous_19)
FNDA:0,(anonymous_20)
FNDA:0,(anonymous_21)
FNDA:0,(anonymous_22)
FNDA:0,(anonymous_23)
FNDA:0,(anonymous_24)
FNDA:0,(anonymous_25)
FNDA:0,(anonymous_26)
FNDA:0,(anonymous_27)
FNDA:0,(anonymous_28)
FNDA:0,(anonymous_29)
FNDA:0,(anonymous_30)
FNDA:0,(anonymous_31)
FNDA:0,(anonymous_32)
FNDA:0,(anonymous_33)
FNDA:0,(anonymous_34)
FNDA:0,(anonymous_35)
FNDA:0,(anonymous_36)
FNDA:0,(anonymous_37)
FNDA:0,(anonymous_38)
FNDA:0,(anonymous_39)
FNDA:0,(anonymous_40)
FNDA:0,(anonymous_41)
FNDA:0,(anonymous_42)
FNDA:0,(anonymous_43)
FNDA:0,(anonymous_44)
FNDA:0,(anonymous_45)
FNDA:0,(anonymous_46)
FNDA:0,(anonymous_47)
FNDA:0,(anonymous_48)
FNDA:0,(anonymous_49)
FNDA:0,(anonymous_50)
DA:3,0
DA:4,0
DA:5,0
DA:6,0
DA:7,0
DA:8,0
DA:9,0
DA:10,0
DA:11,0
DA:12,0
DA:15,0
DA:16,0
DA:18,0
DA:20,0
DA:22,0
DA:24,0
DA:69,0
DA:70,0
DA:71,0
DA:72,0
DA:73,0
DA:74,0
DA:75,0
DA:76,0
DA:77,0
DA:79,0
DA:80,0
DA:81,0
DA:82,0
DA:83,0
DA:84,0
DA:85,0
DA:87,0
DA:88,0
DA:90,0
DA:91,0
DA:93,0
DA:97,0
DA:98,0
DA:102,0
DA:103,0
DA:105,0
DA:106,0
DA:107,0
DA:108,0
DA:109,0
DA:113,0
DA:114,0
DA:115,0
DA:120,0
DA:121,0
DA:123,0
DA:124,0
DA:126,0
DA:130,0
DA:131,0
DA:132,0
DA:134,0
DA:135,0
DA:141,0
DA:142,0
DA:145,0
DA:146,0
DA:147,0
DA:148,0
DA:150,0
DA:151,0
DA:152,0
DA:153,0
DA:155,0
DA:157,0
DA:161,0
DA:162,0
DA:163,0
DA:177,0
DA:178,0
DA:180,0
DA:182,0
DA:188,0
DA:189,0
DA:190,0
DA:192,0
DA:194,0
DA:195,0
DA:205,0
DA:206,0
DA:207,0
DA:210,0
DA:212,0
DA:222,0
DA:223,0
DA:232,0
DA:235,0
DA:236,0
DA:237,0
DA:239,0
DA:240,0
DA:249,0
DA:250,0
DA:251,0
DA:254,0
DA:255,0
DA:256,0
DA:260,0
DA:263,0
DA:267,0
DA:268,0
DA:269,0
DA:270,0
DA:273,0
DA:274,0
DA:275,0
DA:276,0
DA:277,0
DA:282,0
DA:283,0
DA:301,0
DA:312,0
DA:329,0
DA:335,0
DA:360,0
DA:369,0
DA:380,0
DA:395,0
DA:399,0
DA:400,0
DA:401,0
DA:402,0
DA:404,0
DA:411,0
DA:443,0
DA:456,0
DA:460,0
DA:480,0
DA:481,0
DA:482,0
DA:483,0
DA:485,0
DA:486,0
DA:487,0
DA:488,0
DA:489,0
DA:490,0
DA:491,0
DA:492,0
DA:512,0
LF:146
LH:0
BRDA:16,0,0,0
BRDA:16,0,1,0
BRDA:16,0,2,0
BRDA:16,0,3,0
BRDA:84,1,0,0
BRDA:91,2,0,0
BRDA:91,2,1,0
BRDA:107,3,0,0
BRDA:107,3,1,0
BRDA:108,4,0,0
BRDA:108,4,1,0
BRDA:109,5,0,0
BRDA:109,5,1,0
BRDA:120,6,0,0
BRDA:132,7,0,0
BRDA:141,8,0,0
BRDA:177,9,0,0
BRDA:190,10,0,0
BRDA:205,11,0,0
BRDA:207,12,0,0
BRDA:207,12,1,0
BRDA:228,13,0,0
BRDA:228,13,1,0
BRDA:237,14,0,0
BRDA:249,15,0,0
BRDA:251,16,0,0
BRDA:251,16,1,0
BRDA:256,17,0,0
BRDA:256,17,1,0
BRDA:268,18,0,0
BRDA:269,19,0,0
BRDA:276,20,0,0
BRDA:320,21,0,0
BRDA:322,22,0,0
BRDA:346,23,0,0
BRDA:346,23,1,0
BRDA:357,24,0,0
BRDA:357,24,1,0
BRDA:372,25,0,0
BRDA:372,25,1,0
BRDA:389,26,0,0
BRDA:394,27,0,0
BRDA:394,27,1,0
BRDA:411,28,0,0
BRDA:411,28,1,0
BRDA:416,29,0,0
BRDA:417,30,0,0
BRDA:419,31,0,0
BRDA:419,31,1,0
BRDA:432,32,0,0
BRDA:435,33,0,0
BRDA:438,34,0,0
BRDA:438,34,1,0
BRDA:445,35,0,0
BRDA:456,36,0,0
BRDA:456,36,1,0
BRDA:457,37,0,0
BRDA:457,37,1,0
BRDA:457,38,0,0
BRDA:457,38,1,0
BRDA:459,39,0,0
BRDA:470,40,0,0
BRDA:470,40,1,0
BRDA:487,41,0,0
BRDA:518,42,0,0
BRDA:518,42,1,0
BRF:66
BRH:0
end_of_record
TN:
SF:components/inline-task-editor.tsx
FN:41,InlineTaskEditor
FN:64,(anonymous_5)
FN:71,(anonymous_6)
FN:72,(anonymous_7)
FN:92,(anonymous_8)
FN:96,(anonymous_9)
FN:97,(anonymous_10)
FN:100,(anonymous_11)
FN:103,(anonymous_12)
FN:108,(anonymous_13)
FN:109,(anonymous_14)
FN:110,(anonymous_15)
FN:113,(anonymous_16)
FN:125,(anonymous_17)
FN:136,(anonymous_18)
FN:137,(anonymous_19)
FN:148,(anonymous_20)
FN:163,(anonymous_21)
FN:194,(anonymous_22)
FN:207,(anonymous_23)
FN:221,(anonymous_24)
FN:228,(anonymous_25)
FN:243,(anonymous_26)
FN:255,(anonymous_27)
FN:269,(anonymous_28)
FN:272,(anonymous_29)
FN:290,(anonymous_30)
FN:295,(anonymous_31)
FN:311,(anonymous_32)
FN:354,(anonymous_33)
FNF:30
FNH:0
FNDA:0,InlineTaskEditor
FNDA:0,(anonymous_5)
FNDA:0,(anonymous_6)
FNDA:0,(anonymous_7)
FNDA:0,(anonymous_8)
FNDA:0,(anonymous_9)
FNDA:0,(anonymous_10)
FNDA:0,(anonymous_11)
FNDA:0,(anonymous_12)
FNDA:0,(anonymous_13)
FNDA:0,(anonymous_14)
FNDA:0,(anonymous_15)
FNDA:0,(anonymous_16)
FNDA:0,(anonymous_17)
FNDA:0,(anonymous_18)
FNDA:0,(anonymous_19)
FNDA:0,(anonymous_20)
FNDA:0,(anonymous_21)
FNDA:0,(anonymous_22)
FNDA:0,(anonymous_23)
FNDA:0,(anonymous_24)
FNDA:0,(anonymous_25)
FNDA:0,(anonymous_26)
FNDA:0,(anonymous_27)
FNDA:0,(anonymous_28)
FNDA:0,(anonymous_29)
FNDA:0,(anonymous_30)
FNDA:0,(anonymous_31)
FNDA:0,(anonymous_32)
FNDA:0,(anonymous_33)
DA:3,0
DA:4,0
DA:5,0
DA:6,0
DA:7,0
DA:8,0
DA:9,0
DA:10,0
DA:11,0
DA:34,0
DA:41,0
DA:50,0
DA:59,0
DA:60,0
DA:61,0
DA:64,0
DA:65,0
DA:66,0
DA:71,0
DA:72,0
DA:73,0
DA:74,0
DA:76,0
DA:77,0
DA:78,0
DA:80,0
DA:81,0
DA:82,0
DA:85,0
DA:86,0
DA:90,0
DA:91,0
DA:92,0
DA:96,0
DA:97,0
DA:100,0
DA:101,0
DA:102,0
DA:103,0
DA:104,0
DA:108,0
DA:109,0
DA:110,0
DA:113,0
DA:114,0
DA:115,0
DA:118,0
DA:119,0
DA:125,0
DA:126,0
DA:127,0
DA:128,0
DA:129,0
DA:136,0
DA:137,0
DA:140,0
DA:148,0
DA:164,0
DA:194,0
DA:207,0
DA:221,0
DA:229,0
DA:243,0
DA:255,0
DA:269,0
DA:273,0
DA:274,0
DA:275,0
DA:291,0
DA:295,0
DA:311,0
DA:354,0
LF:72
LH:0
BRDA:47,0,0,0
BRDA:48,1,0,0
BRDA:51,2,0,0
BRDA:51,2,1,0
BRDA:52,3,0,0
BRDA:52,3,1,0
BRDA:53,4,0,0
BRDA:53,4,1,0
BRDA:54,5,0,0
BRDA:54,5,1,0
BRDA:55,6,0,0
BRDA:55,6,1,0
BRDA:56,7,0,0
BRDA:56,7,1,0
BRDA:65,8,0,0
BRDA:65,9,0,0
BRDA:65,9,1,0
BRDA:65,9,2,0
BRDA:73,10,0,0
BRDA:73,11,0,0
BRDA:73,11,1,0
BRDA:74,12,0,0
BRDA:74,12,1,0
BRDA:85,13,0,0
BRDA:90,14,0,0
BRDA:90,15,0,0
BRDA:90,15,1,0
BRDA:101,16,0,0
BRDA:101,17,0,0
BRDA:101,17,1,0
BRDA:102,18,0,0
BRDA:102,18,1,0
BRDA:109,19,0,0
BRDA:109,19,1,0
BRDA:114,20,0,0
BRDA:126,21,0,0
BRDA:126,22,0,0
BRDA:126,22,1,0
BRDA:137,23,0,0
BRDA:137,23,1,0
BRDA:140,24,0,0
BRDA:140,25,0,0
BRDA:140,25,1,0
BRDA:152,26,0,0
BRDA:161,27,0,0
BRDA:179,28,0,0
BRDA:273,29,0,0
BRDA:281,30,0,0
BRDA:281,30,1,0
BRDA:288,31,0,0
BRDA:288,31,1,0
BRDA:309,32,0,0
BRDA:309,32,1,0
BRDA:332,33,0,0
BRDA:332,33,1,0
BRDA:336,34,0,0
BRDA:336,34,1,0
BRDA:365,35,0,0
BRDA:365,35,1,0
BRF:59
BRH:0
end_of_record
TN:
SF:components/task-mutation-controls.tsx
FN:37,TaskMutationControls
FN:49,(anonymous_7)
FN:50,(anonymous_8)
FN:80,(anonymous_9)
FN:92,(anonymous_10)
FN:107,(anonymous_11)
FN:148,(anonymous_12)
FN:164,(anonymous_13)
FN:204,(anonymous_14)
FN:218,(anonymous_15)
FN:244,TaskCard
FN:251,(anonymous_17)
FN:277,(anonymous_18)
FNF:13
FNH:0
FNDA:0,TaskMutationControls
FNDA:0,(anonymous_7)
FNDA:0,(anonymous_8)
FNDA:0,(anonymous_9)
FNDA:0,(anonymous_10)
FNDA:0,(anonymous_11)
FNDA:0,(anonymous_12)
FNDA:0,(anonymous_13)
FNDA:0,(anonymous_14)
FNDA:0,(anonymous_15)
FNDA:0,TaskCard
FNDA:0,(anonymous_17)
FNDA:0,(anonymous_18)
DA:3,0
DA:4,0
DA:5,0
DA:6,0
DA:30,0
DA:37,0
DA:49,0
DA:50,0
DA:52,0
DA:53,0
DA:56,0
DA:57,0
DA:59,0
DA:60,0
DA:61,0
DA:63,0
DA:65,0
DA:66,0
DA:67,0
DA:69,0
DA:73,0
DA:74,0
DA:75,0
DA:79,0
DA:80,0
DA:83,0
DA:84,0
DA:86,0
DA:93,0
DA:94,0
DA:108,0
DA:109,0
DA:125,0
DA:148,0
DA:164,0
DA:204,0
DA:218,0
DA:244,0
DA:251,0
DA:252,0
DA:278,0
LF:41
LH:0
BRDA:39,0,0,0
BRDA:43,1,0,0
BRDA:44,2,0,0
BRDA:45,3,0,0
BRDA:52,4,0,0
BRDA:52,5,0,0
BRDA:52,5,1,0
BRDA:56,6,0,0
BRDA:56,7,0,0
BRDA:56,7,1,0
BRDA:57,8,0,0
BRDA:57,8,1,0
BRDA:60,9,0,0
BRDA:60,10,0,0
BRDA:60,10,1,0
BRDA:60,10,2,0
BRDA:66,11,0,0
BRDA:66,12,0,0
BRDA:66,12,1,0
BRDA:66,12,2,0
BRDA:73,13,0,0
BRDA:73,14,0,0
BRDA:73,14,1,0
BRDA:73,14,2,0
BRDA:73,14,3,0
BRDA:83,15,0,0
BRDA:83,15,1,0
BRDA:84,16,0,0
BRDA:84,16,1,0
BRDA:86,17,0,0
BRDA:86,18,0,0
BRDA:86,18,1,0
BRDA:90,19,0,0
BRDA:105,20,0,0
BRDA:125,21,0,0
BRDA:128,22,0,0
BRDA:128,22,1,0
BRDA:144,23,0,0
BRDA:146,24,0,0
BRDA:162,25,0,0
BRDA:186,26,0,0
BRDA:186,26,1,0
BRDA:196,27,0,0
BRDA:196,27,1,0
BRDA:200,28,0,0
BRDA:202,29,0,0
BRDA:212,30,0,0
BRDA:212,30,1,0
BRDA:216,31,0,0
BRDA:226,32,0,0
BRDA:226,32,1,0
BRDA:248,33,0,0
BRDA:249,34,0,0
BRDA:252,35,0,0
BRDA:252,35,1,0
BRDA:266,36,0,0
BRDA:275,37,0,0
BRDA:287,38,0,0
BRDA:287,38,1,0
BRDA:287,38,2,0
BRF:60
BRH:0
end_of_record
TN:
SF:components/chat/ChatPane.tsx
FN:27,(anonymous_4)
FN:37,(anonymous_5)
FN:51,(anonymous_6)
FN:69,ChatPane
FN:78,(anonymous_8)
FN:84,(anonymous_9)
FN:95,(anonymous_10)
FN:99,(anonymous_11)
FN:106,(anonymous_12)
FN:114,(anonymous_13)
FN:114,(anonymous_14)
FN:121,(anonymous_15)
FN:121,(anonymous_16)
FN:129,(anonymous_17)
FN:136,(anonymous_18)
FN:157,(anonymous_19)
FN:178,(anonymous_20)
FN:187,(anonymous_21)
FN:210,(anonymous_22)
FNF:19
FNH:0
FNDA:0,(anonymous_4)
FNDA:0,(anonymous_5)
FNDA:0,(anonymous_6)
FNDA:0,ChatPane
FNDA:0,(anonymous_8)
FNDA:0,(anonymous_9)
FNDA:0,(anonymous_10)
FNDA:0,(anonymous_11)
FNDA:0,(anonymous_12)
FNDA:0,(anonymous_13)
FNDA:0,(anonymous_14)
FNDA:0,(anonymous_15)
FNDA:0,(anonymous_16)
FNDA:0,(anonymous_17)
FNDA:0,(anonymous_18)
FNDA:0,(anonymous_19)
FNDA:0,(anonymous_20)
FNDA:0,(anonymous_21)
FNDA:0,(anonymous_22)
DA:3,0
DA:4,0
DA:5,0
DA:6,0
DA:7,0
DA:8,0
DA:9,0
DA:26,0
DA:28,0
DA:33,0
DA:34,0
DA:35,0
DA:38,0
DA:48,0
DA:49,0
DA:52,0
DA:63,0
DA:64,0
DA:69,0
DA:70,0
DA:71,0
DA:72,0
DA:73,0
DA:74,0
DA:76,0
DA:78,0
DA:79,0
DA:80,0
DA:81,0
DA:83,0
DA:84,0
DA:85,0
DA:87,0
DA:89,0
DA:91,0
DA:95,0
DA:96,0
DA:99,0
DA:101,0
DA:102,0
DA:106,0
DA:107,0
DA:108,0
DA:110,0
DA:111,0
DA:113,0
DA:114,0
DA:115,0
DA:118,0
DA:119,0
DA:121,0
DA:122,0
DA:124,0
DA:129,0
DA:130,0
DA:131,0
DA:133,0
DA:134,0
DA:136,0
DA:138,0
DA:158,0
DA:178,0
DA:187,0
DA:210,0
LF:64
LH:0
BRDA:31,0,0,0
BRDA:31,0,1,0
BRDA:34,1,0,0
BRDA:45,2,0,0
BRDA:45,2,1,0
BRDA:48,3,0,0
BRDA:60,4,0,0
BRDA:60,4,1,0
BRDA:63,5,0,0
BRDA:76,6,0,0
BRDA:76,6,1,0
BRDA:83,7,0,0
BRDA:83,7,1,0
BRDA:89,8,0,0
BRDA:89,8,1,0
BRDA:101,9,0,0
BRDA:108,10,0,0
BRDA:121,11,0,0
BRDA:121,11,1,0
BRDA:133,12,0,0
BRDA:133,12,1,0
BRDA:150,13,0,0
BRDA:151,14,0,0
BRDA:152,15,0,0
BRDA:152,15,1,0
BRDA:156,16,0,0
BRDA:156,16,1,0
BRDA:158,17,0,0
BRDA:158,17,1,0
BRDA:159,18,0,0
BRDA:165,19,0,0
BRDA:165,19,1,0
BRDA:173,20,0,0
BRDA:196,21,0,0
BRF:34
BRH:0
end_of_record
TN:
SF:components/ui/accordion.tsx
FNF:0
FNH:0
DA:3,0
DA:4,0
DA:5,0
DA:7,0
DA:9,0
DA:21,0
DA:41,0
DA:56,0
DA:58,0
LF:9
LH:0
BRF:0
BRH:0
end_of_record
TN:
SF:components/ui/alert.tsx
FNF:0
FNH:0
DA:1,0
DA:2,0
DA:4,0
DA:6,0
DA:33,0
DA:45,0
DA:57,0
DA:59,0
LF:8
LH:0
BRF:0
BRH:0
end_of_record
TN:
SF:components/ui/avatar.tsx
FNF:0
FNH:0
DA:3,0
DA:4,0
DA:6,0
DA:21,0
DA:33,0
DA:48,0
DA:50,0
LF:7
LH:0
BRF:0
BRH:0
end_of_record
TN:
SF:components/ui/badge.tsx
FN:30,Badge
FNF:1
FNH:0
FNDA:0,Badge
DA:1,0
DA:2,0
DA:4,0
DA:6,0
DA:36,0
LF:5
LH:0
BRF:0
BRH:0
end_of_record
TN:
SF:components/ui/button.tsx
FN:43,(anonymous_6)
FNF:1
FNH:0
FNDA:0,(anonymous_6)
DA:1,0
DA:2,0
DA:3,0
DA:5,0
DA:7,0
DA:42,0
DA:44,0
DA:54,0
DA:56,0
LF:9
LH:0
BRDA:43,0,0,0
BRDA:44,1,0,0
BRDA:44,1,1,0
BRF:3
BRH:0
end_of_record
TN:
SF:components/ui/card.tsx
FNF:0
FNH:0
DA:1,0
DA:3,0
DA:15,0
DA:27,0
DA:39,0
DA:51,0
DA:59,0
DA:71,0
DA:73,0
LF:9
LH:0
BRF:0
BRH:0
end_of_record
TN:
SF:components/ui/checkbox.tsx
FNF:0
FNH:0
DA:3,0
DA:4,0
DA:5,0
DA:7,0
DA:28,0
DA:30,0
LF:6
LH:0
BRF:0
BRH:0
end_of_record
TN:
SF:components/ui/collapsible.tsx
FNF:0
FNH:0
DA:3,0
DA:4,0
DA:6,0
DA:8,0
DA:10,0
DA:12,0
LF:6
LH:0
BRF:0
BRH:0
end_of_record
TN:
SF:components/ui/command.tsx
FN:26,(anonymous_14)
FN:127,(anonymous_21)
FNF:2
FNH:0
FNDA:0,(anonymous_14)
FNDA:0,(anonymous_21)
DA:3,0
DA:5,0
DA:6,0
DA:8,0
DA:9,0
DA:24,0
DA:26,0
DA:55,0
DA:68,0
DA:81,0
DA:97,0
DA:109,0
DA:125,0
DA:127,0
DA:141,0
DA:144,0
DA:145,0
DA:146,0
DA:147,0
DA:148,0
DA:149,0
DA:150,0
DA:151,0
DA:152,0
LF:24
LH:0
BRF:0
BRH:0
end_of_record
TN:
SF:components/ui/dialog.tsx
FNF:0
FNH:0
DA:3,0
DA:4,0
DA:5,0
DA:7,0
DA:9,0
DA:11,0
DA:13,0
DA:15,0
DA:30,0
DA:54,0
DA:68,0
DA:82,0
DA:97,0
DA:109,0
DA:112,0
DA:113,0
DA:114,0
DA:115,0
DA:116,0
DA:117,0
DA:118,0
DA:119,0
DA:120,0
DA:121,0
LF:24
LH:0
BRF:0
BRH:0
end_of_record
TN:
SF:components/ui/drawer.tsx
FNF:0
FNH:0
DA:3,0
DA:4,0
DA:6,0
DA:17,0
DA:19,0
DA:21,0
DA:23,0
DA:35,0
DA:56,0
DA:67,0
DA:78,0
DA:93,0
DA:105,0
DA:108,0
DA:109,0
DA:110,0
DA:111,0
DA:112,0
DA:113,0
DA:114,0
DA:115,0
DA:116,0
DA:117,0
LF:23
LH:0
BRDA:9,0,0,0
BRF:1
BRH:0
end_of_record
TN:
SF:components/ui/header.tsx
FN:7,Header
FN:22,(anonymous_3)
FNF:2
FNH:0
FNDA:0,Header
FNDA:0,(anonymous_3)
DA:3,0
DA:4,0
DA:5,0
DA:7,0
DA:8,0
DA:10,0
DA:23,0
LF:7
LH:0
BRDA:28,0,0,0
BRDA:28,0,1,0
BRF:2
BRH:0
end_of_record
TN:
SF:components/ui/input.tsx
FN:6,(anonymous_4)
FNF:1
FNH:0
FNDA:0,(anonymous_4)
DA:1,0
DA:3,0
DA:5,0
DA:20,0
DA:22,0
LF:5
LH:0
BRF:0
BRH:0
end_of_record
TN:
SF:components/ui/scroll-area.tsx
FNF:0
FNH:0
DA:3,0
DA:4,0
DA:6,0
DA:24,0
DA:46,0
DA:48,0
LF:6
LH:0
BRDA:29,0,0,0
BRDA:35,1,0,0
BRDA:35,1,1,0
BRDA:37,2,0,0
BRDA:37,2,1,0
BRF:5
BRH:0
end_of_record
TN:
SF:components/ui/select.tsx
FNF:0
FNH:0
DA:3,0
DA:4,0
DA:5,0
DA:7,0
DA:9,0
DA:11,0
DA:13,0
DA:33,0
DA:50,0
DA:67,0
DA:100,0
DA:112,0
DA:135,0
DA:147,0
DA:150,0
DA:151,0
DA:152,0
DA:153,0
DA:154,0
DA:155,0
DA:156,0
DA:157,0
DA:158,0
DA:159,0
LF:24
LH:0
BRDA:73,0,0,0
BRDA:79,1,0,0
BRDA:79,1,1,0
BRDA:90,2,0,0
BRDA:90,2,1,0
BRF:5
BRH:0
end_of_record
TN:
SF:components/ui/textarea.tsx
FN:8,(anonymous_4)
FNF:1
FNH:0
FNDA:0,(anonymous_4)
DA:1,0
DA:3,0
DA:5,0
DA:20,0
DA:22,0
LF:5
LH:0
BRF:0
BRH:0
end_of_record
TN:
SF:lib/interaction-logger.ts
FN:31,generateInteractionUuid
FN:38,formatTimestampForFilename
FN:49,generateInteractionFilename
FN:58,createInteractionContent
FN:81,deriveContextAndTags
FN:125,logInteraction
FN:177,logChatInteraction
FN:200,logTaskInteraction
FN:222,logMemoryExecutionInteraction
FN:245,logUIInteraction
FNF:10
FNH:0
FNDA:0,generateInteractionUuid
FNDA:0,formatTimestampForFilename
FNDA:0,generateInteractionFilename
FNDA:0,createInteractionContent
FNDA:0,deriveContextAndTags
FNDA:0,logInteraction
FNDA:0,logChatInteraction
FNDA:0,logTaskInteraction
FNDA:0,logMemoryExecutionInteraction
FNDA:0,logUIInteraction
DA:1,0
DA:2,0
DA:3,0
DA:23,0
DA:24,0
DA:32,0
DA:39,0
DA:50,0
DA:51,0
DA:52,0
DA:59,0
DA:86,0
DA:88,0
DA:89,0
DA:92,0
DA:93,0
DA:94,0
DA:95,0
DA:96,0
DA:97,0
DA:98,0
DA:99,0
DA:100,0
DA:101,0
DA:102,0
DA:107,0
DA:110,0
DA:111,0
DA:115,0
DA:117,0
DA:125,0
DA:133,0
DA:135,0
DA:138,0
DA:139,0
DA:140,0
DA:143,0
DA:146,0
DA:156,0
DA:157,0
DA:158,0
DA:161,0
DA:163,0
DA:164,0
DA:167,0
DA:168,0
DA:177,0
DA:184,0
DA:185,0
DA:187,0
DA:200,0
DA:207,0
DA:209,0
DA:222,0
DA:229,0
DA:230,0
DA:232,0
DA:245,0
DA:251,0
DA:253,0
LF:60
LH:0
BRDA:51,0,0,0
BRDA:51,0,1,0
BRDA:88,1,0,0
BRDA:88,1,1,0
BRDA:92,2,0,0
BRDA:94,3,0,0
BRDA:94,3,1,0
BRDA:94,4,0,0
BRDA:94,4,1,0
BRDA:97,5,0,0
BRDA:97,5,1,0
BRDA:97,6,0,0
BRDA:97,6,1,0
BRDA:100,7,0,0
BRDA:100,8,0,0
BRDA:100,8,1,0
BRDA:110,9,0,0
BRDA:131,10,0,0
BRDA:184,11,0,0
BRDA:184,11,1,0
BRDA:185,12,0,0
BRDA:185,12,1,0
BRDA:207,13,0,0
BRDA:207,13,1,0
BRDA:229,14,0,0
BRDA:229,14,1,0
BRDA:229,15,0,0
BRDA:229,15,1,0
BRDA:230,16,0,0
BRDA:230,16,1,0
BRF:30
BRH:0
end_of_record
TN:
SF:lib/path-utils.ts
FN:7,findProjectRoot
FN:57,getProjectPath
FN:61,getRuntimePath
FNF:3
FNH:0
FNDA:0,findProjectRoot
FNDA:0,getProjectPath
FNDA:0,getRuntimePath
DA:1,0
DA:8,0
DA:11,0
DA:13,0
DA:14,0
DA:15,0
DA:16,0
DA:17,0
DA:23,0
DA:24,0
DA:25,0
DA:26,0
DA:27,0
DA:28,0
DA:29,0
DA:35,0
DA:39,0
DA:40,0
DA:44,0
DA:46,0
DA:57,0
DA:58,0
DA:61,0
DA:62,0
LF:24
LH:0
BRDA:28,0,0,0
BRF:1
BRH:0
end_of_record
TN:
SF:lib/plan-parser.ts
FN:21,(anonymous_4)
FN:83,(anonymous_5)
FN:84,(anonymous_6)
FN:85,(anonymous_7)
FN:87,(anonymous_8)
FNF:5
FNH:0
FNDA:0,(anonymous_4)
FNDA:0,(anonymous_5)
FNDA:0,(anonymous_6)
FNDA:0,(anonymous_7)
FNDA:0,(anonymous_8)
DA:1,0
DA:16,0
DA:21,0
DA:22,0
DA:23,0
DA:25,0
DA:27,0
DA:28,0
DA:29,0
DA:31,0
DA:32,0
DA:33,0
DA:34,0
DA:37,0
DA:39,0
DA:40,0
DA:41,0
DA:43,0
DA:53,0
DA:54,0
DA:55,0
DA:56,0
DA:57,0
DA:60,0
DA:61,0
DA:62,0
DA:63,0
DA:64,0
DA:65,0
DA:67,0
DA:69,0
DA:72,0
DA:73,0
DA:76,0
DA:77,0
DA:80,0
DA:83,0
DA:84,0
DA:85,0
DA:87,0
DA:88,0
DA:89,0
DA:90,0
DA:91,0
DA:92,0
DA:93,0
DA:95,0
DA:96,0
DA:98,0
DA:99,0
DA:101,0
DA:104,0
DA:105,0
DA:107,0
DA:109,0
DA:110,0
DA:112,0
DA:114,0
DA:115,0
DA:117,0
LF:60
LH:0
BRDA:32,0,0,0
BRDA:37,1,0,0
BRDA:40,2,0,0
BRDA:45,3,0,0
BRDA:45,3,1,0
BRDA:56,4,0,0
BRDA:56,5,0,0
BRDA:56,5,1,0
BRDA:56,5,2,0
BRDA:61,6,0,0
BRDA:61,6,1,0
BRDA:65,7,0,0
BRDA:72,8,0,0
BRDA:84,9,0,0
BRDA:84,9,1,0
BRDA:85,10,0,0
BRDA:85,10,1,0
BRDA:88,11,0,0
BRDA:88,11,1,0
BRDA:92,12,0,0
BRDA:95,13,0,0
BRDA:98,14,0,0
BRDA:105,15,0,0
BRDA:105,15,1,0
BRF:24
BRH:0
end_of_record
TN:
SF:lib/schema-validation.ts
FN:37,validateMarkdownSchema
FN:92,validateLoopSchema
FN:111,validatePhaseSchema
FN:130,formatValidationError
FN:139,(anonymous_12)
FN:143,(anonymous_13)
FN:155,useSchemaValidation
FNF:7
FNH:0
FNDA:0,validateMarkdownSchema
FNDA:0,validateLoopSchema
FNDA:0,validatePhaseSchema
FNDA:0,formatValidationError
FNDA:0,(anonymous_12)
FNDA:0,(anonymous_13)
FNDA:0,useSchemaValidation
DA:17,0
DA:26,0
DA:37,0
DA:44,0
DA:46,0
DA:47,0
DA:48,0
DA:49,0
DA:52,0
DA:53,0
DA:54,0
DA:55,0
DA:56,0
DA:58,0
DA:59,0
DA:60,0
DA:61,0
DA:62,0
DA:63,0
DA:67,0
DA:69,0
DA:70,0
DA:78,0
DA:92,0
DA:93,0
DA:98,0
DA:99,0
DA:102,0
DA:111,0
DA:112,0
DA:117,0
DA:118,0
DA:121,0
DA:130,0
DA:134,0
DA:136,0
DA:138,0
DA:139,0
DA:142,0
DA:143,0
DA:146,0
DA:155,0
DA:160,0
DA:163,0
LF:44
LH:0
BRDA:39,0,0,0
BRDA:42,1,0,0
BRDA:43,2,0,0
BRDA:55,3,0,0
BRDA:55,3,1,0
BRDA:58,4,0,0
BRDA:58,4,1,0
BRDA:61,5,0,0
BRDA:69,6,0,0
BRDA:69,7,0,0
BRDA:69,7,1,0
BRDA:98,8,0,0
BRDA:98,9,0,0
BRDA:98,9,1,0
BRDA:117,10,0,0
BRDA:117,11,0,0
BRDA:117,11,1,0
BRDA:132,12,0,0
BRDA:134,13,0,0
BRDA:138,14,0,0
BRDA:142,15,0,0
BRDA:157,16,0,0
BRF:22
BRH:0
end_of_record
TN:
SF:lib/utils.ts
FN:4,cn
FNF:1
FNH:0
FNDA:0,cn
DA:1,0
DA:2,0
DA:4,0
DA:5,0
LF:4
LH:0
BRF:0
BRH:0
end_of_record
TN:
SF:lib/yaml-engine.ts
FN:4,(anonymous_4)
FN:5,(anonymous_5)
FNF:2
FNH:0
FNDA:0,(anonymous_4)
FNDA:0,(anonymous_5)
DA:1,0
DA:3,0
DA:4,0
DA:5,0
DA:8,0
LF:5
LH:0
BRF:0
BRH:0
end_of_record
